-------------------------------------------------------------------------------
Test set: com.davon.library.resource.UserResourceTest
-------------------------------------------------------------------------------
Tests run: 12, Failures: 0, Errors: 12, Skipped: 0, Time elapsed: 0.011 s <<< FAILURE! -- in com.davon.library.resource.UserResourceTest
com.davon.library.resource.UserResourceTest.testUpdateUserNotFound -- Time elapsed: 0.001 s <<< ERROR!
org.hibernate.exception.ConstraintViolationException: 
JDBC exception executing SQL [delete from users] [Referential integrity constraint violation: "FK410Q61IEV7KLNCMPQFUO85IVH: PUBLIC.PROFILES FOREIGN KEY(USER_ID) REFERENCES PUBLIC.USERS(USER_ID) (CAST(186 AS BIGINT))"; SQL statement:
delete from users [23503-224]] [n/a]
	at org.hibernate.exception.internal.SQLExceptionTypeDelegate.convert(SQLExceptionTypeDelegate.java:60)
	at org.hibernate.exception.internal.StandardSQLExceptionConverter.convert(StandardSQLExceptionConverter.java:56)
	at org.hibernate.engine.jdbc.spi.SqlExceptionHelper.convert(SqlExceptionHelper.java:108)
	at org.hibernate.engine.jdbc.spi.SqlExceptionHelper.convert(SqlExceptionHelper.java:94)
	at org.hibernate.sql.exec.internal.StandardJdbcMutationExecutor.execute(StandardJdbcMutationExecutor.java:96)
	at org.hibernate.query.sqm.mutation.internal.temptable.RestrictedDeleteExecutionDelegate.executeSqlDelete(RestrictedDeleteExecutionDelegate.java:460)
	at org.hibernate.query.sqm.mutation.internal.temptable.RestrictedDeleteExecutionDelegate.deleteFromRootTableWithoutIdTable(RestrictedDeleteExecutionDelegate.java:368)
	at org.hibernate.query.sqm.mutation.internal.temptable.RestrictedDeleteExecutionDelegate.executeWithoutIdTable(RestrictedDeleteExecutionDelegate.java:354)
	at org.hibernate.query.sqm.mutation.internal.temptable.RestrictedDeleteExecutionDelegate.execute(RestrictedDeleteExecutionDelegate.java:196)
	at org.hibernate.query.sqm.mutation.internal.temptable.TableBasedDeleteHandler.execute(TableBasedDeleteHandler.java:64)
	at org.hibernate.query.sqm.mutation.internal.temptable.LocalTemporaryTableMutationStrategy.executeDelete(LocalTemporaryTableMutationStrategy.java:65)
	at org.hibernate.query.sqm.internal.MultiTableDeleteQueryPlan.executeUpdate(MultiTableDeleteQueryPlan.java:36)
	at org.hibernate.query.sqm.internal.QuerySqmImpl.doExecuteUpdate(QuerySqmImpl.java:735)
	at org.hibernate.query.sqm.internal.QuerySqmImpl.executeUpdate(QuerySqmImpl.java:705)
	at io.quarkus.hibernate.orm.panache.common.runtime.AbstractJpaOperations.deleteAll(AbstractJpaOperations.java:390)
	at com.davon.library.repository.UserRepository.deleteAll(UserRepository.java)
	at com.davon.library.repository.UserRepository_ClientProxy.deleteAll(Unknown Source)
	at com.davon.library.resource.UserResourceTest.setUp(UserResourceTest.java:30)
	at com.davon.library.resource.UserResourceTest_Subclass.setUp$$superforward(Unknown Source)
	at com.davon.library.resource.UserResourceTest_Subclass$$function$$1.apply(Unknown Source)
	at io.quarkus.arc.impl.AroundInvokeInvocationContext.proceed(AroundInvokeInvocationContext.java:73)
	at io.quarkus.arc.impl.AroundInvokeInvocationContext.proceed(AroundInvokeInvocationContext.java:62)
	at io.quarkus.narayana.jta.runtime.interceptor.TransactionalInterceptorBase.invokeInOurTx(TransactionalInterceptorBase.java:136)
	at io.quarkus.narayana.jta.runtime.interceptor.TransactionalInterceptorBase.invokeInOurTx(TransactionalInterceptorBase.java:107)
	at io.quarkus.narayana.jta.runtime.interceptor.TransactionalInterceptorRequired.doIntercept(TransactionalInterceptorRequired.java:38)
	at io.quarkus.narayana.jta.runtime.interceptor.TransactionalInterceptorBase.intercept(TransactionalInterceptorBase.java:61)
	at io.quarkus.narayana.jta.runtime.interceptor.TransactionalInterceptorRequired.intercept(TransactionalInterceptorRequired.java:32)
	at io.quarkus.narayana.jta.runtime.interceptor.TransactionalInterceptorRequired_Bean.intercept(Unknown Source)
	at io.quarkus.arc.impl.InterceptorInvocation.invoke(InterceptorInvocation.java:42)
	at io.quarkus.arc.impl.AroundInvokeInvocationContext.perform(AroundInvokeInvocationContext.java:30)
	at io.quarkus.arc.impl.InvocationContexts.performAroundInvoke(InvocationContexts.java:27)
	at com.davon.library.resource.UserResourceTest_Subclass.setUp(Unknown Source)
	at java.base/java.lang.reflect.Method.invoke(Method.java:580)
	at io.quarkus.test.junit.QuarkusTestExtension.runExtensionMethod(QuarkusTestExtension.java:1013)
	at io.quarkus.test.junit.QuarkusTestExtension.interceptBeforeEachMethod(QuarkusTestExtension.java:808)
	at java.base/java.util.ArrayList.forEach(ArrayList.java:1596)
	at java.base/java.util.ArrayList.forEach(ArrayList.java:1596)
Caused by: org.h2.jdbc.JdbcSQLIntegrityConstraintViolationException: Referential integrity constraint violation: "FK410Q61IEV7KLNCMPQFUO85IVH: PUBLIC.PROFILES FOREIGN KEY(USER_ID) REFERENCES PUBLIC.USERS(USER_ID) (CAST(186 AS BIGINT))"; SQL statement:
delete from users [23503-224]
	at org.h2.message.DbException.getJdbcSQLException(DbException.java:520)
	at org.h2.message.DbException.getJdbcSQLException(DbException.java:489)
	at org.h2.message.DbException.get(DbException.java:223)
	at org.h2.message.DbException.get(DbException.java:199)
	at org.h2.constraint.ConstraintReferential.checkRow(ConstraintReferential.java:365)
	at org.h2.constraint.ConstraintReferential.checkRowRefTable(ConstraintReferential.java:382)
	at org.h2.constraint.ConstraintReferential.checkRow(ConstraintReferential.java:256)
	at org.h2.table.Table.fireConstraints(Table.java:1200)
	at org.h2.table.Table.fireAfterRow(Table.java:1218)
	at org.h2.command.dml.Delete.update(Delete.java:92)
	at org.h2.command.dml.DataChangeStatement.update(DataChangeStatement.java:74)
	at org.h2.command.CommandContainer.update(CommandContainer.java:169)
	at org.h2.command.Command.executeUpdate(Command.java:256)
	at org.h2.jdbc.JdbcPreparedStatement.executeUpdateInternal(JdbcPreparedStatement.java:216)
	at org.h2.jdbc.JdbcPreparedStatement.executeUpdate(JdbcPreparedStatement.java:174)
	at io.agroal.pool.wrapper.PreparedStatementWrapper.executeUpdate(PreparedStatementWrapper.java:88)
	at org.hibernate.sql.exec.internal.StandardJdbcMutationExecutor.execute(StandardJdbcMutationExecutor.java:83)
	... 32 more

com.davon.library.resource.UserResourceTest.testGetUserByEmail -- Time elapsed: 0.002 s <<< ERROR!
org.hibernate.exception.ConstraintViolationException: 
JDBC exception executing SQL [delete from users] [Referential integrity constraint violation: "FK410Q61IEV7KLNCMPQFUO85IVH: PUBLIC.PROFILES FOREIGN KEY(USER_ID) REFERENCES PUBLIC.USERS(USER_ID) (CAST(186 AS BIGINT))"; SQL statement:
delete from users [23503-224]] [n/a]
	at org.hibernate.exception.internal.SQLExceptionTypeDelegate.convert(SQLExceptionTypeDelegate.java:60)
	at org.hibernate.exception.internal.StandardSQLExceptionConverter.convert(StandardSQLExceptionConverter.java:56)
	at org.hibernate.engine.jdbc.spi.SqlExceptionHelper.convert(SqlExceptionHelper.java:108)
	at org.hibernate.engine.jdbc.spi.SqlExceptionHelper.convert(SqlExceptionHelper.java:94)
	at org.hibernate.sql.exec.internal.StandardJdbcMutationExecutor.execute(StandardJdbcMutationExecutor.java:96)
	at org.hibernate.query.sqm.mutation.internal.temptable.RestrictedDeleteExecutionDelegate.executeSqlDelete(RestrictedDeleteExecutionDelegate.java:460)
	at org.hibernate.query.sqm.mutation.internal.temptable.RestrictedDeleteExecutionDelegate.deleteFromRootTableWithoutIdTable(RestrictedDeleteExecutionDelegate.java:368)
	at org.hibernate.query.sqm.mutation.internal.temptable.RestrictedDeleteExecutionDelegate.executeWithoutIdTable(RestrictedDeleteExecutionDelegate.java:354)
	at org.hibernate.query.sqm.mutation.internal.temptable.RestrictedDeleteExecutionDelegate.execute(RestrictedDeleteExecutionDelegate.java:196)
	at org.hibernate.query.sqm.mutation.internal.temptable.TableBasedDeleteHandler.execute(TableBasedDeleteHandler.java:64)
	at org.hibernate.query.sqm.mutation.internal.temptable.LocalTemporaryTableMutationStrategy.executeDelete(LocalTemporaryTableMutationStrategy.java:65)
	at org.hibernate.query.sqm.internal.MultiTableDeleteQueryPlan.executeUpdate(MultiTableDeleteQueryPlan.java:36)
	at org.hibernate.query.sqm.internal.QuerySqmImpl.doExecuteUpdate(QuerySqmImpl.java:735)
	at org.hibernate.query.sqm.internal.QuerySqmImpl.executeUpdate(QuerySqmImpl.java:705)
	at io.quarkus.hibernate.orm.panache.common.runtime.AbstractJpaOperations.deleteAll(AbstractJpaOperations.java:390)
	at com.davon.library.repository.UserRepository.deleteAll(UserRepository.java)
	at com.davon.library.repository.UserRepository_ClientProxy.deleteAll(Unknown Source)
	at com.davon.library.resource.UserResourceTest.setUp(UserResourceTest.java:30)
	at com.davon.library.resource.UserResourceTest_Subclass.setUp$$superforward(Unknown Source)
	at com.davon.library.resource.UserResourceTest_Subclass$$function$$1.apply(Unknown Source)
	at io.quarkus.arc.impl.AroundInvokeInvocationContext.proceed(AroundInvokeInvocationContext.java:73)
	at io.quarkus.arc.impl.AroundInvokeInvocationContext.proceed(AroundInvokeInvocationContext.java:62)
	at io.quarkus.narayana.jta.runtime.interceptor.TransactionalInterceptorBase.invokeInOurTx(TransactionalInterceptorBase.java:136)
	at io.quarkus.narayana.jta.runtime.interceptor.TransactionalInterceptorBase.invokeInOurTx(TransactionalInterceptorBase.java:107)
	at io.quarkus.narayana.jta.runtime.interceptor.TransactionalInterceptorRequired.doIntercept(TransactionalInterceptorRequired.java:38)
	at io.quarkus.narayana.jta.runtime.interceptor.TransactionalInterceptorBase.intercept(TransactionalInterceptorBase.java:61)
	at io.quarkus.narayana.jta.runtime.interceptor.TransactionalInterceptorRequired.intercept(TransactionalInterceptorRequired.java:32)
	at io.quarkus.narayana.jta.runtime.interceptor.TransactionalInterceptorRequired_Bean.intercept(Unknown Source)
	at io.quarkus.arc.impl.InterceptorInvocation.invoke(InterceptorInvocation.java:42)
	at io.quarkus.arc.impl.AroundInvokeInvocationContext.perform(AroundInvokeInvocationContext.java:30)
	at io.quarkus.arc.impl.InvocationContexts.performAroundInvoke(InvocationContexts.java:27)
	at com.davon.library.resource.UserResourceTest_Subclass.setUp(Unknown Source)
	at java.base/java.lang.reflect.Method.invoke(Method.java:580)
	at io.quarkus.test.junit.QuarkusTestExtension.runExtensionMethod(QuarkusTestExtension.java:1013)
	at io.quarkus.test.junit.QuarkusTestExtension.interceptBeforeEachMethod(QuarkusTestExtension.java:808)
	at java.base/java.util.ArrayList.forEach(ArrayList.java:1596)
	at java.base/java.util.ArrayList.forEach(ArrayList.java:1596)
Caused by: org.h2.jdbc.JdbcSQLIntegrityConstraintViolationException: Referential integrity constraint violation: "FK410Q61IEV7KLNCMPQFUO85IVH: PUBLIC.PROFILES FOREIGN KEY(USER_ID) REFERENCES PUBLIC.USERS(USER_ID) (CAST(186 AS BIGINT))"; SQL statement:
delete from users [23503-224]
	at org.h2.message.DbException.getJdbcSQLException(DbException.java:520)
	at org.h2.message.DbException.getJdbcSQLException(DbException.java:489)
	at org.h2.message.DbException.get(DbException.java:223)
	at org.h2.message.DbException.get(DbException.java:199)
	at org.h2.constraint.ConstraintReferential.checkRow(ConstraintReferential.java:365)
	at org.h2.constraint.ConstraintReferential.checkRowRefTable(ConstraintReferential.java:382)
	at org.h2.constraint.ConstraintReferential.checkRow(ConstraintReferential.java:256)
	at org.h2.table.Table.fireConstraints(Table.java:1200)
	at org.h2.table.Table.fireAfterRow(Table.java:1218)
	at org.h2.command.dml.Delete.update(Delete.java:92)
	at org.h2.command.dml.DataChangeStatement.update(DataChangeStatement.java:74)
	at org.h2.command.CommandContainer.update(CommandContainer.java:169)
	at org.h2.command.Command.executeUpdate(Command.java:256)
	at org.h2.jdbc.JdbcPreparedStatement.executeUpdateInternal(JdbcPreparedStatement.java:216)
	at org.h2.jdbc.JdbcPreparedStatement.executeUpdate(JdbcPreparedStatement.java:174)
	at io.agroal.pool.wrapper.PreparedStatementWrapper.executeUpdate(PreparedStatementWrapper.java:88)
	at org.hibernate.sql.exec.internal.StandardJdbcMutationExecutor.execute(StandardJdbcMutationExecutor.java:83)
	... 32 more

com.davon.library.resource.UserResourceTest.testGetAllUsers -- Time elapsed: 0.001 s <<< ERROR!
org.hibernate.exception.ConstraintViolationException: 
JDBC exception executing SQL [delete from users] [Referential integrity constraint violation: "FK410Q61IEV7KLNCMPQFUO85IVH: PUBLIC.PROFILES FOREIGN KEY(USER_ID) REFERENCES PUBLIC.USERS(USER_ID) (CAST(186 AS BIGINT))"; SQL statement:
delete from users [23503-224]] [n/a]
	at org.hibernate.exception.internal.SQLExceptionTypeDelegate.convert(SQLExceptionTypeDelegate.java:60)
	at org.hibernate.exception.internal.StandardSQLExceptionConverter.convert(StandardSQLExceptionConverter.java:56)
	at org.hibernate.engine.jdbc.spi.SqlExceptionHelper.convert(SqlExceptionHelper.java:108)
	at org.hibernate.engine.jdbc.spi.SqlExceptionHelper.convert(SqlExceptionHelper.java:94)
	at org.hibernate.sql.exec.internal.StandardJdbcMutationExecutor.execute(StandardJdbcMutationExecutor.java:96)
	at org.hibernate.query.sqm.mutation.internal.temptable.RestrictedDeleteExecutionDelegate.executeSqlDelete(RestrictedDeleteExecutionDelegate.java:460)
	at org.hibernate.query.sqm.mutation.internal.temptable.RestrictedDeleteExecutionDelegate.deleteFromRootTableWithoutIdTable(RestrictedDeleteExecutionDelegate.java:368)
	at org.hibernate.query.sqm.mutation.internal.temptable.RestrictedDeleteExecutionDelegate.executeWithoutIdTable(RestrictedDeleteExecutionDelegate.java:354)
	at org.hibernate.query.sqm.mutation.internal.temptable.RestrictedDeleteExecutionDelegate.execute(RestrictedDeleteExecutionDelegate.java:196)
	at org.hibernate.query.sqm.mutation.internal.temptable.TableBasedDeleteHandler.execute(TableBasedDeleteHandler.java:64)
	at org.hibernate.query.sqm.mutation.internal.temptable.LocalTemporaryTableMutationStrategy.executeDelete(LocalTemporaryTableMutationStrategy.java:65)
	at org.hibernate.query.sqm.internal.MultiTableDeleteQueryPlan.executeUpdate(MultiTableDeleteQueryPlan.java:36)
	at org.hibernate.query.sqm.internal.QuerySqmImpl.doExecuteUpdate(QuerySqmImpl.java:735)
	at org.hibernate.query.sqm.internal.QuerySqmImpl.executeUpdate(QuerySqmImpl.java:705)
	at io.quarkus.hibernate.orm.panache.common.runtime.AbstractJpaOperations.deleteAll(AbstractJpaOperations.java:390)
	at com.davon.library.repository.UserRepository.deleteAll(UserRepository.java)
	at com.davon.library.repository.UserRepository_ClientProxy.deleteAll(Unknown Source)
	at com.davon.library.resource.UserResourceTest.setUp(UserResourceTest.java:30)
	at com.davon.library.resource.UserResourceTest_Subclass.setUp$$superforward(Unknown Source)
	at com.davon.library.resource.UserResourceTest_Subclass$$function$$1.apply(Unknown Source)
	at io.quarkus.arc.impl.AroundInvokeInvocationContext.proceed(AroundInvokeInvocationContext.java:73)
	at io.quarkus.arc.impl.AroundInvokeInvocationContext.proceed(AroundInvokeInvocationContext.java:62)
	at io.quarkus.narayana.jta.runtime.interceptor.TransactionalInterceptorBase.invokeInOurTx(TransactionalInterceptorBase.java:136)
	at io.quarkus.narayana.jta.runtime.interceptor.TransactionalInterceptorBase.invokeInOurTx(TransactionalInterceptorBase.java:107)
	at io.quarkus.narayana.jta.runtime.interceptor.TransactionalInterceptorRequired.doIntercept(TransactionalInterceptorRequired.java:38)
	at io.quarkus.narayana.jta.runtime.interceptor.TransactionalInterceptorBase.intercept(TransactionalInterceptorBase.java:61)
	at io.quarkus.narayana.jta.runtime.interceptor.TransactionalInterceptorRequired.intercept(TransactionalInterceptorRequired.java:32)
	at io.quarkus.narayana.jta.runtime.interceptor.TransactionalInterceptorRequired_Bean.intercept(Unknown Source)
	at io.quarkus.arc.impl.InterceptorInvocation.invoke(InterceptorInvocation.java:42)
	at io.quarkus.arc.impl.AroundInvokeInvocationContext.perform(AroundInvokeInvocationContext.java:30)
	at io.quarkus.arc.impl.InvocationContexts.performAroundInvoke(InvocationContexts.java:27)
	at com.davon.library.resource.UserResourceTest_Subclass.setUp(Unknown Source)
	at java.base/java.lang.reflect.Method.invoke(Method.java:580)
	at io.quarkus.test.junit.QuarkusTestExtension.runExtensionMethod(QuarkusTestExtension.java:1013)
	at io.quarkus.test.junit.QuarkusTestExtension.interceptBeforeEachMethod(QuarkusTestExtension.java:808)
	at java.base/java.util.ArrayList.forEach(ArrayList.java:1596)
	at java.base/java.util.ArrayList.forEach(ArrayList.java:1596)
Caused by: org.h2.jdbc.JdbcSQLIntegrityConstraintViolationException: Referential integrity constraint violation: "FK410Q61IEV7KLNCMPQFUO85IVH: PUBLIC.PROFILES FOREIGN KEY(USER_ID) REFERENCES PUBLIC.USERS(USER_ID) (CAST(186 AS BIGINT))"; SQL statement:
delete from users [23503-224]
	at org.h2.message.DbException.getJdbcSQLException(DbException.java:520)
	at org.h2.message.DbException.getJdbcSQLException(DbException.java:489)
	at org.h2.message.DbException.get(DbException.java:223)
	at org.h2.message.DbException.get(DbException.java:199)
	at org.h2.constraint.ConstraintReferential.checkRow(ConstraintReferential.java:365)
	at org.h2.constraint.ConstraintReferential.checkRowRefTable(ConstraintReferential.java:382)
	at org.h2.constraint.ConstraintReferential.checkRow(ConstraintReferential.java:256)
	at org.h2.table.Table.fireConstraints(Table.java:1200)
	at org.h2.table.Table.fireAfterRow(Table.java:1218)
	at org.h2.command.dml.Delete.update(Delete.java:92)
	at org.h2.command.dml.DataChangeStatement.update(DataChangeStatement.java:74)
	at org.h2.command.CommandContainer.update(CommandContainer.java:169)
	at org.h2.command.Command.executeUpdate(Command.java:256)
	at org.h2.jdbc.JdbcPreparedStatement.executeUpdateInternal(JdbcPreparedStatement.java:216)
	at org.h2.jdbc.JdbcPreparedStatement.executeUpdate(JdbcPreparedStatement.java:174)
	at io.agroal.pool.wrapper.PreparedStatementWrapper.executeUpdate(PreparedStatementWrapper.java:88)
	at org.hibernate.sql.exec.internal.StandardJdbcMutationExecutor.execute(StandardJdbcMutationExecutor.java:83)
	... 32 more

com.davon.library.resource.UserResourceTest.testUpdateUser -- Time elapsed: 0 s <<< ERROR!
org.hibernate.exception.ConstraintViolationException: 
JDBC exception executing SQL [delete from users] [Referential integrity constraint violation: "FK410Q61IEV7KLNCMPQFUO85IVH: PUBLIC.PROFILES FOREIGN KEY(USER_ID) REFERENCES PUBLIC.USERS(USER_ID) (CAST(186 AS BIGINT))"; SQL statement:
delete from users [23503-224]] [n/a]
	at org.hibernate.exception.internal.SQLExceptionTypeDelegate.convert(SQLExceptionTypeDelegate.java:60)
	at org.hibernate.exception.internal.StandardSQLExceptionConverter.convert(StandardSQLExceptionConverter.java:56)
	at org.hibernate.engine.jdbc.spi.SqlExceptionHelper.convert(SqlExceptionHelper.java:108)
	at org.hibernate.engine.jdbc.spi.SqlExceptionHelper.convert(SqlExceptionHelper.java:94)
	at org.hibernate.sql.exec.internal.StandardJdbcMutationExecutor.execute(StandardJdbcMutationExecutor.java:96)
	at org.hibernate.query.sqm.mutation.internal.temptable.RestrictedDeleteExecutionDelegate.executeSqlDelete(RestrictedDeleteExecutionDelegate.java:460)
	at org.hibernate.query.sqm.mutation.internal.temptable.RestrictedDeleteExecutionDelegate.deleteFromRootTableWithoutIdTable(RestrictedDeleteExecutionDelegate.java:368)
	at org.hibernate.query.sqm.mutation.internal.temptable.RestrictedDeleteExecutionDelegate.executeWithoutIdTable(RestrictedDeleteExecutionDelegate.java:354)
	at org.hibernate.query.sqm.mutation.internal.temptable.RestrictedDeleteExecutionDelegate.execute(RestrictedDeleteExecutionDelegate.java:196)
	at org.hibernate.query.sqm.mutation.internal.temptable.TableBasedDeleteHandler.execute(TableBasedDeleteHandler.java:64)
	at org.hibernate.query.sqm.mutation.internal.temptable.LocalTemporaryTableMutationStrategy.executeDelete(LocalTemporaryTableMutationStrategy.java:65)
	at org.hibernate.query.sqm.internal.MultiTableDeleteQueryPlan.executeUpdate(MultiTableDeleteQueryPlan.java:36)
	at org.hibernate.query.sqm.internal.QuerySqmImpl.doExecuteUpdate(QuerySqmImpl.java:735)
	at org.hibernate.query.sqm.internal.QuerySqmImpl.executeUpdate(QuerySqmImpl.java:705)
	at io.quarkus.hibernate.orm.panache.common.runtime.AbstractJpaOperations.deleteAll(AbstractJpaOperations.java:390)
	at com.davon.library.repository.UserRepository.deleteAll(UserRepository.java)
	at com.davon.library.repository.UserRepository_ClientProxy.deleteAll(Unknown Source)
	at com.davon.library.resource.UserResourceTest.setUp(UserResourceTest.java:30)
	at com.davon.library.resource.UserResourceTest_Subclass.setUp$$superforward(Unknown Source)
	at com.davon.library.resource.UserResourceTest_Subclass$$function$$1.apply(Unknown Source)
	at io.quarkus.arc.impl.AroundInvokeInvocationContext.proceed(AroundInvokeInvocationContext.java:73)
	at io.quarkus.arc.impl.AroundInvokeInvocationContext.proceed(AroundInvokeInvocationContext.java:62)
	at io.quarkus.narayana.jta.runtime.interceptor.TransactionalInterceptorBase.invokeInOurTx(TransactionalInterceptorBase.java:136)
	at io.quarkus.narayana.jta.runtime.interceptor.TransactionalInterceptorBase.invokeInOurTx(TransactionalInterceptorBase.java:107)
	at io.quarkus.narayana.jta.runtime.interceptor.TransactionalInterceptorRequired.doIntercept(TransactionalInterceptorRequired.java:38)
	at io.quarkus.narayana.jta.runtime.interceptor.TransactionalInterceptorBase.intercept(TransactionalInterceptorBase.java:61)
	at io.quarkus.narayana.jta.runtime.interceptor.TransactionalInterceptorRequired.intercept(TransactionalInterceptorRequired.java:32)
	at io.quarkus.narayana.jta.runtime.interceptor.TransactionalInterceptorRequired_Bean.intercept(Unknown Source)
	at io.quarkus.arc.impl.InterceptorInvocation.invoke(InterceptorInvocation.java:42)
	at io.quarkus.arc.impl.AroundInvokeInvocationContext.perform(AroundInvokeInvocationContext.java:30)
	at io.quarkus.arc.impl.InvocationContexts.performAroundInvoke(InvocationContexts.java:27)
	at com.davon.library.resource.UserResourceTest_Subclass.setUp(Unknown Source)
	at java.base/java.lang.reflect.Method.invoke(Method.java:580)
	at io.quarkus.test.junit.QuarkusTestExtension.runExtensionMethod(QuarkusTestExtension.java:1013)
	at io.quarkus.test.junit.QuarkusTestExtension.interceptBeforeEachMethod(QuarkusTestExtension.java:808)
	at java.base/java.util.ArrayList.forEach(ArrayList.java:1596)
	at java.base/java.util.ArrayList.forEach(ArrayList.java:1596)
Caused by: org.h2.jdbc.JdbcSQLIntegrityConstraintViolationException: Referential integrity constraint violation: "FK410Q61IEV7KLNCMPQFUO85IVH: PUBLIC.PROFILES FOREIGN KEY(USER_ID) REFERENCES PUBLIC.USERS(USER_ID) (CAST(186 AS BIGINT))"; SQL statement:
delete from users [23503-224]
	at org.h2.message.DbException.getJdbcSQLException(DbException.java:520)
	at org.h2.message.DbException.getJdbcSQLException(DbException.java:489)
	at org.h2.message.DbException.get(DbException.java:223)
	at org.h2.message.DbException.get(DbException.java:199)
	at org.h2.constraint.ConstraintReferential.checkRow(ConstraintReferential.java:365)
	at org.h2.constraint.ConstraintReferential.checkRowRefTable(ConstraintReferential.java:382)
	at org.h2.constraint.ConstraintReferential.checkRow(ConstraintReferential.java:256)
	at org.h2.table.Table.fireConstraints(Table.java:1200)
	at org.h2.table.Table.fireAfterRow(Table.java:1218)
	at org.h2.command.dml.Delete.update(Delete.java:92)
	at org.h2.command.dml.DataChangeStatement.update(DataChangeStatement.java:74)
	at org.h2.command.CommandContainer.update(CommandContainer.java:169)
	at org.h2.command.Command.executeUpdate(Command.java:256)
	at org.h2.jdbc.JdbcPreparedStatement.executeUpdateInternal(JdbcPreparedStatement.java:216)
	at org.h2.jdbc.JdbcPreparedStatement.executeUpdate(JdbcPreparedStatement.java:174)
	at io.agroal.pool.wrapper.PreparedStatementWrapper.executeUpdate(PreparedStatementWrapper.java:88)
	at org.hibernate.sql.exec.internal.StandardJdbcMutationExecutor.execute(StandardJdbcMutationExecutor.java:83)
	... 32 more

com.davon.library.resource.UserResourceTest.testCreateUserEmailExists -- Time elapsed: 0.001 s <<< ERROR!
org.hibernate.exception.ConstraintViolationException: 
JDBC exception executing SQL [delete from users] [Referential integrity constraint violation: "FK410Q61IEV7KLNCMPQFUO85IVH: PUBLIC.PROFILES FOREIGN KEY(USER_ID) REFERENCES PUBLIC.USERS(USER_ID) (CAST(186 AS BIGINT))"; SQL statement:
delete from users [23503-224]] [n/a]
	at org.hibernate.exception.internal.SQLExceptionTypeDelegate.convert(SQLExceptionTypeDelegate.java:60)
	at org.hibernate.exception.internal.StandardSQLExceptionConverter.convert(StandardSQLExceptionConverter.java:56)
	at org.hibernate.engine.jdbc.spi.SqlExceptionHelper.convert(SqlExceptionHelper.java:108)
	at org.hibernate.engine.jdbc.spi.SqlExceptionHelper.convert(SqlExceptionHelper.java:94)
	at org.hibernate.sql.exec.internal.StandardJdbcMutationExecutor.execute(StandardJdbcMutationExecutor.java:96)
	at org.hibernate.query.sqm.mutation.internal.temptable.RestrictedDeleteExecutionDelegate.executeSqlDelete(RestrictedDeleteExecutionDelegate.java:460)
	at org.hibernate.query.sqm.mutation.internal.temptable.RestrictedDeleteExecutionDelegate.deleteFromRootTableWithoutIdTable(RestrictedDeleteExecutionDelegate.java:368)
	at org.hibernate.query.sqm.mutation.internal.temptable.RestrictedDeleteExecutionDelegate.executeWithoutIdTable(RestrictedDeleteExecutionDelegate.java:354)
	at org.hibernate.query.sqm.mutation.internal.temptable.RestrictedDeleteExecutionDelegate.execute(RestrictedDeleteExecutionDelegate.java:196)
	at org.hibernate.query.sqm.mutation.internal.temptable.TableBasedDeleteHandler.execute(TableBasedDeleteHandler.java:64)
	at org.hibernate.query.sqm.mutation.internal.temptable.LocalTemporaryTableMutationStrategy.executeDelete(LocalTemporaryTableMutationStrategy.java:65)
	at org.hibernate.query.sqm.internal.MultiTableDeleteQueryPlan.executeUpdate(MultiTableDeleteQueryPlan.java:36)
	at org.hibernate.query.sqm.internal.QuerySqmImpl.doExecuteUpdate(QuerySqmImpl.java:735)
	at org.hibernate.query.sqm.internal.QuerySqmImpl.executeUpdate(QuerySqmImpl.java:705)
	at io.quarkus.hibernate.orm.panache.common.runtime.AbstractJpaOperations.deleteAll(AbstractJpaOperations.java:390)
	at com.davon.library.repository.UserRepository.deleteAll(UserRepository.java)
	at com.davon.library.repository.UserRepository_ClientProxy.deleteAll(Unknown Source)
	at com.davon.library.resource.UserResourceTest.setUp(UserResourceTest.java:30)
	at com.davon.library.resource.UserResourceTest_Subclass.setUp$$superforward(Unknown Source)
	at com.davon.library.resource.UserResourceTest_Subclass$$function$$1.apply(Unknown Source)
	at io.quarkus.arc.impl.AroundInvokeInvocationContext.proceed(AroundInvokeInvocationContext.java:73)
	at io.quarkus.arc.impl.AroundInvokeInvocationContext.proceed(AroundInvokeInvocationContext.java:62)
	at io.quarkus.narayana.jta.runtime.interceptor.TransactionalInterceptorBase.invokeInOurTx(TransactionalInterceptorBase.java:136)
	at io.quarkus.narayana.jta.runtime.interceptor.TransactionalInterceptorBase.invokeInOurTx(TransactionalInterceptorBase.java:107)
	at io.quarkus.narayana.jta.runtime.interceptor.TransactionalInterceptorRequired.doIntercept(TransactionalInterceptorRequired.java:38)
	at io.quarkus.narayana.jta.runtime.interceptor.TransactionalInterceptorBase.intercept(TransactionalInterceptorBase.java:61)
	at io.quarkus.narayana.jta.runtime.interceptor.TransactionalInterceptorRequired.intercept(TransactionalInterceptorRequired.java:32)
	at io.quarkus.narayana.jta.runtime.interceptor.TransactionalInterceptorRequired_Bean.intercept(Unknown Source)
	at io.quarkus.arc.impl.InterceptorInvocation.invoke(InterceptorInvocation.java:42)
	at io.quarkus.arc.impl.AroundInvokeInvocationContext.perform(AroundInvokeInvocationContext.java:30)
	at io.quarkus.arc.impl.InvocationContexts.performAroundInvoke(InvocationContexts.java:27)
	at com.davon.library.resource.UserResourceTest_Subclass.setUp(Unknown Source)
	at java.base/java.lang.reflect.Method.invoke(Method.java:580)
	at io.quarkus.test.junit.QuarkusTestExtension.runExtensionMethod(QuarkusTestExtension.java:1013)
	at io.quarkus.test.junit.QuarkusTestExtension.interceptBeforeEachMethod(QuarkusTestExtension.java:808)
	at java.base/java.util.ArrayList.forEach(ArrayList.java:1596)
	at java.base/java.util.ArrayList.forEach(ArrayList.java:1596)
Caused by: org.h2.jdbc.JdbcSQLIntegrityConstraintViolationException: Referential integrity constraint violation: "FK410Q61IEV7KLNCMPQFUO85IVH: PUBLIC.PROFILES FOREIGN KEY(USER_ID) REFERENCES PUBLIC.USERS(USER_ID) (CAST(186 AS BIGINT))"; SQL statement:
delete from users [23503-224]
	at org.h2.message.DbException.getJdbcSQLException(DbException.java:520)
	at org.h2.message.DbException.getJdbcSQLException(DbException.java:489)
	at org.h2.message.DbException.get(DbException.java:223)
	at org.h2.message.DbException.get(DbException.java:199)
	at org.h2.constraint.ConstraintReferential.checkRow(ConstraintReferential.java:365)
	at org.h2.constraint.ConstraintReferential.checkRowRefTable(ConstraintReferential.java:382)
	at org.h2.constraint.ConstraintReferential.checkRow(ConstraintReferential.java:256)
	at org.h2.table.Table.fireConstraints(Table.java:1200)
	at org.h2.table.Table.fireAfterRow(Table.java:1218)
	at org.h2.command.dml.Delete.update(Delete.java:92)
	at org.h2.command.dml.DataChangeStatement.update(DataChangeStatement.java:74)
	at org.h2.command.CommandContainer.update(CommandContainer.java:169)
	at org.h2.command.Command.executeUpdate(Command.java:256)
	at org.h2.jdbc.JdbcPreparedStatement.executeUpdateInternal(JdbcPreparedStatement.java:216)
	at org.h2.jdbc.JdbcPreparedStatement.executeUpdate(JdbcPreparedStatement.java:174)
	at io.agroal.pool.wrapper.PreparedStatementWrapper.executeUpdate(PreparedStatementWrapper.java:88)
	at org.hibernate.sql.exec.internal.StandardJdbcMutationExecutor.execute(StandardJdbcMutationExecutor.java:83)
	... 32 more

com.davon.library.resource.UserResourceTest.testGetUserByEmailNotFound -- Time elapsed: 0.001 s <<< ERROR!
org.hibernate.exception.ConstraintViolationException: 
JDBC exception executing SQL [delete from users] [Referential integrity constraint violation: "FK410Q61IEV7KLNCMPQFUO85IVH: PUBLIC.PROFILES FOREIGN KEY(USER_ID) REFERENCES PUBLIC.USERS(USER_ID) (CAST(186 AS BIGINT))"; SQL statement:
delete from users [23503-224]] [n/a]
	at org.hibernate.exception.internal.SQLExceptionTypeDelegate.convert(SQLExceptionTypeDelegate.java:60)
	at org.hibernate.exception.internal.StandardSQLExceptionConverter.convert(StandardSQLExceptionConverter.java:56)
	at org.hibernate.engine.jdbc.spi.SqlExceptionHelper.convert(SqlExceptionHelper.java:108)
	at org.hibernate.engine.jdbc.spi.SqlExceptionHelper.convert(SqlExceptionHelper.java:94)
	at org.hibernate.sql.exec.internal.StandardJdbcMutationExecutor.execute(StandardJdbcMutationExecutor.java:96)
	at org.hibernate.query.sqm.mutation.internal.temptable.RestrictedDeleteExecutionDelegate.executeSqlDelete(RestrictedDeleteExecutionDelegate.java:460)
	at org.hibernate.query.sqm.mutation.internal.temptable.RestrictedDeleteExecutionDelegate.deleteFromRootTableWithoutIdTable(RestrictedDeleteExecutionDelegate.java:368)
	at org.hibernate.query.sqm.mutation.internal.temptable.RestrictedDeleteExecutionDelegate.executeWithoutIdTable(RestrictedDeleteExecutionDelegate.java:354)
	at org.hibernate.query.sqm.mutation.internal.temptable.RestrictedDeleteExecutionDelegate.execute(RestrictedDeleteExecutionDelegate.java:196)
	at org.hibernate.query.sqm.mutation.internal.temptable.TableBasedDeleteHandler.execute(TableBasedDeleteHandler.java:64)
	at org.hibernate.query.sqm.mutation.internal.temptable.LocalTemporaryTableMutationStrategy.executeDelete(LocalTemporaryTableMutationStrategy.java:65)
	at org.hibernate.query.sqm.internal.MultiTableDeleteQueryPlan.executeUpdate(MultiTableDeleteQueryPlan.java:36)
	at org.hibernate.query.sqm.internal.QuerySqmImpl.doExecuteUpdate(QuerySqmImpl.java:735)
	at org.hibernate.query.sqm.internal.QuerySqmImpl.executeUpdate(QuerySqmImpl.java:705)
	at io.quarkus.hibernate.orm.panache.common.runtime.AbstractJpaOperations.deleteAll(AbstractJpaOperations.java:390)
	at com.davon.library.repository.UserRepository.deleteAll(UserRepository.java)
	at com.davon.library.repository.UserRepository_ClientProxy.deleteAll(Unknown Source)
	at com.davon.library.resource.UserResourceTest.setUp(UserResourceTest.java:30)
	at com.davon.library.resource.UserResourceTest_Subclass.setUp$$superforward(Unknown Source)
	at com.davon.library.resource.UserResourceTest_Subclass$$function$$1.apply(Unknown Source)
	at io.quarkus.arc.impl.AroundInvokeInvocationContext.proceed(AroundInvokeInvocationContext.java:73)
	at io.quarkus.arc.impl.AroundInvokeInvocationContext.proceed(AroundInvokeInvocationContext.java:62)
	at io.quarkus.narayana.jta.runtime.interceptor.TransactionalInterceptorBase.invokeInOurTx(TransactionalInterceptorBase.java:136)
	at io.quarkus.narayana.jta.runtime.interceptor.TransactionalInterceptorBase.invokeInOurTx(TransactionalInterceptorBase.java:107)
	at io.quarkus.narayana.jta.runtime.interceptor.TransactionalInterceptorRequired.doIntercept(TransactionalInterceptorRequired.java:38)
	at io.quarkus.narayana.jta.runtime.interceptor.TransactionalInterceptorBase.intercept(TransactionalInterceptorBase.java:61)
	at io.quarkus.narayana.jta.runtime.interceptor.TransactionalInterceptorRequired.intercept(TransactionalInterceptorRequired.java:32)
	at io.quarkus.narayana.jta.runtime.interceptor.TransactionalInterceptorRequired_Bean.intercept(Unknown Source)
	at io.quarkus.arc.impl.InterceptorInvocation.invoke(InterceptorInvocation.java:42)
	at io.quarkus.arc.impl.AroundInvokeInvocationContext.perform(AroundInvokeInvocationContext.java:30)
	at io.quarkus.arc.impl.InvocationContexts.performAroundInvoke(InvocationContexts.java:27)
	at com.davon.library.resource.UserResourceTest_Subclass.setUp(Unknown Source)
	at java.base/java.lang.reflect.Method.invoke(Method.java:580)
	at io.quarkus.test.junit.QuarkusTestExtension.runExtensionMethod(QuarkusTestExtension.java:1013)
	at io.quarkus.test.junit.QuarkusTestExtension.interceptBeforeEachMethod(QuarkusTestExtension.java:808)
	at java.base/java.util.ArrayList.forEach(ArrayList.java:1596)
	at java.base/java.util.ArrayList.forEach(ArrayList.java:1596)
Caused by: org.h2.jdbc.JdbcSQLIntegrityConstraintViolationException: Referential integrity constraint violation: "FK410Q61IEV7KLNCMPQFUO85IVH: PUBLIC.PROFILES FOREIGN KEY(USER_ID) REFERENCES PUBLIC.USERS(USER_ID) (CAST(186 AS BIGINT))"; SQL statement:
delete from users [23503-224]
	at org.h2.message.DbException.getJdbcSQLException(DbException.java:520)
	at org.h2.message.DbException.getJdbcSQLException(DbException.java:489)
	at org.h2.message.DbException.get(DbException.java:223)
	at org.h2.message.DbException.get(DbException.java:199)
	at org.h2.constraint.ConstraintReferential.checkRow(ConstraintReferential.java:365)
	at org.h2.constraint.ConstraintReferential.checkRowRefTable(ConstraintReferential.java:382)
	at org.h2.constraint.ConstraintReferential.checkRow(ConstraintReferential.java:256)
	at org.h2.table.Table.fireConstraints(Table.java:1200)
	at org.h2.table.Table.fireAfterRow(Table.java:1218)
	at org.h2.command.dml.Delete.update(Delete.java:92)
	at org.h2.command.dml.DataChangeStatement.update(DataChangeStatement.java:74)
	at org.h2.command.CommandContainer.update(CommandContainer.java:169)
	at org.h2.command.Command.executeUpdate(Command.java:256)
	at org.h2.jdbc.JdbcPreparedStatement.executeUpdateInternal(JdbcPreparedStatement.java:216)
	at org.h2.jdbc.JdbcPreparedStatement.executeUpdate(JdbcPreparedStatement.java:174)
	at io.agroal.pool.wrapper.PreparedStatementWrapper.executeUpdate(PreparedStatementWrapper.java:88)
	at org.hibernate.sql.exec.internal.StandardJdbcMutationExecutor.execute(StandardJdbcMutationExecutor.java:83)
	... 32 more

com.davon.library.resource.UserResourceTest.testCreateUser -- Time elapsed: 0 s <<< ERROR!
org.hibernate.exception.ConstraintViolationException: 
JDBC exception executing SQL [delete from users] [Referential integrity constraint violation: "FK410Q61IEV7KLNCMPQFUO85IVH: PUBLIC.PROFILES FOREIGN KEY(USER_ID) REFERENCES PUBLIC.USERS(USER_ID) (CAST(186 AS BIGINT))"; SQL statement:
delete from users [23503-224]] [n/a]
	at org.hibernate.exception.internal.SQLExceptionTypeDelegate.convert(SQLExceptionTypeDelegate.java:60)
	at org.hibernate.exception.internal.StandardSQLExceptionConverter.convert(StandardSQLExceptionConverter.java:56)
	at org.hibernate.engine.jdbc.spi.SqlExceptionHelper.convert(SqlExceptionHelper.java:108)
	at org.hibernate.engine.jdbc.spi.SqlExceptionHelper.convert(SqlExceptionHelper.java:94)
	at org.hibernate.sql.exec.internal.StandardJdbcMutationExecutor.execute(StandardJdbcMutationExecutor.java:96)
	at org.hibernate.query.sqm.mutation.internal.temptable.RestrictedDeleteExecutionDelegate.executeSqlDelete(RestrictedDeleteExecutionDelegate.java:460)
	at org.hibernate.query.sqm.mutation.internal.temptable.RestrictedDeleteExecutionDelegate.deleteFromRootTableWithoutIdTable(RestrictedDeleteExecutionDelegate.java:368)
	at org.hibernate.query.sqm.mutation.internal.temptable.RestrictedDeleteExecutionDelegate.executeWithoutIdTable(RestrictedDeleteExecutionDelegate.java:354)
	at org.hibernate.query.sqm.mutation.internal.temptable.RestrictedDeleteExecutionDelegate.execute(RestrictedDeleteExecutionDelegate.java:196)
	at org.hibernate.query.sqm.mutation.internal.temptable.TableBasedDeleteHandler.execute(TableBasedDeleteHandler.java:64)
	at org.hibernate.query.sqm.mutation.internal.temptable.LocalTemporaryTableMutationStrategy.executeDelete(LocalTemporaryTableMutationStrategy.java:65)
	at org.hibernate.query.sqm.internal.MultiTableDeleteQueryPlan.executeUpdate(MultiTableDeleteQueryPlan.java:36)
	at org.hibernate.query.sqm.internal.QuerySqmImpl.doExecuteUpdate(QuerySqmImpl.java:735)
	at org.hibernate.query.sqm.internal.QuerySqmImpl.executeUpdate(QuerySqmImpl.java:705)
	at io.quarkus.hibernate.orm.panache.common.runtime.AbstractJpaOperations.deleteAll(AbstractJpaOperations.java:390)
	at com.davon.library.repository.UserRepository.deleteAll(UserRepository.java)
	at com.davon.library.repository.UserRepository_ClientProxy.deleteAll(Unknown Source)
	at com.davon.library.resource.UserResourceTest.setUp(UserResourceTest.java:30)
	at com.davon.library.resource.UserResourceTest_Subclass.setUp$$superforward(Unknown Source)
	at com.davon.library.resource.UserResourceTest_Subclass$$function$$1.apply(Unknown Source)
	at io.quarkus.arc.impl.AroundInvokeInvocationContext.proceed(AroundInvokeInvocationContext.java:73)
	at io.quarkus.arc.impl.AroundInvokeInvocationContext.proceed(AroundInvokeInvocationContext.java:62)
	at io.quarkus.narayana.jta.runtime.interceptor.TransactionalInterceptorBase.invokeInOurTx(TransactionalInterceptorBase.java:136)
	at io.quarkus.narayana.jta.runtime.interceptor.TransactionalInterceptorBase.invokeInOurTx(TransactionalInterceptorBase.java:107)
	at io.quarkus.narayana.jta.runtime.interceptor.TransactionalInterceptorRequired.doIntercept(TransactionalInterceptorRequired.java:38)
	at io.quarkus.narayana.jta.runtime.interceptor.TransactionalInterceptorBase.intercept(TransactionalInterceptorBase.java:61)
	at io.quarkus.narayana.jta.runtime.interceptor.TransactionalInterceptorRequired.intercept(TransactionalInterceptorRequired.java:32)
	at io.quarkus.narayana.jta.runtime.interceptor.TransactionalInterceptorRequired_Bean.intercept(Unknown Source)
	at io.quarkus.arc.impl.InterceptorInvocation.invoke(InterceptorInvocation.java:42)
	at io.quarkus.arc.impl.AroundInvokeInvocationContext.perform(AroundInvokeInvocationContext.java:30)
	at io.quarkus.arc.impl.InvocationContexts.performAroundInvoke(InvocationContexts.java:27)
	at com.davon.library.resource.UserResourceTest_Subclass.setUp(Unknown Source)
	at java.base/java.lang.reflect.Method.invoke(Method.java:580)
	at io.quarkus.test.junit.QuarkusTestExtension.runExtensionMethod(QuarkusTestExtension.java:1013)
	at io.quarkus.test.junit.QuarkusTestExtension.interceptBeforeEachMethod(QuarkusTestExtension.java:808)
	at java.base/java.util.ArrayList.forEach(ArrayList.java:1596)
	at java.base/java.util.ArrayList.forEach(ArrayList.java:1596)
Caused by: org.h2.jdbc.JdbcSQLIntegrityConstraintViolationException: Referential integrity constraint violation: "FK410Q61IEV7KLNCMPQFUO85IVH: PUBLIC.PROFILES FOREIGN KEY(USER_ID) REFERENCES PUBLIC.USERS(USER_ID) (CAST(186 AS BIGINT))"; SQL statement:
delete from users [23503-224]
	at org.h2.message.DbException.getJdbcSQLException(DbException.java:520)
	at org.h2.message.DbException.getJdbcSQLException(DbException.java:489)
	at org.h2.message.DbException.get(DbException.java:223)
	at org.h2.message.DbException.get(DbException.java:199)
	at org.h2.constraint.ConstraintReferential.checkRow(ConstraintReferential.java:365)
	at org.h2.constraint.ConstraintReferential.checkRowRefTable(ConstraintReferential.java:382)
	at org.h2.constraint.ConstraintReferential.checkRow(ConstraintReferential.java:256)
	at org.h2.table.Table.fireConstraints(Table.java:1200)
	at org.h2.table.Table.fireAfterRow(Table.java:1218)
	at org.h2.command.dml.Delete.update(Delete.java:92)
	at org.h2.command.dml.DataChangeStatement.update(DataChangeStatement.java:74)
	at org.h2.command.CommandContainer.update(CommandContainer.java:169)
	at org.h2.command.Command.executeUpdate(Command.java:256)
	at org.h2.jdbc.JdbcPreparedStatement.executeUpdateInternal(JdbcPreparedStatement.java:216)
	at org.h2.jdbc.JdbcPreparedStatement.executeUpdate(JdbcPreparedStatement.java:174)
	at io.agroal.pool.wrapper.PreparedStatementWrapper.executeUpdate(PreparedStatementWrapper.java:88)
	at org.hibernate.sql.exec.internal.StandardJdbcMutationExecutor.execute(StandardJdbcMutationExecutor.java:83)
	... 32 more

com.davon.library.resource.UserResourceTest.testDeleteUser -- Time elapsed: 0 s <<< ERROR!
org.hibernate.exception.ConstraintViolationException: 
JDBC exception executing SQL [delete from users] [Referential integrity constraint violation: "FK410Q61IEV7KLNCMPQFUO85IVH: PUBLIC.PROFILES FOREIGN KEY(USER_ID) REFERENCES PUBLIC.USERS(USER_ID) (CAST(186 AS BIGINT))"; SQL statement:
delete from users [23503-224]] [n/a]
	at org.hibernate.exception.internal.SQLExceptionTypeDelegate.convert(SQLExceptionTypeDelegate.java:60)
	at org.hibernate.exception.internal.StandardSQLExceptionConverter.convert(StandardSQLExceptionConverter.java:56)
	at org.hibernate.engine.jdbc.spi.SqlExceptionHelper.convert(SqlExceptionHelper.java:108)
	at org.hibernate.engine.jdbc.spi.SqlExceptionHelper.convert(SqlExceptionHelper.java:94)
	at org.hibernate.sql.exec.internal.StandardJdbcMutationExecutor.execute(StandardJdbcMutationExecutor.java:96)
	at org.hibernate.query.sqm.mutation.internal.temptable.RestrictedDeleteExecutionDelegate.executeSqlDelete(RestrictedDeleteExecutionDelegate.java:460)
	at org.hibernate.query.sqm.mutation.internal.temptable.RestrictedDeleteExecutionDelegate.deleteFromRootTableWithoutIdTable(RestrictedDeleteExecutionDelegate.java:368)
	at org.hibernate.query.sqm.mutation.internal.temptable.RestrictedDeleteExecutionDelegate.executeWithoutIdTable(RestrictedDeleteExecutionDelegate.java:354)
	at org.hibernate.query.sqm.mutation.internal.temptable.RestrictedDeleteExecutionDelegate.execute(RestrictedDeleteExecutionDelegate.java:196)
	at org.hibernate.query.sqm.mutation.internal.temptable.TableBasedDeleteHandler.execute(TableBasedDeleteHandler.java:64)
	at org.hibernate.query.sqm.mutation.internal.temptable.LocalTemporaryTableMutationStrategy.executeDelete(LocalTemporaryTableMutationStrategy.java:65)
	at org.hibernate.query.sqm.internal.MultiTableDeleteQueryPlan.executeUpdate(MultiTableDeleteQueryPlan.java:36)
	at org.hibernate.query.sqm.internal.QuerySqmImpl.doExecuteUpdate(QuerySqmImpl.java:735)
	at org.hibernate.query.sqm.internal.QuerySqmImpl.executeUpdate(QuerySqmImpl.java:705)
	at io.quarkus.hibernate.orm.panache.common.runtime.AbstractJpaOperations.deleteAll(AbstractJpaOperations.java:390)
	at com.davon.library.repository.UserRepository.deleteAll(UserRepository.java)
	at com.davon.library.repository.UserRepository_ClientProxy.deleteAll(Unknown Source)
	at com.davon.library.resource.UserResourceTest.setUp(UserResourceTest.java:30)
	at com.davon.library.resource.UserResourceTest_Subclass.setUp$$superforward(Unknown Source)
	at com.davon.library.resource.UserResourceTest_Subclass$$function$$1.apply(Unknown Source)
	at io.quarkus.arc.impl.AroundInvokeInvocationContext.proceed(AroundInvokeInvocationContext.java:73)
	at io.quarkus.arc.impl.AroundInvokeInvocationContext.proceed(AroundInvokeInvocationContext.java:62)
	at io.quarkus.narayana.jta.runtime.interceptor.TransactionalInterceptorBase.invokeInOurTx(TransactionalInterceptorBase.java:136)
	at io.quarkus.narayana.jta.runtime.interceptor.TransactionalInterceptorBase.invokeInOurTx(TransactionalInterceptorBase.java:107)
	at io.quarkus.narayana.jta.runtime.interceptor.TransactionalInterceptorRequired.doIntercept(TransactionalInterceptorRequired.java:38)
	at io.quarkus.narayana.jta.runtime.interceptor.TransactionalInterceptorBase.intercept(TransactionalInterceptorBase.java:61)
	at io.quarkus.narayana.jta.runtime.interceptor.TransactionalInterceptorRequired.intercept(TransactionalInterceptorRequired.java:32)
	at io.quarkus.narayana.jta.runtime.interceptor.TransactionalInterceptorRequired_Bean.intercept(Unknown Source)
	at io.quarkus.arc.impl.InterceptorInvocation.invoke(InterceptorInvocation.java:42)
	at io.quarkus.arc.impl.AroundInvokeInvocationContext.perform(AroundInvokeInvocationContext.java:30)
	at io.quarkus.arc.impl.InvocationContexts.performAroundInvoke(InvocationContexts.java:27)
	at com.davon.library.resource.UserResourceTest_Subclass.setUp(Unknown Source)
	at java.base/java.lang.reflect.Method.invoke(Method.java:580)
	at io.quarkus.test.junit.QuarkusTestExtension.runExtensionMethod(QuarkusTestExtension.java:1013)
	at io.quarkus.test.junit.QuarkusTestExtension.interceptBeforeEachMethod(QuarkusTestExtension.java:808)
	at java.base/java.util.ArrayList.forEach(ArrayList.java:1596)
	at java.base/java.util.ArrayList.forEach(ArrayList.java:1596)
Caused by: org.h2.jdbc.JdbcSQLIntegrityConstraintViolationException: Referential integrity constraint violation: "FK410Q61IEV7KLNCMPQFUO85IVH: PUBLIC.PROFILES FOREIGN KEY(USER_ID) REFERENCES PUBLIC.USERS(USER_ID) (CAST(186 AS BIGINT))"; SQL statement:
delete from users [23503-224]
	at org.h2.message.DbException.getJdbcSQLException(DbException.java:520)
	at org.h2.message.DbException.getJdbcSQLException(DbException.java:489)
	at org.h2.message.DbException.get(DbException.java:223)
	at org.h2.message.DbException.get(DbException.java:199)
	at org.h2.constraint.ConstraintReferential.checkRow(ConstraintReferential.java:365)
	at org.h2.constraint.ConstraintReferential.checkRowRefTable(ConstraintReferential.java:382)
	at org.h2.constraint.ConstraintReferential.checkRow(ConstraintReferential.java:256)
	at org.h2.table.Table.fireConstraints(Table.java:1200)
	at org.h2.table.Table.fireAfterRow(Table.java:1218)
	at org.h2.command.dml.Delete.update(Delete.java:92)
	at org.h2.command.dml.DataChangeStatement.update(DataChangeStatement.java:74)
	at org.h2.command.CommandContainer.update(CommandContainer.java:169)
	at org.h2.command.Command.executeUpdate(Command.java:256)
	at org.h2.jdbc.JdbcPreparedStatement.executeUpdateInternal(JdbcPreparedStatement.java:216)
	at org.h2.jdbc.JdbcPreparedStatement.executeUpdate(JdbcPreparedStatement.java:174)
	at io.agroal.pool.wrapper.PreparedStatementWrapper.executeUpdate(PreparedStatementWrapper.java:88)
	at org.hibernate.sql.exec.internal.StandardJdbcMutationExecutor.execute(StandardJdbcMutationExecutor.java:83)
	... 32 more

com.davon.library.resource.UserResourceTest.testGetUserById -- Time elapsed: 0.001 s <<< ERROR!
org.hibernate.exception.ConstraintViolationException: 
JDBC exception executing SQL [delete from users] [Referential integrity constraint violation: "FK410Q61IEV7KLNCMPQFUO85IVH: PUBLIC.PROFILES FOREIGN KEY(USER_ID) REFERENCES PUBLIC.USERS(USER_ID) (CAST(186 AS BIGINT))"; SQL statement:
delete from users [23503-224]] [n/a]
	at org.hibernate.exception.internal.SQLExceptionTypeDelegate.convert(SQLExceptionTypeDelegate.java:60)
	at org.hibernate.exception.internal.StandardSQLExceptionConverter.convert(StandardSQLExceptionConverter.java:56)
	at org.hibernate.engine.jdbc.spi.SqlExceptionHelper.convert(SqlExceptionHelper.java:108)
	at org.hibernate.engine.jdbc.spi.SqlExceptionHelper.convert(SqlExceptionHelper.java:94)
	at org.hibernate.sql.exec.internal.StandardJdbcMutationExecutor.execute(StandardJdbcMutationExecutor.java:96)
	at org.hibernate.query.sqm.mutation.internal.temptable.RestrictedDeleteExecutionDelegate.executeSqlDelete(RestrictedDeleteExecutionDelegate.java:460)
	at org.hibernate.query.sqm.mutation.internal.temptable.RestrictedDeleteExecutionDelegate.deleteFromRootTableWithoutIdTable(RestrictedDeleteExecutionDelegate.java:368)
	at org.hibernate.query.sqm.mutation.internal.temptable.RestrictedDeleteExecutionDelegate.executeWithoutIdTable(RestrictedDeleteExecutionDelegate.java:354)
	at org.hibernate.query.sqm.mutation.internal.temptable.RestrictedDeleteExecutionDelegate.execute(RestrictedDeleteExecutionDelegate.java:196)
	at org.hibernate.query.sqm.mutation.internal.temptable.TableBasedDeleteHandler.execute(TableBasedDeleteHandler.java:64)
	at org.hibernate.query.sqm.mutation.internal.temptable.LocalTemporaryTableMutationStrategy.executeDelete(LocalTemporaryTableMutationStrategy.java:65)
	at org.hibernate.query.sqm.internal.MultiTableDeleteQueryPlan.executeUpdate(MultiTableDeleteQueryPlan.java:36)
	at org.hibernate.query.sqm.internal.QuerySqmImpl.doExecuteUpdate(QuerySqmImpl.java:735)
	at org.hibernate.query.sqm.internal.QuerySqmImpl.executeUpdate(QuerySqmImpl.java:705)
	at io.quarkus.hibernate.orm.panache.common.runtime.AbstractJpaOperations.deleteAll(AbstractJpaOperations.java:390)
	at com.davon.library.repository.UserRepository.deleteAll(UserRepository.java)
	at com.davon.library.repository.UserRepository_ClientProxy.deleteAll(Unknown Source)
	at com.davon.library.resource.UserResourceTest.setUp(UserResourceTest.java:30)
	at com.davon.library.resource.UserResourceTest_Subclass.setUp$$superforward(Unknown Source)
	at com.davon.library.resource.UserResourceTest_Subclass$$function$$1.apply(Unknown Source)
	at io.quarkus.arc.impl.AroundInvokeInvocationContext.proceed(AroundInvokeInvocationContext.java:73)
	at io.quarkus.arc.impl.AroundInvokeInvocationContext.proceed(AroundInvokeInvocationContext.java:62)
	at io.quarkus.narayana.jta.runtime.interceptor.TransactionalInterceptorBase.invokeInOurTx(TransactionalInterceptorBase.java:136)
	at io.quarkus.narayana.jta.runtime.interceptor.TransactionalInterceptorBase.invokeInOurTx(TransactionalInterceptorBase.java:107)
	at io.quarkus.narayana.jta.runtime.interceptor.TransactionalInterceptorRequired.doIntercept(TransactionalInterceptorRequired.java:38)
	at io.quarkus.narayana.jta.runtime.interceptor.TransactionalInterceptorBase.intercept(TransactionalInterceptorBase.java:61)
	at io.quarkus.narayana.jta.runtime.interceptor.TransactionalInterceptorRequired.intercept(TransactionalInterceptorRequired.java:32)
	at io.quarkus.narayana.jta.runtime.interceptor.TransactionalInterceptorRequired_Bean.intercept(Unknown Source)
	at io.quarkus.arc.impl.InterceptorInvocation.invoke(InterceptorInvocation.java:42)
	at io.quarkus.arc.impl.AroundInvokeInvocationContext.perform(AroundInvokeInvocationContext.java:30)
	at io.quarkus.arc.impl.InvocationContexts.performAroundInvoke(InvocationContexts.java:27)
	at com.davon.library.resource.UserResourceTest_Subclass.setUp(Unknown Source)
	at java.base/java.lang.reflect.Method.invoke(Method.java:580)
	at io.quarkus.test.junit.QuarkusTestExtension.runExtensionMethod(QuarkusTestExtension.java:1013)
	at io.quarkus.test.junit.QuarkusTestExtension.interceptBeforeEachMethod(QuarkusTestExtension.java:808)
	at java.base/java.util.ArrayList.forEach(ArrayList.java:1596)
	at java.base/java.util.ArrayList.forEach(ArrayList.java:1596)
Caused by: org.h2.jdbc.JdbcSQLIntegrityConstraintViolationException: Referential integrity constraint violation: "FK410Q61IEV7KLNCMPQFUO85IVH: PUBLIC.PROFILES FOREIGN KEY(USER_ID) REFERENCES PUBLIC.USERS(USER_ID) (CAST(186 AS BIGINT))"; SQL statement:
delete from users [23503-224]
	at org.h2.message.DbException.getJdbcSQLException(DbException.java:520)
	at org.h2.message.DbException.getJdbcSQLException(DbException.java:489)
	at org.h2.message.DbException.get(DbException.java:223)
	at org.h2.message.DbException.get(DbException.java:199)
	at org.h2.constraint.ConstraintReferential.checkRow(ConstraintReferential.java:365)
	at org.h2.constraint.ConstraintReferential.checkRowRefTable(ConstraintReferential.java:382)
	at org.h2.constraint.ConstraintReferential.checkRow(ConstraintReferential.java:256)
	at org.h2.table.Table.fireConstraints(Table.java:1200)
	at org.h2.table.Table.fireAfterRow(Table.java:1218)
	at org.h2.command.dml.Delete.update(Delete.java:92)
	at org.h2.command.dml.DataChangeStatement.update(DataChangeStatement.java:74)
	at org.h2.command.CommandContainer.update(CommandContainer.java:169)
	at org.h2.command.Command.executeUpdate(Command.java:256)
	at org.h2.jdbc.JdbcPreparedStatement.executeUpdateInternal(JdbcPreparedStatement.java:216)
	at org.h2.jdbc.JdbcPreparedStatement.executeUpdate(JdbcPreparedStatement.java:174)
	at io.agroal.pool.wrapper.PreparedStatementWrapper.executeUpdate(PreparedStatementWrapper.java:88)
	at org.hibernate.sql.exec.internal.StandardJdbcMutationExecutor.execute(StandardJdbcMutationExecutor.java:83)
	... 32 more

com.davon.library.resource.UserResourceTest.testGetUsersByRole -- Time elapsed: 0.001 s <<< ERROR!
org.hibernate.exception.ConstraintViolationException: 
JDBC exception executing SQL [delete from users] [Referential integrity constraint violation: "FK410Q61IEV7KLNCMPQFUO85IVH: PUBLIC.PROFILES FOREIGN KEY(USER_ID) REFERENCES PUBLIC.USERS(USER_ID) (CAST(186 AS BIGINT))"; SQL statement:
delete from users [23503-224]] [n/a]
	at org.hibernate.exception.internal.SQLExceptionTypeDelegate.convert(SQLExceptionTypeDelegate.java:60)
	at org.hibernate.exception.internal.StandardSQLExceptionConverter.convert(StandardSQLExceptionConverter.java:56)
	at org.hibernate.engine.jdbc.spi.SqlExceptionHelper.convert(SqlExceptionHelper.java:108)
	at org.hibernate.engine.jdbc.spi.SqlExceptionHelper.convert(SqlExceptionHelper.java:94)
	at org.hibernate.sql.exec.internal.StandardJdbcMutationExecutor.execute(StandardJdbcMutationExecutor.java:96)
	at org.hibernate.query.sqm.mutation.internal.temptable.RestrictedDeleteExecutionDelegate.executeSqlDelete(RestrictedDeleteExecutionDelegate.java:460)
	at org.hibernate.query.sqm.mutation.internal.temptable.RestrictedDeleteExecutionDelegate.deleteFromRootTableWithoutIdTable(RestrictedDeleteExecutionDelegate.java:368)
	at org.hibernate.query.sqm.mutation.internal.temptable.RestrictedDeleteExecutionDelegate.executeWithoutIdTable(RestrictedDeleteExecutionDelegate.java:354)
	at org.hibernate.query.sqm.mutation.internal.temptable.RestrictedDeleteExecutionDelegate.execute(RestrictedDeleteExecutionDelegate.java:196)
	at org.hibernate.query.sqm.mutation.internal.temptable.TableBasedDeleteHandler.execute(TableBasedDeleteHandler.java:64)
	at org.hibernate.query.sqm.mutation.internal.temptable.LocalTemporaryTableMutationStrategy.executeDelete(LocalTemporaryTableMutationStrategy.java:65)
	at org.hibernate.query.sqm.internal.MultiTableDeleteQueryPlan.executeUpdate(MultiTableDeleteQueryPlan.java:36)
	at org.hibernate.query.sqm.internal.QuerySqmImpl.doExecuteUpdate(QuerySqmImpl.java:735)
	at org.hibernate.query.sqm.internal.QuerySqmImpl.executeUpdate(QuerySqmImpl.java:705)
	at io.quarkus.hibernate.orm.panache.common.runtime.AbstractJpaOperations.deleteAll(AbstractJpaOperations.java:390)
	at com.davon.library.repository.UserRepository.deleteAll(UserRepository.java)
	at com.davon.library.repository.UserRepository_ClientProxy.deleteAll(Unknown Source)
	at com.davon.library.resource.UserResourceTest.setUp(UserResourceTest.java:30)
	at com.davon.library.resource.UserResourceTest_Subclass.setUp$$superforward(Unknown Source)
	at com.davon.library.resource.UserResourceTest_Subclass$$function$$1.apply(Unknown Source)
	at io.quarkus.arc.impl.AroundInvokeInvocationContext.proceed(AroundInvokeInvocationContext.java:73)
	at io.quarkus.arc.impl.AroundInvokeInvocationContext.proceed(AroundInvokeInvocationContext.java:62)
	at io.quarkus.narayana.jta.runtime.interceptor.TransactionalInterceptorBase.invokeInOurTx(TransactionalInterceptorBase.java:136)
	at io.quarkus.narayana.jta.runtime.interceptor.TransactionalInterceptorBase.invokeInOurTx(TransactionalInterceptorBase.java:107)
	at io.quarkus.narayana.jta.runtime.interceptor.TransactionalInterceptorRequired.doIntercept(TransactionalInterceptorRequired.java:38)
	at io.quarkus.narayana.jta.runtime.interceptor.TransactionalInterceptorBase.intercept(TransactionalInterceptorBase.java:61)
	at io.quarkus.narayana.jta.runtime.interceptor.TransactionalInterceptorRequired.intercept(TransactionalInterceptorRequired.java:32)
	at io.quarkus.narayana.jta.runtime.interceptor.TransactionalInterceptorRequired_Bean.intercept(Unknown Source)
	at io.quarkus.arc.impl.InterceptorInvocation.invoke(InterceptorInvocation.java:42)
	at io.quarkus.arc.impl.AroundInvokeInvocationContext.perform(AroundInvokeInvocationContext.java:30)
	at io.quarkus.arc.impl.InvocationContexts.performAroundInvoke(InvocationContexts.java:27)
	at com.davon.library.resource.UserResourceTest_Subclass.setUp(Unknown Source)
	at java.base/java.lang.reflect.Method.invoke(Method.java:580)
	at io.quarkus.test.junit.QuarkusTestExtension.runExtensionMethod(QuarkusTestExtension.java:1013)
	at io.quarkus.test.junit.QuarkusTestExtension.interceptBeforeEachMethod(QuarkusTestExtension.java:808)
	at java.base/java.util.ArrayList.forEach(ArrayList.java:1596)
	at java.base/java.util.ArrayList.forEach(ArrayList.java:1596)
Caused by: org.h2.jdbc.JdbcSQLIntegrityConstraintViolationException: Referential integrity constraint violation: "FK410Q61IEV7KLNCMPQFUO85IVH: PUBLIC.PROFILES FOREIGN KEY(USER_ID) REFERENCES PUBLIC.USERS(USER_ID) (CAST(186 AS BIGINT))"; SQL statement:
delete from users [23503-224]
	at org.h2.message.DbException.getJdbcSQLException(DbException.java:520)
	at org.h2.message.DbException.getJdbcSQLException(DbException.java:489)
	at org.h2.message.DbException.get(DbException.java:223)
	at org.h2.message.DbException.get(DbException.java:199)
	at org.h2.constraint.ConstraintReferential.checkRow(ConstraintReferential.java:365)
	at org.h2.constraint.ConstraintReferential.checkRowRefTable(ConstraintReferential.java:382)
	at org.h2.constraint.ConstraintReferential.checkRow(ConstraintReferential.java:256)
	at org.h2.table.Table.fireConstraints(Table.java:1200)
	at org.h2.table.Table.fireAfterRow(Table.java:1218)
	at org.h2.command.dml.Delete.update(Delete.java:92)
	at org.h2.command.dml.DataChangeStatement.update(DataChangeStatement.java:74)
	at org.h2.command.CommandContainer.update(CommandContainer.java:169)
	at org.h2.command.Command.executeUpdate(Command.java:256)
	at org.h2.jdbc.JdbcPreparedStatement.executeUpdateInternal(JdbcPreparedStatement.java:216)
	at org.h2.jdbc.JdbcPreparedStatement.executeUpdate(JdbcPreparedStatement.java:174)
	at io.agroal.pool.wrapper.PreparedStatementWrapper.executeUpdate(PreparedStatementWrapper.java:88)
	at org.hibernate.sql.exec.internal.StandardJdbcMutationExecutor.execute(StandardJdbcMutationExecutor.java:83)
	... 32 more

com.davon.library.resource.UserResourceTest.testGetUserByIdNotFound -- Time elapsed: 0 s <<< ERROR!
org.hibernate.exception.ConstraintViolationException: 
JDBC exception executing SQL [delete from users] [Referential integrity constraint violation: "FK410Q61IEV7KLNCMPQFUO85IVH: PUBLIC.PROFILES FOREIGN KEY(USER_ID) REFERENCES PUBLIC.USERS(USER_ID) (CAST(186 AS BIGINT))"; SQL statement:
delete from users [23503-224]] [n/a]
	at org.hibernate.exception.internal.SQLExceptionTypeDelegate.convert(SQLExceptionTypeDelegate.java:60)
	at org.hibernate.exception.internal.StandardSQLExceptionConverter.convert(StandardSQLExceptionConverter.java:56)
	at org.hibernate.engine.jdbc.spi.SqlExceptionHelper.convert(SqlExceptionHelper.java:108)
	at org.hibernate.engine.jdbc.spi.SqlExceptionHelper.convert(SqlExceptionHelper.java:94)
	at org.hibernate.sql.exec.internal.StandardJdbcMutationExecutor.execute(StandardJdbcMutationExecutor.java:96)
	at org.hibernate.query.sqm.mutation.internal.temptable.RestrictedDeleteExecutionDelegate.executeSqlDelete(RestrictedDeleteExecutionDelegate.java:460)
	at org.hibernate.query.sqm.mutation.internal.temptable.RestrictedDeleteExecutionDelegate.deleteFromRootTableWithoutIdTable(RestrictedDeleteExecutionDelegate.java:368)
	at org.hibernate.query.sqm.mutation.internal.temptable.RestrictedDeleteExecutionDelegate.executeWithoutIdTable(RestrictedDeleteExecutionDelegate.java:354)
	at org.hibernate.query.sqm.mutation.internal.temptable.RestrictedDeleteExecutionDelegate.execute(RestrictedDeleteExecutionDelegate.java:196)
	at org.hibernate.query.sqm.mutation.internal.temptable.TableBasedDeleteHandler.execute(TableBasedDeleteHandler.java:64)
	at org.hibernate.query.sqm.mutation.internal.temptable.LocalTemporaryTableMutationStrategy.executeDelete(LocalTemporaryTableMutationStrategy.java:65)
	at org.hibernate.query.sqm.internal.MultiTableDeleteQueryPlan.executeUpdate(MultiTableDeleteQueryPlan.java:36)
	at org.hibernate.query.sqm.internal.QuerySqmImpl.doExecuteUpdate(QuerySqmImpl.java:735)
	at org.hibernate.query.sqm.internal.QuerySqmImpl.executeUpdate(QuerySqmImpl.java:705)
	at io.quarkus.hibernate.orm.panache.common.runtime.AbstractJpaOperations.deleteAll(AbstractJpaOperations.java:390)
	at com.davon.library.repository.UserRepository.deleteAll(UserRepository.java)
	at com.davon.library.repository.UserRepository_ClientProxy.deleteAll(Unknown Source)
	at com.davon.library.resource.UserResourceTest.setUp(UserResourceTest.java:30)
	at com.davon.library.resource.UserResourceTest_Subclass.setUp$$superforward(Unknown Source)
	at com.davon.library.resource.UserResourceTest_Subclass$$function$$1.apply(Unknown Source)
	at io.quarkus.arc.impl.AroundInvokeInvocationContext.proceed(AroundInvokeInvocationContext.java:73)
	at io.quarkus.arc.impl.AroundInvokeInvocationContext.proceed(AroundInvokeInvocationContext.java:62)
	at io.quarkus.narayana.jta.runtime.interceptor.TransactionalInterceptorBase.invokeInOurTx(TransactionalInterceptorBase.java:136)
	at io.quarkus.narayana.jta.runtime.interceptor.TransactionalInterceptorBase.invokeInOurTx(TransactionalInterceptorBase.java:107)
	at io.quarkus.narayana.jta.runtime.interceptor.TransactionalInterceptorRequired.doIntercept(TransactionalInterceptorRequired.java:38)
	at io.quarkus.narayana.jta.runtime.interceptor.TransactionalInterceptorBase.intercept(TransactionalInterceptorBase.java:61)
	at io.quarkus.narayana.jta.runtime.interceptor.TransactionalInterceptorRequired.intercept(TransactionalInterceptorRequired.java:32)
	at io.quarkus.narayana.jta.runtime.interceptor.TransactionalInterceptorRequired_Bean.intercept(Unknown Source)
	at io.quarkus.arc.impl.InterceptorInvocation.invoke(InterceptorInvocation.java:42)
	at io.quarkus.arc.impl.AroundInvokeInvocationContext.perform(AroundInvokeInvocationContext.java:30)
	at io.quarkus.arc.impl.InvocationContexts.performAroundInvoke(InvocationContexts.java:27)
	at com.davon.library.resource.UserResourceTest_Subclass.setUp(Unknown Source)
	at java.base/java.lang.reflect.Method.invoke(Method.java:580)
	at io.quarkus.test.junit.QuarkusTestExtension.runExtensionMethod(QuarkusTestExtension.java:1013)
	at io.quarkus.test.junit.QuarkusTestExtension.interceptBeforeEachMethod(QuarkusTestExtension.java:808)
	at java.base/java.util.ArrayList.forEach(ArrayList.java:1596)
	at java.base/java.util.ArrayList.forEach(ArrayList.java:1596)
Caused by: org.h2.jdbc.JdbcSQLIntegrityConstraintViolationException: Referential integrity constraint violation: "FK410Q61IEV7KLNCMPQFUO85IVH: PUBLIC.PROFILES FOREIGN KEY(USER_ID) REFERENCES PUBLIC.USERS(USER_ID) (CAST(186 AS BIGINT))"; SQL statement:
delete from users [23503-224]
	at org.h2.message.DbException.getJdbcSQLException(DbException.java:520)
	at org.h2.message.DbException.getJdbcSQLException(DbException.java:489)
	at org.h2.message.DbException.get(DbException.java:223)
	at org.h2.message.DbException.get(DbException.java:199)
	at org.h2.constraint.ConstraintReferential.checkRow(ConstraintReferential.java:365)
	at org.h2.constraint.ConstraintReferential.checkRowRefTable(ConstraintReferential.java:382)
	at org.h2.constraint.ConstraintReferential.checkRow(ConstraintReferential.java:256)
	at org.h2.table.Table.fireConstraints(Table.java:1200)
	at org.h2.table.Table.fireAfterRow(Table.java:1218)
	at org.h2.command.dml.Delete.update(Delete.java:92)
	at org.h2.command.dml.DataChangeStatement.update(DataChangeStatement.java:74)
	at org.h2.command.CommandContainer.update(CommandContainer.java:169)
	at org.h2.command.Command.executeUpdate(Command.java:256)
	at org.h2.jdbc.JdbcPreparedStatement.executeUpdateInternal(JdbcPreparedStatement.java:216)
	at org.h2.jdbc.JdbcPreparedStatement.executeUpdate(JdbcPreparedStatement.java:174)
	at io.agroal.pool.wrapper.PreparedStatementWrapper.executeUpdate(PreparedStatementWrapper.java:88)
	at org.hibernate.sql.exec.internal.StandardJdbcMutationExecutor.execute(StandardJdbcMutationExecutor.java:83)
	... 32 more

com.davon.library.resource.UserResourceTest.testDeleteUserNotFound -- Time elapsed: 0.001 s <<< ERROR!
org.hibernate.exception.ConstraintViolationException: 
JDBC exception executing SQL [delete from users] [Referential integrity constraint violation: "FK410Q61IEV7KLNCMPQFUO85IVH: PUBLIC.PROFILES FOREIGN KEY(USER_ID) REFERENCES PUBLIC.USERS(USER_ID) (CAST(186 AS BIGINT))"; SQL statement:
delete from users [23503-224]] [n/a]
	at org.hibernate.exception.internal.SQLExceptionTypeDelegate.convert(SQLExceptionTypeDelegate.java:60)
	at org.hibernate.exception.internal.StandardSQLExceptionConverter.convert(StandardSQLExceptionConverter.java:56)
	at org.hibernate.engine.jdbc.spi.SqlExceptionHelper.convert(SqlExceptionHelper.java:108)
	at org.hibernate.engine.jdbc.spi.SqlExceptionHelper.convert(SqlExceptionHelper.java:94)
	at org.hibernate.sql.exec.internal.StandardJdbcMutationExecutor.execute(StandardJdbcMutationExecutor.java:96)
	at org.hibernate.query.sqm.mutation.internal.temptable.RestrictedDeleteExecutionDelegate.executeSqlDelete(RestrictedDeleteExecutionDelegate.java:460)
	at org.hibernate.query.sqm.mutation.internal.temptable.RestrictedDeleteExecutionDelegate.deleteFromRootTableWithoutIdTable(RestrictedDeleteExecutionDelegate.java:368)
	at org.hibernate.query.sqm.mutation.internal.temptable.RestrictedDeleteExecutionDelegate.executeWithoutIdTable(RestrictedDeleteExecutionDelegate.java:354)
	at org.hibernate.query.sqm.mutation.internal.temptable.RestrictedDeleteExecutionDelegate.execute(RestrictedDeleteExecutionDelegate.java:196)
	at org.hibernate.query.sqm.mutation.internal.temptable.TableBasedDeleteHandler.execute(TableBasedDeleteHandler.java:64)
	at org.hibernate.query.sqm.mutation.internal.temptable.LocalTemporaryTableMutationStrategy.executeDelete(LocalTemporaryTableMutationStrategy.java:65)
	at org.hibernate.query.sqm.internal.MultiTableDeleteQueryPlan.executeUpdate(MultiTableDeleteQueryPlan.java:36)
	at org.hibernate.query.sqm.internal.QuerySqmImpl.doExecuteUpdate(QuerySqmImpl.java:735)
	at org.hibernate.query.sqm.internal.QuerySqmImpl.executeUpdate(QuerySqmImpl.java:705)
	at io.quarkus.hibernate.orm.panache.common.runtime.AbstractJpaOperations.deleteAll(AbstractJpaOperations.java:390)
	at com.davon.library.repository.UserRepository.deleteAll(UserRepository.java)
	at com.davon.library.repository.UserRepository_ClientProxy.deleteAll(Unknown Source)
	at com.davon.library.resource.UserResourceTest.setUp(UserResourceTest.java:30)
	at com.davon.library.resource.UserResourceTest_Subclass.setUp$$superforward(Unknown Source)
	at com.davon.library.resource.UserResourceTest_Subclass$$function$$1.apply(Unknown Source)
	at io.quarkus.arc.impl.AroundInvokeInvocationContext.proceed(AroundInvokeInvocationContext.java:73)
	at io.quarkus.arc.impl.AroundInvokeInvocationContext.proceed(AroundInvokeInvocationContext.java:62)
	at io.quarkus.narayana.jta.runtime.interceptor.TransactionalInterceptorBase.invokeInOurTx(TransactionalInterceptorBase.java:136)
	at io.quarkus.narayana.jta.runtime.interceptor.TransactionalInterceptorBase.invokeInOurTx(TransactionalInterceptorBase.java:107)
	at io.quarkus.narayana.jta.runtime.interceptor.TransactionalInterceptorRequired.doIntercept(TransactionalInterceptorRequired.java:38)
	at io.quarkus.narayana.jta.runtime.interceptor.TransactionalInterceptorBase.intercept(TransactionalInterceptorBase.java:61)
	at io.quarkus.narayana.jta.runtime.interceptor.TransactionalInterceptorRequired.intercept(TransactionalInterceptorRequired.java:32)
	at io.quarkus.narayana.jta.runtime.interceptor.TransactionalInterceptorRequired_Bean.intercept(Unknown Source)
	at io.quarkus.arc.impl.InterceptorInvocation.invoke(InterceptorInvocation.java:42)
	at io.quarkus.arc.impl.AroundInvokeInvocationContext.perform(AroundInvokeInvocationContext.java:30)
	at io.quarkus.arc.impl.InvocationContexts.performAroundInvoke(InvocationContexts.java:27)
	at com.davon.library.resource.UserResourceTest_Subclass.setUp(Unknown Source)
	at java.base/java.lang.reflect.Method.invoke(Method.java:580)
	at io.quarkus.test.junit.QuarkusTestExtension.runExtensionMethod(QuarkusTestExtension.java:1013)
	at io.quarkus.test.junit.QuarkusTestExtension.interceptBeforeEachMethod(QuarkusTestExtension.java:808)
	at java.base/java.util.ArrayList.forEach(ArrayList.java:1596)
	at java.base/java.util.ArrayList.forEach(ArrayList.java:1596)
Caused by: org.h2.jdbc.JdbcSQLIntegrityConstraintViolationException: Referential integrity constraint violation: "FK410Q61IEV7KLNCMPQFUO85IVH: PUBLIC.PROFILES FOREIGN KEY(USER_ID) REFERENCES PUBLIC.USERS(USER_ID) (CAST(186 AS BIGINT))"; SQL statement:
delete from users [23503-224]
	at org.h2.message.DbException.getJdbcSQLException(DbException.java:520)
	at org.h2.message.DbException.getJdbcSQLException(DbException.java:489)
	at org.h2.message.DbException.get(DbException.java:223)
	at org.h2.message.DbException.get(DbException.java:199)
	at org.h2.constraint.ConstraintReferential.checkRow(ConstraintReferential.java:365)
	at org.h2.constraint.ConstraintReferential.checkRowRefTable(ConstraintReferential.java:382)
	at org.h2.constraint.ConstraintReferential.checkRow(ConstraintReferential.java:256)
	at org.h2.table.Table.fireConstraints(Table.java:1200)
	at org.h2.table.Table.fireAfterRow(Table.java:1218)
	at org.h2.command.dml.Delete.update(Delete.java:92)
	at org.h2.command.dml.DataChangeStatement.update(DataChangeStatement.java:74)
	at org.h2.command.CommandContainer.update(CommandContainer.java:169)
	at org.h2.command.Command.executeUpdate(Command.java:256)
	at org.h2.jdbc.JdbcPreparedStatement.executeUpdateInternal(JdbcPreparedStatement.java:216)
	at org.h2.jdbc.JdbcPreparedStatement.executeUpdate(JdbcPreparedStatement.java:174)
	at io.agroal.pool.wrapper.PreparedStatementWrapper.executeUpdate(PreparedStatementWrapper.java:88)
	at org.hibernate.sql.exec.internal.StandardJdbcMutationExecutor.execute(StandardJdbcMutationExecutor.java:83)
	... 32 more

