<?xml version="1.0" encoding="UTF-8"?>
<testsuite xmlns:xsi="http://www.w3.org/2001/XMLSchema-instance" xsi:noNamespaceSchemaLocation="https://maven.apache.org/surefire/maven-surefire-plugin/xsd/surefire-test-report-3.0.xsd" version="3.0" name="com.davon.library.resource.BookResourceTest" time="0.472" tests="34" errors="1" skipped="0" failures="8">
  <properties>
[...]
</properties>
  <testcase name="testGetAllBooks_Success" classname="com.davon.library.resource.BookResourceTest" time="0.054">
    <system-out><![CDATA[Hibernate: 
    delete 
    from
        book_authors
Hibernate: 
    delete 
    from
        books
Hibernate: 
    delete 
    from
        book_authors
Hibernate: 
    delete 
    from
        authors
Hibernate: 
    delete 
    from
        admins
Hibernate: 
    delete 
    from
        members
Hibernate: 
    delete 
    from
        users
Hibernate: 
    insert 
    into
        users
        (created_at,email,is_logged_in,last_login_date,name,password,role,updated_at,role_id,user_id) 
    values
        (?,?,?,?,?,?,?,?,?,default)
Hibernate: 
    insert 
    into
        users
        (created_at,email,is_logged_in,last_login_date,name,password,role,updated_at,role_id,user_id) 
    values
        (?,?,?,?,?,?,?,?,?,default)
Hibernate: 
    insert 
    into
        authors
        (bio,name,author_id) 
    values
        (?,?,default)
Hibernate: 
    insert 
    into
        books
        (genre,isbn,publication_year,status,title,book_id) 
    values
        (?,?,?,?,?,default)
Hibernate: 
    select
        b1_0.book_id,
        b1_0.genre,
        b1_0.isbn,
        b1_0.publication_year,
        b1_0.status,
        b1_0.title 
    from
        books b1_0
Hibernate: 
    select
        a1_0.book_id,
        a1_1.author_id,
        a1_1.bio,
        a1_1.name 
    from
        book_authors a1_0 
    join
        authors a1_1 
            on a1_1.author_id=a1_0.author_id 
    where
        a1_0.book_id=?
Hibernate: 
    select
        i1_0.inventory_id,
        i1_0.available_copies,
        i1_0.book_id,
        b1_0.book_id,
        b1_0.genre,
        b1_0.isbn,
        b1_0.publication_year,
        b1_0.status,
        b1_0.title,
        i1_0.damaged_copies,
        i1_0.library_id,
        i1_0.reserved_copies,
        i1_0.total_copies 
    from
        books b1_0 
    left join
        inventories i1_0 
            on b1_0.book_id=i1_0.book_id 
    where
        b1_0.book_id=?
Hibernate: 
    select
        l1_0.book_id,
        l1_0.loan_id,
        l1_0.due_date,
        l1_0.fine_amount,
        l1_0.loan_date,
        l1_0.member_id,
        l1_0.return_date,
        l1_0.status 
    from
        loans l1_0 
    where
        l1_0.book_id=?
]]></system-out>
  </testcase>
  <testcase name="testGetAvailableBooks_Success" classname="com.davon.library.resource.BookResourceTest" time="0.015">
    <system-out><![CDATA[Hibernate: 
    delete 
    from
        book_authors
Hibernate: 
    delete 
    from
        books
Hibernate: 
    delete 
    from
        book_authors
Hibernate: 
    delete 
    from
        authors
Hibernate: 
    delete 
    from
        admins
Hibernate: 
    delete 
    from
        members
Hibernate: 
    delete 
    from
        users
Hibernate: 
    insert 
    into
        users
        (created_at,email,is_logged_in,last_login_date,name,password,role,updated_at,role_id,user_id) 
    values
        (?,?,?,?,?,?,?,?,?,default)
Hibernate: 
    insert 
    into
        users
        (created_at,email,is_logged_in,last_login_date,name,password,role,updated_at,role_id,user_id) 
    values
        (?,?,?,?,?,?,?,?,?,default)
Hibernate: 
    insert 
    into
        authors
        (bio,name,author_id) 
    values
        (?,?,default)
Hibernate: 
    insert 
    into
        books
        (genre,isbn,publication_year,status,title,book_id) 
    values
        (?,?,?,?,?,default)
Hibernate: 
    select
        b1_0.book_id,
        b1_0.genre,
        b1_0.isbn,
        b1_0.publication_year,
        b1_0.status,
        b1_0.title 
    from
        books b1_0 
    where
        b1_0.status=?
Hibernate: 
    select
        a1_0.book_id,
        a1_1.author_id,
        a1_1.bio,
        a1_1.name 
    from
        book_authors a1_0 
    join
        authors a1_1 
            on a1_1.author_id=a1_0.author_id 
    where
        a1_0.book_id=?
Hibernate: 
    select
        i1_0.inventory_id,
        i1_0.available_copies,
        i1_0.book_id,
        b1_0.book_id,
        b1_0.genre,
        b1_0.isbn,
        b1_0.publication_year,
        b1_0.status,
        b1_0.title,
        i1_0.damaged_copies,
        i1_0.library_id,
        i1_0.reserved_copies,
        i1_0.total_copies 
    from
        books b1_0 
    left join
        inventories i1_0 
            on b1_0.book_id=i1_0.book_id 
    where
        b1_0.book_id=?
Hibernate: 
    select
        l1_0.book_id,
        l1_0.loan_id,
        l1_0.due_date,
        l1_0.fine_amount,
        l1_0.loan_date,
        l1_0.member_id,
        l1_0.return_date,
        l1_0.status 
    from
        loans l1_0 
    where
        l1_0.book_id=?
]]></system-out>
  </testcase>
  <testcase name="testGetBookById_Success" classname="com.davon.library.resource.BookResourceTest" time="0.021">
    <system-out><![CDATA[Hibernate: 
    delete 
    from
        book_authors
Hibernate: 
    delete 
    from
        books
Hibernate: 
    delete 
    from
        book_authors
Hibernate: 
    delete 
    from
        authors
Hibernate: 
    delete 
    from
        admins
Hibernate: 
    delete 
    from
        members
Hibernate: 
    delete 
    from
        users
Hibernate: 
    insert 
    into
        users
        (created_at,email,is_logged_in,last_login_date,name,password,role,updated_at,role_id,user_id) 
    values
        (?,?,?,?,?,?,?,?,?,default)
Hibernate: 
    insert 
    into
        users
        (created_at,email,is_logged_in,last_login_date,name,password,role,updated_at,role_id,user_id) 
    values
        (?,?,?,?,?,?,?,?,?,default)
Hibernate: 
    insert 
    into
        authors
        (bio,name,author_id) 
    values
        (?,?,default)
Hibernate: 
    insert 
    into
        books
        (genre,isbn,publication_year,status,title,book_id) 
    values
        (?,?,?,?,?,default)
Hibernate: 
    select
        b1_0.book_id,
        b1_0.genre,
        b1_0.isbn,
        b1_0.publication_year,
        b1_0.status,
        b1_0.title 
    from
        books b1_0 
    where
        b1_0.book_id=?
Hibernate: 
    select
        a1_0.book_id,
        a1_1.author_id,
        a1_1.bio,
        a1_1.name 
    from
        book_authors a1_0 
    join
        authors a1_1 
            on a1_1.author_id=a1_0.author_id 
    where
        a1_0.book_id=?
Hibernate: 
    select
        i1_0.inventory_id,
        i1_0.available_copies,
        i1_0.book_id,
        b1_0.book_id,
        b1_0.genre,
        b1_0.isbn,
        b1_0.publication_year,
        b1_0.status,
        b1_0.title,
        i1_0.damaged_copies,
        i1_0.library_id,
        i1_0.reserved_copies,
        i1_0.total_copies 
    from
        books b1_0 
    left join
        inventories i1_0 
            on b1_0.book_id=i1_0.book_id 
    where
        b1_0.book_id=?
Hibernate: 
    select
        l1_0.book_id,
        l1_0.loan_id,
        l1_0.due_date,
        l1_0.fine_amount,
        l1_0.loan_date,
        l1_0.member_id,
        l1_0.return_date,
        l1_0.status 
    from
        loans l1_0 
    where
        l1_0.book_id=?
]]></system-out>
  </testcase>
  <testcase name="testGetBookById_InvalidId" classname="com.davon.library.resource.BookResourceTest" time="0.007">
    <system-out><![CDATA[Hibernate: 
    delete 
    from
        book_authors
Hibernate: 
    delete 
    from
        books
Hibernate: 
    delete 
    from
        book_authors
Hibernate: 
    delete 
    from
        authors
Hibernate: 
    delete 
    from
        admins
Hibernate: 
    delete 
    from
        members
Hibernate: 
    delete 
    from
        users
Hibernate: 
    insert 
    into
        users
        (created_at,email,is_logged_in,last_login_date,name,password,role,updated_at,role_id,user_id) 
    values
        (?,?,?,?,?,?,?,?,?,default)
Hibernate: 
    insert 
    into
        users
        (created_at,email,is_logged_in,last_login_date,name,password,role,updated_at,role_id,user_id) 
    values
        (?,?,?,?,?,?,?,?,?,default)
Hibernate: 
    insert 
    into
        authors
        (bio,name,author_id) 
    values
        (?,?,default)
Hibernate: 
    insert 
    into
        books
        (genre,isbn,publication_year,status,title,book_id) 
    values
        (?,?,?,?,?,default)
]]></system-out>
  </testcase>
  <testcase name="testAddAuthorToBook_AsAdmin_Success" classname="com.davon.library.resource.BookResourceTest" time="0.009">
    <failure message="1 expectation failed.&#10;Expected status code &lt;200&gt; but was &lt;415&gt;.&#10;" type="java.lang.AssertionError"><![CDATA[java.lang.AssertionError: 
1 expectation failed.
Expected status code <200> but was <415>.

	at java.base/jdk.internal.reflect.DirectConstructorHandleAccessor.newInstance(DirectConstructorHandleAccessor.java:62)
	at java.base/java.lang.reflect.Constructor.newInstanceWithCaller(Constructor.java:502)
	at java.base/java.lang.reflect.Constructor.newInstance(Constructor.java:486)
	at org.codehaus.groovy.reflection.CachedConstructor.invoke(CachedConstructor.java:73)
	at org.codehaus.groovy.runtime.callsite.ConstructorSite$ConstructorSiteNoUnwrapNoCoerce.callConstructor(ConstructorSite.java:108)
	at org.codehaus.groovy.runtime.callsite.AbstractCallSite.callConstructor(AbstractCallSite.java:277)
	at io.restassured.internal.ResponseSpecificationImpl$HamcrestAssertionClosure.validate(ResponseSpecificationImpl.groovy:512)
	at io.restassured.internal.ResponseSpecificationImpl$HamcrestAssertionClosure$validate$1.call(Unknown Source)
	at io.restassured.internal.ResponseSpecificationImpl.validateResponseIfRequired(ResponseSpecificationImpl.groovy:696)
	at io.restassured.internal.ResponseSpecificationImpl.this$2$validateResponseIfRequired(ResponseSpecificationImpl.groovy)
	at java.base/jdk.internal.reflect.DirectMethodHandleAccessor.invoke(DirectMethodHandleAccessor.java:103)
	at java.base/java.lang.reflect.Method.invoke(Method.java:580)
	at org.codehaus.groovy.runtime.callsite.PlainObjectMetaMethodSite.doInvoke(PlainObjectMetaMethodSite.java:43)
	at org.codehaus.groovy.runtime.callsite.PogoMetaMethodSite$PogoCachedMethodSiteNoUnwrapNoCoerce.invoke(PogoMetaMethodSite.java:198)
	at org.codehaus.groovy.runtime.callsite.PogoMetaMethodSite.callCurrent(PogoMetaMethodSite.java:62)
	at org.codehaus.groovy.runtime.callsite.AbstractCallSite.callCurrent(AbstractCallSite.java:185)
	at io.restassured.internal.ResponseSpecificationImpl.statusCode(ResponseSpecificationImpl.groovy:135)
	at io.restassured.specification.ResponseSpecification$statusCode$0.callCurrent(Unknown Source)
	at io.restassured.internal.ResponseSpecificationImpl.statusCode(ResponseSpecificationImpl.groovy:143)
	at io.restassured.internal.ValidatableResponseOptionsImpl.statusCode(ValidatableResponseOptionsImpl.java:89)
	at com.davon.library.resource.BookResourceTest.testAddAuthorToBook_AsAdmin_Success(BookResourceTest.java:471)
	at java.base/java.lang.reflect.Method.invoke(Method.java:580)
	at io.quarkus.test.junit.QuarkusTestExtension.runExtensionMethod(QuarkusTestExtension.java:1013)
	at io.quarkus.test.junit.QuarkusTestExtension.interceptTestMethod(QuarkusTestExtension.java:827)
	at java.base/java.util.ArrayList.forEach(ArrayList.java:1596)
	at java.base/java.util.ArrayList.forEach(ArrayList.java:1596)
]]></failure>
    <system-out><![CDATA[Hibernate: 
    delete 
    from
        book_authors
Hibernate: 
    delete 
    from
        books
Hibernate: 
    delete 
    from
        book_authors
Hibernate: 
    delete 
    from
        authors
Hibernate: 
    delete 
    from
        admins
Hibernate: 
    delete 
    from
        members
Hibernate: 
    delete 
    from
        users
Hibernate: 
    insert 
    into
        users
        (created_at,email,is_logged_in,last_login_date,name,password,role,updated_at,role_id,user_id) 
    values
        (?,?,?,?,?,?,?,?,?,default)
Hibernate: 
    insert 
    into
        users
        (created_at,email,is_logged_in,last_login_date,name,password,role,updated_at,role_id,user_id) 
    values
        (?,?,?,?,?,?,?,?,?,default)
Hibernate: 
    insert 
    into
        authors
        (bio,name,author_id) 
    values
        (?,?,default)
Hibernate: 
    insert 
    into
        books
        (genre,isbn,publication_year,status,title,book_id) 
    values
        (?,?,?,?,?,default)
]]></system-out>
  </testcase>
  <testcase name="testGetBooksByGenre_Success" classname="com.davon.library.resource.BookResourceTest" time="0.016">
    <system-out><![CDATA[Hibernate: 
    delete 
    from
        book_authors
Hibernate: 
    delete 
    from
        books
Hibernate: 
    delete 
    from
        book_authors
Hibernate: 
    delete 
    from
        authors
Hibernate: 
    delete 
    from
        admins
Hibernate: 
    delete 
    from
        members
Hibernate: 
    delete 
    from
        users
Hibernate: 
    insert 
    into
        users
        (created_at,email,is_logged_in,last_login_date,name,password,role,updated_at,role_id,user_id) 
    values
        (?,?,?,?,?,?,?,?,?,default)
Hibernate: 
    insert 
    into
        users
        (created_at,email,is_logged_in,last_login_date,name,password,role,updated_at,role_id,user_id) 
    values
        (?,?,?,?,?,?,?,?,?,default)
Hibernate: 
    insert 
    into
        authors
        (bio,name,author_id) 
    values
        (?,?,default)
Hibernate: 
    insert 
    into
        books
        (genre,isbn,publication_year,status,title,book_id) 
    values
        (?,?,?,?,?,default)
Hibernate: 
    select
        b1_0.book_id,
        b1_0.genre,
        b1_0.isbn,
        b1_0.publication_year,
        b1_0.status,
        b1_0.title 
    from
        books b1_0 
    where
        b1_0.genre=?
Hibernate: 
    select
        a1_0.book_id,
        a1_1.author_id,
        a1_1.bio,
        a1_1.name 
    from
        book_authors a1_0 
    join
        authors a1_1 
            on a1_1.author_id=a1_0.author_id 
    where
        a1_0.book_id=?
Hibernate: 
    select
        i1_0.inventory_id,
        i1_0.available_copies,
        i1_0.book_id,
        b1_0.book_id,
        b1_0.genre,
        b1_0.isbn,
        b1_0.publication_year,
        b1_0.status,
        b1_0.title,
        i1_0.damaged_copies,
        i1_0.library_id,
        i1_0.reserved_copies,
        i1_0.total_copies 
    from
        books b1_0 
    left join
        inventories i1_0 
            on b1_0.book_id=i1_0.book_id 
    where
        b1_0.book_id=?
Hibernate: 
    select
        l1_0.book_id,
        l1_0.loan_id,
        l1_0.due_date,
        l1_0.fine_amount,
        l1_0.loan_date,
        l1_0.member_id,
        l1_0.return_date,
        l1_0.status 
    from
        loans l1_0 
    where
        l1_0.book_id=?
]]></system-out>
  </testcase>
  <testcase name="testSearchFunctionality" classname="com.davon.library.resource.BookResourceTest" time="0.024">
    <failure message="1 expectation failed.&#10;JSON path size() doesn&apos;t match.&#10;Expected: &lt;1&gt;&#10;  Actual: &lt;0&gt;&#10;" type="java.lang.AssertionError"><![CDATA[java.lang.AssertionError: 
1 expectation failed.
JSON path size() doesn't match.
Expected: <1>
  Actual: <0>

	at java.base/jdk.internal.reflect.DirectConstructorHandleAccessor.newInstance(DirectConstructorHandleAccessor.java:62)
	at java.base/java.lang.reflect.Constructor.newInstanceWithCaller(Constructor.java:502)
	at java.base/java.lang.reflect.Constructor.newInstance(Constructor.java:486)
	at org.codehaus.groovy.reflection.CachedConstructor.invoke(CachedConstructor.java:73)
	at org.codehaus.groovy.runtime.callsite.ConstructorSite$ConstructorSiteNoUnwrapNoCoerce.callConstructor(ConstructorSite.java:108)
	at org.codehaus.groovy.runtime.callsite.AbstractCallSite.callConstructor(AbstractCallSite.java:277)
	at io.restassured.internal.ResponseSpecificationImpl$HamcrestAssertionClosure.validate(ResponseSpecificationImpl.groovy:512)
	at io.restassured.internal.ResponseSpecificationImpl$HamcrestAssertionClosure$validate$1.call(Unknown Source)
	at io.restassured.internal.ResponseSpecificationImpl.validateResponseIfRequired(ResponseSpecificationImpl.groovy:696)
	at io.restassured.internal.ResponseSpecificationImpl.this$2$validateResponseIfRequired(ResponseSpecificationImpl.groovy)
	at java.base/jdk.internal.reflect.DirectMethodHandleAccessor.invoke(DirectMethodHandleAccessor.java:103)
	at java.base/java.lang.reflect.Method.invoke(Method.java:580)
	at org.codehaus.groovy.runtime.callsite.PlainObjectMetaMethodSite.doInvoke(PlainObjectMetaMethodSite.java:43)
	at org.codehaus.groovy.runtime.callsite.PogoMetaMethodSite$PogoCachedMethodSiteNoUnwrapNoCoerce.invoke(PogoMetaMethodSite.java:198)
	at org.codehaus.groovy.runtime.callsite.PogoMetaMethodSite.callCurrent(PogoMetaMethodSite.java:62)
	at org.codehaus.groovy.runtime.callsite.AbstractCallSite.callCurrent(AbstractCallSite.java:185)
	at io.restassured.internal.ResponseSpecificationImpl.body(ResponseSpecificationImpl.groovy:270)
	at io.restassured.specification.ResponseSpecification$body$1.callCurrent(Unknown Source)
	at io.restassured.internal.ResponseSpecificationImpl.body(ResponseSpecificationImpl.groovy:117)
	at io.restassured.internal.ValidatableResponseOptionsImpl.body(ValidatableResponseOptionsImpl.java:244)
	at com.davon.library.resource.BookResourceTest.testSearchFunctionality(BookResourceTest.java:741)
	at com.davon.library.resource.BookResourceTest_Subclass.testSearchFunctionality$$superforward(Unknown Source)
	at com.davon.library.resource.BookResourceTest_Subclass$$function$$7.apply(Unknown Source)
	at io.quarkus.arc.impl.AroundInvokeInvocationContext.proceed(AroundInvokeInvocationContext.java:73)
	at io.quarkus.arc.impl.AroundInvokeInvocationContext.proceed(AroundInvokeInvocationContext.java:62)
	at io.quarkus.narayana.jta.runtime.interceptor.TransactionalInterceptorBase.invokeInOurTx(TransactionalInterceptorBase.java:136)
	at io.quarkus.narayana.jta.runtime.interceptor.TransactionalInterceptorBase.invokeInOurTx(TransactionalInterceptorBase.java:107)
	at io.quarkus.narayana.jta.runtime.interceptor.TransactionalInterceptorRequired.doIntercept(TransactionalInterceptorRequired.java:38)
	at io.quarkus.narayana.jta.runtime.interceptor.TransactionalInterceptorBase.intercept(TransactionalInterceptorBase.java:61)
	at io.quarkus.narayana.jta.runtime.interceptor.TransactionalInterceptorRequired.intercept(TransactionalInterceptorRequired.java:32)
	at io.quarkus.narayana.jta.runtime.interceptor.TransactionalInterceptorRequired_Bean.intercept(Unknown Source)
	at io.quarkus.arc.impl.InterceptorInvocation.invoke(InterceptorInvocation.java:42)
	at io.quarkus.arc.impl.AroundInvokeInvocationContext.perform(AroundInvokeInvocationContext.java:30)
	at io.quarkus.arc.impl.InvocationContexts.performAroundInvoke(InvocationContexts.java:27)
	at com.davon.library.resource.BookResourceTest_Subclass.testSearchFunctionality(Unknown Source)
	at java.base/java.lang.reflect.Method.invoke(Method.java:580)
	at io.quarkus.test.junit.QuarkusTestExtension.runExtensionMethod(QuarkusTestExtension.java:1013)
	at io.quarkus.test.junit.QuarkusTestExtension.interceptTestMethod(QuarkusTestExtension.java:827)
	at java.base/java.util.ArrayList.forEach(ArrayList.java:1596)
	at java.base/java.util.ArrayList.forEach(ArrayList.java:1596)
]]></failure>
    <system-out><![CDATA[Hibernate: 
    delete 
    from
        book_authors
Hibernate: 
    delete 
    from
        books
Hibernate: 
    delete 
    from
        book_authors
Hibernate: 
    delete 
    from
        authors
Hibernate: 
    delete 
    from
        admins
Hibernate: 
    delete 
    from
        members
Hibernate: 
    delete 
    from
        users
Hibernate: 
    insert 
    into
        users
        (created_at,email,is_logged_in,last_login_date,name,password,role,updated_at,role_id,user_id) 
    values
        (?,?,?,?,?,?,?,?,?,default)
Hibernate: 
    insert 
    into
        users
        (created_at,email,is_logged_in,last_login_date,name,password,role,updated_at,role_id,user_id) 
    values
        (?,?,?,?,?,?,?,?,?,default)
Hibernate: 
    insert 
    into
        authors
        (bio,name,author_id) 
    values
        (?,?,default)
Hibernate: 
    insert 
    into
        books
        (genre,isbn,publication_year,status,title,book_id) 
    values
        (?,?,?,?,?,default)
Hibernate: 
    insert 
    into
        books
        (genre,isbn,publication_year,status,title,book_id) 
    values
        (?,?,?,?,?,default)
Hibernate: 
    insert 
    into
        books
        (genre,isbn,publication_year,status,title,book_id) 
    values
        (?,?,?,?,?,default)
Hibernate: 
    select
        b1_0.book_id,
        b1_0.genre,
        b1_0.isbn,
        b1_0.publication_year,
        b1_0.status,
        b1_0.title 
    from
        books b1_0 
    where
        lower(b1_0.title) like lower(?) escape ''
]]></system-out>
  </testcase>
  <testcase name="testAddBook_AsAdmin_Success" classname="com.davon.library.resource.BookResourceTest" time="0.02">
    <system-out><![CDATA[Hibernate: 
    delete 
    from
        book_authors
Hibernate: 
    delete 
    from
        books
Hibernate: 
    delete 
    from
        book_authors
Hibernate: 
    delete 
    from
        authors
Hibernate: 
    delete 
    from
        admins
Hibernate: 
    delete 
    from
        members
Hibernate: 
    delete 
    from
        users
Hibernate: 
    insert 
    into
        users
        (created_at,email,is_logged_in,last_login_date,name,password,role,updated_at,role_id,user_id) 
    values
        (?,?,?,?,?,?,?,?,?,default)
Hibernate: 
    insert 
    into
        users
        (created_at,email,is_logged_in,last_login_date,name,password,role,updated_at,role_id,user_id) 
    values
        (?,?,?,?,?,?,?,?,?,default)
Hibernate: 
    insert 
    into
        authors
        (bio,name,author_id) 
    values
        (?,?,default)
Hibernate: 
    insert 
    into
        books
        (genre,isbn,publication_year,status,title,book_id) 
    values
        (?,?,?,?,?,default)
Hibernate: 
    select
        u1_0.user_id,
        case 
            when u1_1.user_id is not null then 1 
            when u1_2.user_id is not null then 2 
            when u1_0.user_id is not null then 0 
        end,
        u1_0.created_at,
        u1_0.email,
        u1_0.is_logged_in,
        u1_0.last_login_date,
        u1_0.name,
        u1_0.password,
        u1_0.role,
        u1_0.updated_at,
        u1_0.role_id,
        u1_2.admin_level,
        u1_2.department,
        u1_2.last_admin_action,
        u1_1.library_id,
        u1_1.membership_end,
        u1_1.membership_number,
        u1_1.membership_start,
        u1_1.total_fines,
        u1_1.user_id 
    from
        users u1_0 
    left join
        members u1_1 
            on u1_0.user_id=u1_1.user_id 
    left join
        admins u1_2 
            on u1_0.user_id=u1_2.user_id 
    where
        u1_0.user_id=?
Hibernate: 
    insert 
    into
        books
        (genre,isbn,publication_year,status,title,book_id) 
    values
        (?,?,?,?,?,default)
]]></system-out>
  </testcase>
  <testcase name="testRemoveAuthorFromBook_AsAdmin_Success" classname="com.davon.library.resource.BookResourceTest" time="0.013">
    <system-out><![CDATA[Hibernate: 
    delete 
    from
        book_authors
Hibernate: 
    delete 
    from
        books
Hibernate: 
    delete 
    from
        book_authors
Hibernate: 
    delete 
    from
        authors
Hibernate: 
    delete 
    from
        admins
Hibernate: 
    delete 
    from
        members
Hibernate: 
    delete 
    from
        users
Hibernate: 
    insert 
    into
        users
        (created_at,email,is_logged_in,last_login_date,name,password,role,updated_at,role_id,user_id) 
    values
        (?,?,?,?,?,?,?,?,?,default)
Hibernate: 
    insert 
    into
        users
        (created_at,email,is_logged_in,last_login_date,name,password,role,updated_at,role_id,user_id) 
    values
        (?,?,?,?,?,?,?,?,?,default)
Hibernate: 
    insert 
    into
        authors
        (bio,name,author_id) 
    values
        (?,?,default)
Hibernate: 
    insert 
    into
        books
        (genre,isbn,publication_year,status,title,book_id) 
    values
        (?,?,?,?,?,default)
Hibernate: 
    select
        b1_0.book_id,
        b1_0.genre,
        b1_0.isbn,
        b1_0.publication_year,
        b1_0.status,
        b1_0.title 
    from
        books b1_0 
    where
        b1_0.book_id=?
Hibernate: 
    select
        a1_0.author_id,
        a1_0.bio,
        a1_0.name 
    from
        authors a1_0 
    where
        a1_0.author_id=?
Hibernate: 
    select
        a1_0.book_id,
        a1_1.author_id,
        a1_1.bio,
        a1_1.name 
    from
        book_authors a1_0 
    join
        authors a1_1 
            on a1_1.author_id=a1_0.author_id 
    where
        a1_0.book_id=?
Author 'Test Author' added to book 'Test Book'
Hibernate: 
    select
        u1_0.user_id,
        case 
            when u1_1.user_id is not null then 1 
            when u1_2.user_id is not null then 2 
            when u1_0.user_id is not null then 0 
        end,
        u1_0.created_at,
        u1_0.email,
        u1_0.is_logged_in,
        u1_0.last_login_date,
        u1_0.name,
        u1_0.password,
        u1_0.role,
        u1_0.updated_at,
        u1_0.role_id,
        u1_2.admin_level,
        u1_2.department,
        u1_2.last_admin_action,
        u1_1.library_id,
        u1_1.membership_end,
        u1_1.membership_number,
        u1_1.membership_start,
        u1_1.total_fines,
        u1_1.user_id 
    from
        users u1_0 
    left join
        members u1_1 
            on u1_0.user_id=u1_1.user_id 
    left join
        admins u1_2 
            on u1_0.user_id=u1_2.user_id 
    where
        u1_0.user_id=?
Hibernate: 
    select
        b1_0.book_id,
        b1_0.genre,
        b1_0.isbn,
        b1_0.publication_year,
        b1_0.status,
        b1_0.title 
    from
        books b1_0 
    where
        b1_0.book_id=?
Hibernate: 
    select
        a1_0.author_id,
        a1_0.bio,
        a1_0.name 
    from
        authors a1_0 
    where
        a1_0.author_id=?
Hibernate: 
    select
        a1_0.book_id,
        a1_1.author_id,
        a1_1.bio,
        a1_1.name 
    from
        book_authors a1_0 
    join
        authors a1_1 
            on a1_1.author_id=a1_0.author_id 
    where
        a1_0.book_id=?
Author is not associated with this book
Hibernate: 
    insert 
    into
        book_authors
        (book_id,author_id) 
    values
        (?,?)
]]></system-out>
  </testcase>
  <testcase name="testAddBook_AcceptJSON" classname="com.davon.library.resource.BookResourceTest" time="0.011">
    <system-out><![CDATA[Hibernate: 
    delete 
    from
        book_authors
Hibernate: 
    delete 
    from
        books
Hibernate: 
    delete 
    from
        book_authors
Hibernate: 
    delete 
    from
        authors
Hibernate: 
    delete 
    from
        admins
Hibernate: 
    delete 
    from
        members
Hibernate: 
    delete 
    from
        users
Hibernate: 
    insert 
    into
        users
        (created_at,email,is_logged_in,last_login_date,name,password,role,updated_at,role_id,user_id) 
    values
        (?,?,?,?,?,?,?,?,?,default)
Hibernate: 
    insert 
    into
        users
        (created_at,email,is_logged_in,last_login_date,name,password,role,updated_at,role_id,user_id) 
    values
        (?,?,?,?,?,?,?,?,?,default)
Hibernate: 
    insert 
    into
        authors
        (bio,name,author_id) 
    values
        (?,?,default)
Hibernate: 
    insert 
    into
        books
        (genre,isbn,publication_year,status,title,book_id) 
    values
        (?,?,?,?,?,default)
Hibernate: 
    select
        u1_0.user_id,
        case 
            when u1_1.user_id is not null then 1 
            when u1_2.user_id is not null then 2 
            when u1_0.user_id is not null then 0 
        end,
        u1_0.created_at,
        u1_0.email,
        u1_0.is_logged_in,
        u1_0.last_login_date,
        u1_0.name,
        u1_0.password,
        u1_0.role,
        u1_0.updated_at,
        u1_0.role_id,
        u1_2.admin_level,
        u1_2.department,
        u1_2.last_admin_action,
        u1_1.library_id,
        u1_1.membership_end,
        u1_1.membership_number,
        u1_1.membership_start,
        u1_1.total_fines,
        u1_1.user_id 
    from
        users u1_0 
    left join
        members u1_1 
            on u1_0.user_id=u1_1.user_id 
    left join
        admins u1_2 
            on u1_0.user_id=u1_2.user_id 
    where
        u1_0.user_id=?
Hibernate: 
    insert 
    into
        books
        (genre,isbn,publication_year,status,title,book_id) 
    values
        (?,?,?,?,?,default)
]]></system-out>
  </testcase>
  <testcase name="testUpdateBook_AsAdmin_Success" classname="com.davon.library.resource.BookResourceTest" time="0.017">
    <failure message="1 expectation failed.&#10;Expected status code &lt;200&gt; but was &lt;500&gt;.&#10;" type="java.lang.AssertionError"><![CDATA[java.lang.AssertionError: 
1 expectation failed.
Expected status code <200> but was <500>.

	at java.base/jdk.internal.reflect.DirectConstructorHandleAccessor.newInstance(DirectConstructorHandleAccessor.java:62)
	at java.base/java.lang.reflect.Constructor.newInstanceWithCaller(Constructor.java:502)
	at java.base/java.lang.reflect.Constructor.newInstance(Constructor.java:486)
	at org.codehaus.groovy.reflection.CachedConstructor.invoke(CachedConstructor.java:73)
	at org.codehaus.groovy.runtime.callsite.ConstructorSite$ConstructorSiteNoUnwrapNoCoerce.callConstructor(ConstructorSite.java:108)
	at org.codehaus.groovy.runtime.callsite.AbstractCallSite.callConstructor(AbstractCallSite.java:277)
	at io.restassured.internal.ResponseSpecificationImpl$HamcrestAssertionClosure.validate(ResponseSpecificationImpl.groovy:512)
	at io.restassured.internal.ResponseSpecificationImpl$HamcrestAssertionClosure$validate$1.call(Unknown Source)
	at io.restassured.internal.ResponseSpecificationImpl.validateResponseIfRequired(ResponseSpecificationImpl.groovy:696)
	at io.restassured.internal.ResponseSpecificationImpl.this$2$validateResponseIfRequired(ResponseSpecificationImpl.groovy)
	at java.base/jdk.internal.reflect.DirectMethodHandleAccessor.invoke(DirectMethodHandleAccessor.java:103)
	at java.base/java.lang.reflect.Method.invoke(Method.java:580)
	at org.codehaus.groovy.runtime.callsite.PlainObjectMetaMethodSite.doInvoke(PlainObjectMetaMethodSite.java:43)
	at org.codehaus.groovy.runtime.callsite.PogoMetaMethodSite$PogoCachedMethodSiteNoUnwrapNoCoerce.invoke(PogoMetaMethodSite.java:198)
	at org.codehaus.groovy.runtime.callsite.PogoMetaMethodSite.callCurrent(PogoMetaMethodSite.java:62)
	at org.codehaus.groovy.runtime.callsite.AbstractCallSite.callCurrent(AbstractCallSite.java:185)
	at io.restassured.internal.ResponseSpecificationImpl.statusCode(ResponseSpecificationImpl.groovy:135)
	at io.restassured.specification.ResponseSpecification$statusCode$0.callCurrent(Unknown Source)
	at io.restassured.internal.ResponseSpecificationImpl.statusCode(ResponseSpecificationImpl.groovy:143)
	at io.restassured.internal.ValidatableResponseOptionsImpl.statusCode(ValidatableResponseOptionsImpl.java:89)
	at com.davon.library.resource.BookResourceTest.testUpdateBook_AsAdmin_Success(BookResourceTest.java:355)
	at java.base/java.lang.reflect.Method.invoke(Method.java:580)
	at io.quarkus.test.junit.QuarkusTestExtension.runExtensionMethod(QuarkusTestExtension.java:1013)
	at io.quarkus.test.junit.QuarkusTestExtension.interceptTestMethod(QuarkusTestExtension.java:827)
	at java.base/java.util.ArrayList.forEach(ArrayList.java:1596)
	at java.base/java.util.ArrayList.forEach(ArrayList.java:1596)
]]></failure>
    <system-out><![CDATA[Hibernate: 
    delete 
    from
        book_authors
Hibernate: 
    delete 
    from
        books
Hibernate: 
    delete 
    from
        book_authors
Hibernate: 
    delete 
    from
        authors
Hibernate: 
    delete 
    from
        admins
Hibernate: 
    delete 
    from
        members
Hibernate: 
    delete 
    from
        users
Hibernate: 
    insert 
    into
        users
        (created_at,email,is_logged_in,last_login_date,name,password,role,updated_at,role_id,user_id) 
    values
        (?,?,?,?,?,?,?,?,?,default)
Hibernate: 
    insert 
    into
        users
        (created_at,email,is_logged_in,last_login_date,name,password,role,updated_at,role_id,user_id) 
    values
        (?,?,?,?,?,?,?,?,?,default)
Hibernate: 
    insert 
    into
        authors
        (bio,name,author_id) 
    values
        (?,?,default)
Hibernate: 
    insert 
    into
        books
        (genre,isbn,publication_year,status,title,book_id) 
    values
        (?,?,?,?,?,default)
Hibernate: 
    select
        u1_0.user_id,
        case 
            when u1_1.user_id is not null then 1 
            when u1_2.user_id is not null then 2 
            when u1_0.user_id is not null then 0 
        end,
        u1_0.created_at,
        u1_0.email,
        u1_0.is_logged_in,
        u1_0.last_login_date,
        u1_0.name,
        u1_0.password,
        u1_0.role,
        u1_0.updated_at,
        u1_0.role_id,
        u1_2.admin_level,
        u1_2.department,
        u1_2.last_admin_action,
        u1_1.library_id,
        u1_1.membership_end,
        u1_1.membership_number,
        u1_1.membership_start,
        u1_1.total_fines,
        u1_1.user_id 
    from
        users u1_0 
    left join
        members u1_1 
            on u1_0.user_id=u1_1.user_id 
    left join
        admins u1_2 
            on u1_0.user_id=u1_2.user_id 
    where
        u1_0.user_id=?
Hibernate: 
    select
        b1_0.book_id,
        b1_0.genre,
        b1_0.isbn,
        b1_0.publication_year,
        b1_0.status,
        b1_0.title 
    from
        books b1_0 
    where
        b1_0.book_id=?
Hibernate: 
    update
        books 
    set
        genre=?,
        isbn=?,
        publication_year=?,
        status=?,
        title=? 
    where
        book_id=?
]]></system-out>
  </testcase>
  <testcase name="testAddBook_AsRegularUser_Forbidden" classname="com.davon.library.resource.BookResourceTest" time="0.007">
    <system-out><![CDATA[Hibernate: 
    delete 
    from
        book_authors
Hibernate: 
    delete 
    from
        books
Hibernate: 
    delete 
    from
        book_authors
Hibernate: 
    delete 
    from
        authors
Hibernate: 
    delete 
    from
        admins
Hibernate: 
    delete 
    from
        members
Hibernate: 
    delete 
    from
        users
Hibernate: 
    insert 
    into
        users
        (created_at,email,is_logged_in,last_login_date,name,password,role,updated_at,role_id,user_id) 
    values
        (?,?,?,?,?,?,?,?,?,default)
Hibernate: 
    insert 
    into
        users
        (created_at,email,is_logged_in,last_login_date,name,password,role,updated_at,role_id,user_id) 
    values
        (?,?,?,?,?,?,?,?,?,default)
Hibernate: 
    insert 
    into
        authors
        (bio,name,author_id) 
    values
        (?,?,default)
Hibernate: 
    insert 
    into
        books
        (genre,isbn,publication_year,status,title,book_id) 
    values
        (?,?,?,?,?,default)
Hibernate: 
    select
        u1_0.user_id,
        case 
            when u1_1.user_id is not null then 1 
            when u1_2.user_id is not null then 2 
            when u1_0.user_id is not null then 0 
        end,
        u1_0.created_at,
        u1_0.email,
        u1_0.is_logged_in,
        u1_0.last_login_date,
        u1_0.name,
        u1_0.password,
        u1_0.role,
        u1_0.updated_at,
        u1_0.role_id,
        u1_2.admin_level,
        u1_2.department,
        u1_2.last_admin_action,
        u1_1.library_id,
        u1_1.membership_end,
        u1_1.membership_number,
        u1_1.membership_start,
        u1_1.total_fines,
        u1_1.user_id 
    from
        users u1_0 
    left join
        members u1_1 
            on u1_0.user_id=u1_1.user_id 
    left join
        admins u1_2 
            on u1_0.user_id=u1_2.user_id 
    where
        u1_0.user_id=?
]]></system-out>
  </testcase>
  <testcase name="testUpdateBook_AsRegularUser_Forbidden" classname="com.davon.library.resource.BookResourceTest" time="0.007">
    <system-out><![CDATA[Hibernate: 
    delete 
    from
        book_authors
Hibernate: 
    delete 
    from
        books
Hibernate: 
    delete 
    from
        book_authors
Hibernate: 
    delete 
    from
        authors
Hibernate: 
    delete 
    from
        admins
Hibernate: 
    delete 
    from
        members
Hibernate: 
    delete 
    from
        users
Hibernate: 
    insert 
    into
        users
        (created_at,email,is_logged_in,last_login_date,name,password,role,updated_at,role_id,user_id) 
    values
        (?,?,?,?,?,?,?,?,?,default)
Hibernate: 
    insert 
    into
        users
        (created_at,email,is_logged_in,last_login_date,name,password,role,updated_at,role_id,user_id) 
    values
        (?,?,?,?,?,?,?,?,?,default)
Hibernate: 
    insert 
    into
        authors
        (bio,name,author_id) 
    values
        (?,?,default)
Hibernate: 
    insert 
    into
        books
        (genre,isbn,publication_year,status,title,book_id) 
    values
        (?,?,?,?,?,default)
Hibernate: 
    select
        u1_0.user_id,
        case 
            when u1_1.user_id is not null then 1 
            when u1_2.user_id is not null then 2 
            when u1_0.user_id is not null then 0 
        end,
        u1_0.created_at,
        u1_0.email,
        u1_0.is_logged_in,
        u1_0.last_login_date,
        u1_0.name,
        u1_0.password,
        u1_0.role,
        u1_0.updated_at,
        u1_0.role_id,
        u1_2.admin_level,
        u1_2.department,
        u1_2.last_admin_action,
        u1_1.library_id,
        u1_1.membership_end,
        u1_1.membership_number,
        u1_1.membership_start,
        u1_1.total_fines,
        u1_1.user_id 
    from
        users u1_0 
    left join
        members u1_1 
            on u1_0.user_id=u1_1.user_id 
    left join
        admins u1_2 
            on u1_0.user_id=u1_2.user_id 
    where
        u1_0.user_id=?
]]></system-out>
  </testcase>
  <testcase name="testAddBook_MalformedJSON" classname="com.davon.library.resource.BookResourceTest" time="0.006">
    <system-out><![CDATA[Hibernate: 
    delete 
    from
        book_authors
Hibernate: 
    delete 
    from
        books
Hibernate: 
    delete 
    from
        book_authors
Hibernate: 
    delete 
    from
        authors
Hibernate: 
    delete 
    from
        admins
Hibernate: 
    delete 
    from
        members
Hibernate: 
    delete 
    from
        users
Hibernate: 
    insert 
    into
        users
        (created_at,email,is_logged_in,last_login_date,name,password,role,updated_at,role_id,user_id) 
    values
        (?,?,?,?,?,?,?,?,?,default)
Hibernate: 
    insert 
    into
        users
        (created_at,email,is_logged_in,last_login_date,name,password,role,updated_at,role_id,user_id) 
    values
        (?,?,?,?,?,?,?,?,?,default)
Hibernate: 
    insert 
    into
        authors
        (bio,name,author_id) 
    values
        (?,?,default)
Hibernate: 
    insert 
    into
        books
        (genre,isbn,publication_year,status,title,book_id) 
    values
        (?,?,?,?,?,default)
]]></system-out>
  </testcase>
  <testcase name="testDeleteBook_AsAdmin_Success" classname="com.davon.library.resource.BookResourceTest" time="0.01">
    <system-out><![CDATA[Hibernate: 
    delete 
    from
        book_authors
Hibernate: 
    delete 
    from
        books
Hibernate: 
    delete 
    from
        book_authors
Hibernate: 
    delete 
    from
        authors
Hibernate: 
    delete 
    from
        admins
Hibernate: 
    delete 
    from
        members
Hibernate: 
    delete 
    from
        users
Hibernate: 
    insert 
    into
        users
        (created_at,email,is_logged_in,last_login_date,name,password,role,updated_at,role_id,user_id) 
    values
        (?,?,?,?,?,?,?,?,?,default)
Hibernate: 
    insert 
    into
        users
        (created_at,email,is_logged_in,last_login_date,name,password,role,updated_at,role_id,user_id) 
    values
        (?,?,?,?,?,?,?,?,?,default)
Hibernate: 
    insert 
    into
        authors
        (bio,name,author_id) 
    values
        (?,?,default)
Hibernate: 
    insert 
    into
        books
        (genre,isbn,publication_year,status,title,book_id) 
    values
        (?,?,?,?,?,default)
Hibernate: 
    select
        u1_0.user_id,
        case 
            when u1_1.user_id is not null then 1 
            when u1_2.user_id is not null then 2 
            when u1_0.user_id is not null then 0 
        end,
        u1_0.created_at,
        u1_0.email,
        u1_0.is_logged_in,
        u1_0.last_login_date,
        u1_0.name,
        u1_0.password,
        u1_0.role,
        u1_0.updated_at,
        u1_0.role_id,
        u1_2.admin_level,
        u1_2.department,
        u1_2.last_admin_action,
        u1_1.library_id,
        u1_1.membership_end,
        u1_1.membership_number,
        u1_1.membership_start,
        u1_1.total_fines,
        u1_1.user_id 
    from
        users u1_0 
    left join
        members u1_1 
            on u1_0.user_id=u1_1.user_id 
    left join
        admins u1_2 
            on u1_0.user_id=u1_2.user_id 
    where
        u1_0.user_id=?
Hibernate: 
    select
        b1_0.book_id,
        b1_0.genre,
        b1_0.isbn,
        b1_0.publication_year,
        b1_0.status,
        b1_0.title 
    from
        books b1_0 
    where
        b1_0.book_id=?
Hibernate: 
    select
        i1_0.inventory_id,
        i1_0.available_copies,
        i1_0.book_id,
        b1_0.book_id,
        b1_0.genre,
        b1_0.isbn,
        b1_0.publication_year,
        b1_0.status,
        b1_0.title,
        i1_0.damaged_copies,
        i1_0.library_id,
        i1_0.reserved_copies,
        i1_0.total_copies 
    from
        books b1_0 
    left join
        inventories i1_0 
            on b1_0.book_id=i1_0.book_id 
    where
        b1_0.book_id=?
Hibernate: 
    select
        l1_0.book_id,
        l1_0.loan_id,
        l1_0.due_date,
        l1_0.fine_amount,
        l1_0.loan_date,
        l1_0.member_id,
        l1_0.return_date,
        l1_0.status 
    from
        loans l1_0 
    where
        l1_0.book_id=?
Hibernate: 
    delete 
    from
        book_authors 
    where
        book_id=?
Hibernate: 
    delete 
    from
        books 
    where
        book_id=?
]]></system-out>
  </testcase>
  <testcase name="testSearchBooks_NoQuery_ReturnsAll" classname="com.davon.library.resource.BookResourceTest" time="0.011">
    <system-out><![CDATA[Hibernate: 
    delete 
    from
        book_authors
Hibernate: 
    delete 
    from
        books
Hibernate: 
    delete 
    from
        book_authors
Hibernate: 
    delete 
    from
        authors
Hibernate: 
    delete 
    from
        admins
Hibernate: 
    delete 
    from
        members
Hibernate: 
    delete 
    from
        users
Hibernate: 
    insert 
    into
        users
        (created_at,email,is_logged_in,last_login_date,name,password,role,updated_at,role_id,user_id) 
    values
        (?,?,?,?,?,?,?,?,?,default)
Hibernate: 
    insert 
    into
        users
        (created_at,email,is_logged_in,last_login_date,name,password,role,updated_at,role_id,user_id) 
    values
        (?,?,?,?,?,?,?,?,?,default)
Hibernate: 
    insert 
    into
        authors
        (bio,name,author_id) 
    values
        (?,?,default)
Hibernate: 
    insert 
    into
        books
        (genre,isbn,publication_year,status,title,book_id) 
    values
        (?,?,?,?,?,default)
Hibernate: 
    select
        b1_0.book_id,
        b1_0.genre,
        b1_0.isbn,
        b1_0.publication_year,
        b1_0.status,
        b1_0.title 
    from
        books b1_0
Hibernate: 
    select
        a1_0.book_id,
        a1_1.author_id,
        a1_1.bio,
        a1_1.name 
    from
        book_authors a1_0 
    join
        authors a1_1 
            on a1_1.author_id=a1_0.author_id 
    where
        a1_0.book_id=?
Hibernate: 
    select
        i1_0.inventory_id,
        i1_0.available_copies,
        i1_0.book_id,
        b1_0.book_id,
        b1_0.genre,
        b1_0.isbn,
        b1_0.publication_year,
        b1_0.status,
        b1_0.title,
        i1_0.damaged_copies,
        i1_0.library_id,
        i1_0.reserved_copies,
        i1_0.total_copies 
    from
        books b1_0 
    left join
        inventories i1_0 
            on b1_0.book_id=i1_0.book_id 
    where
        b1_0.book_id=?
Hibernate: 
    select
        l1_0.book_id,
        l1_0.loan_id,
        l1_0.due_date,
        l1_0.fine_amount,
        l1_0.loan_date,
        l1_0.member_id,
        l1_0.return_date,
        l1_0.status 
    from
        loans l1_0 
    where
        l1_0.book_id=?
]]></system-out>
  </testcase>
  <testcase name="testDeleteBook_AsRegularUser_Forbidden" classname="com.davon.library.resource.BookResourceTest" time="0.006">
    <system-out><![CDATA[Hibernate: 
    delete 
    from
        book_authors
Hibernate: 
    delete 
    from
        books
Hibernate: 
    delete 
    from
        book_authors
Hibernate: 
    delete 
    from
        authors
Hibernate: 
    delete 
    from
        admins
Hibernate: 
    delete 
    from
        members
Hibernate: 
    delete 
    from
        users
Hibernate: 
    insert 
    into
        users
        (created_at,email,is_logged_in,last_login_date,name,password,role,updated_at,role_id,user_id) 
    values
        (?,?,?,?,?,?,?,?,?,default)
Hibernate: 
    insert 
    into
        users
        (created_at,email,is_logged_in,last_login_date,name,password,role,updated_at,role_id,user_id) 
    values
        (?,?,?,?,?,?,?,?,?,default)
Hibernate: 
    insert 
    into
        authors
        (bio,name,author_id) 
    values
        (?,?,default)
Hibernate: 
    insert 
    into
        books
        (genre,isbn,publication_year,status,title,book_id) 
    values
        (?,?,?,?,?,default)
Hibernate: 
    select
        u1_0.user_id,
        case 
            when u1_1.user_id is not null then 1 
            when u1_2.user_id is not null then 2 
            when u1_0.user_id is not null then 0 
        end,
        u1_0.created_at,
        u1_0.email,
        u1_0.is_logged_in,
        u1_0.last_login_date,
        u1_0.name,
        u1_0.password,
        u1_0.role,
        u1_0.updated_at,
        u1_0.role_id,
        u1_2.admin_level,
        u1_2.department,
        u1_2.last_admin_action,
        u1_1.library_id,
        u1_1.membership_end,
        u1_1.membership_number,
        u1_1.membership_start,
        u1_1.total_fines,
        u1_1.user_id 
    from
        users u1_0 
    left join
        members u1_1 
            on u1_0.user_id=u1_1.user_id 
    left join
        admins u1_2 
            on u1_0.user_id=u1_2.user_id 
    where
        u1_0.user_id=?
]]></system-out>
  </testcase>
  <testcase name="testBookLifecycle" classname="com.davon.library.resource.BookResourceTest" time="0.016">
    <error message="class java.lang.Integer cannot be cast to class java.lang.Long (java.lang.Integer and java.lang.Long are in module java.base of loader &apos;bootstrap&apos;)" type="java.lang.ClassCastException"><![CDATA[java.lang.ClassCastException: class java.lang.Integer cannot be cast to class java.lang.Long (java.lang.Integer and java.lang.Long are in module java.base of loader 'bootstrap')
	at com.davon.library.resource.BookResourceTest.testBookLifecycle(BookResourceTest.java:671)
	at com.davon.library.resource.BookResourceTest_Subclass.testBookLifecycle$$superforward(Unknown Source)
	at com.davon.library.resource.BookResourceTest_Subclass$$function$$3.apply(Unknown Source)
	at io.quarkus.arc.impl.AroundInvokeInvocationContext.proceed(AroundInvokeInvocationContext.java:73)
	at io.quarkus.arc.impl.AroundInvokeInvocationContext.proceed(AroundInvokeInvocationContext.java:62)
	at io.quarkus.narayana.jta.runtime.interceptor.TransactionalInterceptorBase.invokeInOurTx(TransactionalInterceptorBase.java:136)
	at io.quarkus.narayana.jta.runtime.interceptor.TransactionalInterceptorBase.invokeInOurTx(TransactionalInterceptorBase.java:107)
	at io.quarkus.narayana.jta.runtime.interceptor.TransactionalInterceptorRequired.doIntercept(TransactionalInterceptorRequired.java:38)
	at io.quarkus.narayana.jta.runtime.interceptor.TransactionalInterceptorBase.intercept(TransactionalInterceptorBase.java:61)
	at io.quarkus.narayana.jta.runtime.interceptor.TransactionalInterceptorRequired.intercept(TransactionalInterceptorRequired.java:32)
	at io.quarkus.narayana.jta.runtime.interceptor.TransactionalInterceptorRequired_Bean.intercept(Unknown Source)
	at io.quarkus.arc.impl.InterceptorInvocation.invoke(InterceptorInvocation.java:42)
	at io.quarkus.arc.impl.AroundInvokeInvocationContext.perform(AroundInvokeInvocationContext.java:30)
	at io.quarkus.arc.impl.InvocationContexts.performAroundInvoke(InvocationContexts.java:27)
	at com.davon.library.resource.BookResourceTest_Subclass.testBookLifecycle(Unknown Source)
	at java.base/java.lang.reflect.Method.invoke(Method.java:580)
	at io.quarkus.test.junit.QuarkusTestExtension.runExtensionMethod(QuarkusTestExtension.java:1013)
	at io.quarkus.test.junit.QuarkusTestExtension.interceptTestMethod(QuarkusTestExtension.java:827)
	at java.base/java.util.ArrayList.forEach(ArrayList.java:1596)
	at java.base/java.util.ArrayList.forEach(ArrayList.java:1596)
]]></error>
    <system-out><![CDATA[Hibernate: 
    delete 
    from
        book_authors
Hibernate: 
    delete 
    from
        books
Hibernate: 
    delete 
    from
        book_authors
Hibernate: 
    delete 
    from
        authors
Hibernate: 
    delete 
    from
        admins
Hibernate: 
    delete 
    from
        members
Hibernate: 
    delete 
    from
        users
Hibernate: 
    insert 
    into
        users
        (created_at,email,is_logged_in,last_login_date,name,password,role,updated_at,role_id,user_id) 
    values
        (?,?,?,?,?,?,?,?,?,default)
Hibernate: 
    insert 
    into
        users
        (created_at,email,is_logged_in,last_login_date,name,password,role,updated_at,role_id,user_id) 
    values
        (?,?,?,?,?,?,?,?,?,default)
Hibernate: 
    insert 
    into
        authors
        (bio,name,author_id) 
    values
        (?,?,default)
Hibernate: 
    insert 
    into
        books
        (genre,isbn,publication_year,status,title,book_id) 
    values
        (?,?,?,?,?,default)
Hibernate: 
    select
        u1_0.user_id,
        case 
            when u1_1.user_id is not null then 1 
            when u1_2.user_id is not null then 2 
            when u1_0.user_id is not null then 0 
        end,
        u1_0.created_at,
        u1_0.email,
        u1_0.is_logged_in,
        u1_0.last_login_date,
        u1_0.name,
        u1_0.password,
        u1_0.role,
        u1_0.updated_at,
        u1_0.role_id,
        u1_2.admin_level,
        u1_2.department,
        u1_2.last_admin_action,
        u1_1.library_id,
        u1_1.membership_end,
        u1_1.membership_number,
        u1_1.membership_start,
        u1_1.total_fines,
        u1_1.user_id 
    from
        users u1_0 
    left join
        members u1_1 
            on u1_0.user_id=u1_1.user_id 
    left join
        admins u1_2 
            on u1_0.user_id=u1_2.user_id 
    where
        u1_0.user_id=?
Hibernate: 
    insert 
    into
        books
        (genre,isbn,publication_year,status,title,book_id) 
    values
        (?,?,?,?,?,default)
]]></system-out>
  </testcase>
  <testcase name="testSearchBooksByTitle_Success" classname="com.davon.library.resource.BookResourceTest" time="0.014">
    <system-out><![CDATA[Hibernate: 
    delete 
    from
        book_authors
Hibernate: 
    delete 
    from
        books
Hibernate: 
    delete 
    from
        book_authors
Hibernate: 
    delete 
    from
        authors
Hibernate: 
    delete 
    from
        admins
Hibernate: 
    delete 
    from
        members
Hibernate: 
    delete 
    from
        users
Hibernate: 
    insert 
    into
        users
        (created_at,email,is_logged_in,last_login_date,name,password,role,updated_at,role_id,user_id) 
    values
        (?,?,?,?,?,?,?,?,?,default)
Hibernate: 
    insert 
    into
        users
        (created_at,email,is_logged_in,last_login_date,name,password,role,updated_at,role_id,user_id) 
    values
        (?,?,?,?,?,?,?,?,?,default)
Hibernate: 
    insert 
    into
        authors
        (bio,name,author_id) 
    values
        (?,?,default)
Hibernate: 
    insert 
    into
        books
        (genre,isbn,publication_year,status,title,book_id) 
    values
        (?,?,?,?,?,default)
Hibernate: 
    select
        b1_0.book_id,
        b1_0.genre,
        b1_0.isbn,
        b1_0.publication_year,
        b1_0.status,
        b1_0.title 
    from
        books b1_0 
    where
        lower(b1_0.title) like lower(?) escape ''
Hibernate: 
    select
        a1_0.book_id,
        a1_1.author_id,
        a1_1.bio,
        a1_1.name 
    from
        book_authors a1_0 
    join
        authors a1_1 
            on a1_1.author_id=a1_0.author_id 
    where
        a1_0.book_id=?
Hibernate: 
    select
        i1_0.inventory_id,
        i1_0.available_copies,
        i1_0.book_id,
        b1_0.book_id,
        b1_0.genre,
        b1_0.isbn,
        b1_0.publication_year,
        b1_0.status,
        b1_0.title,
        i1_0.damaged_copies,
        i1_0.library_id,
        i1_0.reserved_copies,
        i1_0.total_copies 
    from
        books b1_0 
    left join
        inventories i1_0 
            on b1_0.book_id=i1_0.book_id 
    where
        b1_0.book_id=?
Hibernate: 
    select
        l1_0.book_id,
        l1_0.loan_id,
        l1_0.due_date,
        l1_0.fine_amount,
        l1_0.loan_date,
        l1_0.member_id,
        l1_0.return_date,
        l1_0.status 
    from
        loans l1_0 
    where
        l1_0.book_id=?
]]></system-out>
  </testcase>
  <testcase name="testDeleteBook_NotFound" classname="com.davon.library.resource.BookResourceTest" time="0.007">
    <system-out><![CDATA[Hibernate: 
    delete 
    from
        book_authors
Hibernate: 
    delete 
    from
        books
Hibernate: 
    delete 
    from
        book_authors
Hibernate: 
    delete 
    from
        authors
Hibernate: 
    delete 
    from
        admins
Hibernate: 
    delete 
    from
        members
Hibernate: 
    delete 
    from
        users
Hibernate: 
    insert 
    into
        users
        (created_at,email,is_logged_in,last_login_date,name,password,role,updated_at,role_id,user_id) 
    values
        (?,?,?,?,?,?,?,?,?,default)
Hibernate: 
    insert 
    into
        users
        (created_at,email,is_logged_in,last_login_date,name,password,role,updated_at,role_id,user_id) 
    values
        (?,?,?,?,?,?,?,?,?,default)
Hibernate: 
    insert 
    into
        authors
        (bio,name,author_id) 
    values
        (?,?,default)
Hibernate: 
    insert 
    into
        books
        (genre,isbn,publication_year,status,title,book_id) 
    values
        (?,?,?,?,?,default)
Hibernate: 
    select
        u1_0.user_id,
        case 
            when u1_1.user_id is not null then 1 
            when u1_2.user_id is not null then 2 
            when u1_0.user_id is not null then 0 
        end,
        u1_0.created_at,
        u1_0.email,
        u1_0.is_logged_in,
        u1_0.last_login_date,
        u1_0.name,
        u1_0.password,
        u1_0.role,
        u1_0.updated_at,
        u1_0.role_id,
        u1_2.admin_level,
        u1_2.department,
        u1_2.last_admin_action,
        u1_1.library_id,
        u1_1.membership_end,
        u1_1.membership_number,
        u1_1.membership_start,
        u1_1.total_fines,
        u1_1.user_id 
    from
        users u1_0 
    left join
        members u1_1 
            on u1_0.user_id=u1_1.user_id 
    left join
        admins u1_2 
            on u1_0.user_id=u1_2.user_id 
    where
        u1_0.user_id=?
Hibernate: 
    select
        b1_0.book_id,
        b1_0.genre,
        b1_0.isbn,
        b1_0.publication_year,
        b1_0.status,
        b1_0.title 
    from
        books b1_0 
    where
        b1_0.book_id=?
]]></system-out>
  </testcase>
  <testcase name="testAddBook_InvalidAuth_Forbidden" classname="com.davon.library.resource.BookResourceTest" time="0.005">
    <system-out><![CDATA[Hibernate: 
    delete 
    from
        book_authors
Hibernate: 
    delete 
    from
        books
Hibernate: 
    delete 
    from
        book_authors
Hibernate: 
    delete 
    from
        authors
Hibernate: 
    delete 
    from
        admins
Hibernate: 
    delete 
    from
        members
Hibernate: 
    delete 
    from
        users
Hibernate: 
    insert 
    into
        users
        (created_at,email,is_logged_in,last_login_date,name,password,role,updated_at,role_id,user_id) 
    values
        (?,?,?,?,?,?,?,?,?,default)
Hibernate: 
    insert 
    into
        users
        (created_at,email,is_logged_in,last_login_date,name,password,role,updated_at,role_id,user_id) 
    values
        (?,?,?,?,?,?,?,?,?,default)
Hibernate: 
    insert 
    into
        authors
        (bio,name,author_id) 
    values
        (?,?,default)
Hibernate: 
    insert 
    into
        books
        (genre,isbn,publication_year,status,title,book_id) 
    values
        (?,?,?,?,?,default)
]]></system-out>
  </testcase>
  <testcase name="testAddAuthorToBook_AsRegularUser_Forbidden" classname="com.davon.library.resource.BookResourceTest" time="0.006">
    <failure message="1 expectation failed.&#10;Expected status code &lt;403&gt; but was &lt;415&gt;.&#10;" type="java.lang.AssertionError"><![CDATA[java.lang.AssertionError: 
1 expectation failed.
Expected status code <403> but was <415>.

	at java.base/jdk.internal.reflect.DirectConstructorHandleAccessor.newInstance(DirectConstructorHandleAccessor.java:62)
	at java.base/java.lang.reflect.Constructor.newInstanceWithCaller(Constructor.java:502)
	at java.base/java.lang.reflect.Constructor.newInstance(Constructor.java:486)
	at org.codehaus.groovy.reflection.CachedConstructor.invoke(CachedConstructor.java:73)
	at org.codehaus.groovy.runtime.callsite.ConstructorSite$ConstructorSiteNoUnwrapNoCoerce.callConstructor(ConstructorSite.java:108)
	at org.codehaus.groovy.runtime.callsite.AbstractCallSite.callConstructor(AbstractCallSite.java:277)
	at io.restassured.internal.ResponseSpecificationImpl$HamcrestAssertionClosure.validate(ResponseSpecificationImpl.groovy:512)
	at io.restassured.internal.ResponseSpecificationImpl$HamcrestAssertionClosure$validate$1.call(Unknown Source)
	at io.restassured.internal.ResponseSpecificationImpl.validateResponseIfRequired(ResponseSpecificationImpl.groovy:696)
	at io.restassured.internal.ResponseSpecificationImpl.this$2$validateResponseIfRequired(ResponseSpecificationImpl.groovy)
	at java.base/jdk.internal.reflect.DirectMethodHandleAccessor.invoke(DirectMethodHandleAccessor.java:103)
	at java.base/java.lang.reflect.Method.invoke(Method.java:580)
	at org.codehaus.groovy.runtime.callsite.PlainObjectMetaMethodSite.doInvoke(PlainObjectMetaMethodSite.java:43)
	at org.codehaus.groovy.runtime.callsite.PogoMetaMethodSite$PogoCachedMethodSiteNoUnwrapNoCoerce.invoke(PogoMetaMethodSite.java:198)
	at org.codehaus.groovy.runtime.callsite.PogoMetaMethodSite.callCurrent(PogoMetaMethodSite.java:62)
	at org.codehaus.groovy.runtime.callsite.AbstractCallSite.callCurrent(AbstractCallSite.java:185)
	at io.restassured.internal.ResponseSpecificationImpl.statusCode(ResponseSpecificationImpl.groovy:135)
	at io.restassured.specification.ResponseSpecification$statusCode$0.callCurrent(Unknown Source)
	at io.restassured.internal.ResponseSpecificationImpl.statusCode(ResponseSpecificationImpl.groovy:143)
	at io.restassured.internal.ValidatableResponseOptionsImpl.statusCode(ValidatableResponseOptionsImpl.java:89)
	at com.davon.library.resource.BookResourceTest.testAddAuthorToBook_AsRegularUser_Forbidden(BookResourceTest.java:485)
	at java.base/java.lang.reflect.Method.invoke(Method.java:580)
	at io.quarkus.test.junit.QuarkusTestExtension.runExtensionMethod(QuarkusTestExtension.java:1013)
	at io.quarkus.test.junit.QuarkusTestExtension.interceptTestMethod(QuarkusTestExtension.java:827)
	at java.base/java.util.ArrayList.forEach(ArrayList.java:1596)
	at java.base/java.util.ArrayList.forEach(ArrayList.java:1596)
]]></failure>
    <system-out><![CDATA[Hibernate: 
    delete 
    from
        book_authors
Hibernate: 
    delete 
    from
        books
Hibernate: 
    delete 
    from
        book_authors
Hibernate: 
    delete 
    from
        authors
Hibernate: 
    delete 
    from
        admins
Hibernate: 
    delete 
    from
        members
Hibernate: 
    delete 
    from
        users
Hibernate: 
    insert 
    into
        users
        (created_at,email,is_logged_in,last_login_date,name,password,role,updated_at,role_id,user_id) 
    values
        (?,?,?,?,?,?,?,?,?,default)
Hibernate: 
    insert 
    into
        users
        (created_at,email,is_logged_in,last_login_date,name,password,role,updated_at,role_id,user_id) 
    values
        (?,?,?,?,?,?,?,?,?,default)
Hibernate: 
    insert 
    into
        authors
        (bio,name,author_id) 
    values
        (?,?,default)
Hibernate: 
    insert 
    into
        books
        (genre,isbn,publication_year,status,title,book_id) 
    values
        (?,?,?,?,?,default)
]]></system-out>
  </testcase>
  <testcase name="testUpdateBook_NotFound" classname="com.davon.library.resource.BookResourceTest" time="0.007">
    <system-out><![CDATA[Hibernate: 
    delete 
    from
        book_authors
Hibernate: 
    delete 
    from
        books
Hibernate: 
    delete 
    from
        book_authors
Hibernate: 
    delete 
    from
        authors
Hibernate: 
    delete 
    from
        admins
Hibernate: 
    delete 
    from
        members
Hibernate: 
    delete 
    from
        users
Hibernate: 
    insert 
    into
        users
        (created_at,email,is_logged_in,last_login_date,name,password,role,updated_at,role_id,user_id) 
    values
        (?,?,?,?,?,?,?,?,?,default)
Hibernate: 
    insert 
    into
        users
        (created_at,email,is_logged_in,last_login_date,name,password,role,updated_at,role_id,user_id) 
    values
        (?,?,?,?,?,?,?,?,?,default)
Hibernate: 
    insert 
    into
        authors
        (bio,name,author_id) 
    values
        (?,?,default)
Hibernate: 
    insert 
    into
        books
        (genre,isbn,publication_year,status,title,book_id) 
    values
        (?,?,?,?,?,default)
Hibernate: 
    select
        u1_0.user_id,
        case 
            when u1_1.user_id is not null then 1 
            when u1_2.user_id is not null then 2 
            when u1_0.user_id is not null then 0 
        end,
        u1_0.created_at,
        u1_0.email,
        u1_0.is_logged_in,
        u1_0.last_login_date,
        u1_0.name,
        u1_0.password,
        u1_0.role,
        u1_0.updated_at,
        u1_0.role_id,
        u1_2.admin_level,
        u1_2.department,
        u1_2.last_admin_action,
        u1_1.library_id,
        u1_1.membership_end,
        u1_1.membership_number,
        u1_1.membership_start,
        u1_1.total_fines,
        u1_1.user_id 
    from
        users u1_0 
    left join
        members u1_1 
            on u1_0.user_id=u1_1.user_id 
    left join
        admins u1_2 
            on u1_0.user_id=u1_2.user_id 
    where
        u1_0.user_id=?
Hibernate: 
    select
        b1_0.book_id,
        b1_0.genre,
        b1_0.isbn,
        b1_0.publication_year,
        b1_0.status,
        b1_0.title 
    from
        books b1_0 
    where
        b1_0.book_id=?
]]></system-out>
  </testcase>
  <testcase name="testGetBookByIsbn_NotFound" classname="com.davon.library.resource.BookResourceTest" time="0.006">
    <system-out><![CDATA[Hibernate: 
    delete 
    from
        book_authors
Hibernate: 
    delete 
    from
        books
Hibernate: 
    delete 
    from
        book_authors
Hibernate: 
    delete 
    from
        authors
Hibernate: 
    delete 
    from
        admins
Hibernate: 
    delete 
    from
        members
Hibernate: 
    delete 
    from
        users
Hibernate: 
    insert 
    into
        users
        (created_at,email,is_logged_in,last_login_date,name,password,role,updated_at,role_id,user_id) 
    values
        (?,?,?,?,?,?,?,?,?,default)
Hibernate: 
    insert 
    into
        users
        (created_at,email,is_logged_in,last_login_date,name,password,role,updated_at,role_id,user_id) 
    values
        (?,?,?,?,?,?,?,?,?,default)
Hibernate: 
    insert 
    into
        authors
        (bio,name,author_id) 
    values
        (?,?,default)
Hibernate: 
    insert 
    into
        books
        (genre,isbn,publication_year,status,title,book_id) 
    values
        (?,?,?,?,?,default)
Hibernate: 
    select
        b1_0.book_id,
        b1_0.genre,
        b1_0.isbn,
        b1_0.publication_year,
        b1_0.status,
        b1_0.title 
    from
        books b1_0 
    where
        b1_0.isbn=? 
    fetch
        first ? rows only
]]></system-out>
  </testcase>
  <testcase name="testSearchBooks_EmptyQuery_ReturnsAll" classname="com.davon.library.resource.BookResourceTest" time="0.012">
    <system-out><![CDATA[Hibernate: 
    delete 
    from
        book_authors
Hibernate: 
    delete 
    from
        books
Hibernate: 
    delete 
    from
        book_authors
Hibernate: 
    delete 
    from
        authors
Hibernate: 
    delete 
    from
        admins
Hibernate: 
    delete 
    from
        members
Hibernate: 
    delete 
    from
        users
Hibernate: 
    insert 
    into
        users
        (created_at,email,is_logged_in,last_login_date,name,password,role,updated_at,role_id,user_id) 
    values
        (?,?,?,?,?,?,?,?,?,default)
Hibernate: 
    insert 
    into
        users
        (created_at,email,is_logged_in,last_login_date,name,password,role,updated_at,role_id,user_id) 
    values
        (?,?,?,?,?,?,?,?,?,default)
Hibernate: 
    insert 
    into
        authors
        (bio,name,author_id) 
    values
        (?,?,default)
Hibernate: 
    insert 
    into
        books
        (genre,isbn,publication_year,status,title,book_id) 
    values
        (?,?,?,?,?,default)
Hibernate: 
    select
        b1_0.book_id,
        b1_0.genre,
        b1_0.isbn,
        b1_0.publication_year,
        b1_0.status,
        b1_0.title 
    from
        books b1_0
Hibernate: 
    select
        a1_0.book_id,
        a1_1.author_id,
        a1_1.bio,
        a1_1.name 
    from
        book_authors a1_0 
    join
        authors a1_1 
            on a1_1.author_id=a1_0.author_id 
    where
        a1_0.book_id=?
Hibernate: 
    select
        i1_0.inventory_id,
        i1_0.available_copies,
        i1_0.book_id,
        b1_0.book_id,
        b1_0.genre,
        b1_0.isbn,
        b1_0.publication_year,
        b1_0.status,
        b1_0.title,
        i1_0.damaged_copies,
        i1_0.library_id,
        i1_0.reserved_copies,
        i1_0.total_copies 
    from
        books b1_0 
    left join
        inventories i1_0 
            on b1_0.book_id=i1_0.book_id 
    where
        b1_0.book_id=?
Hibernate: 
    select
        l1_0.book_id,
        l1_0.loan_id,
        l1_0.due_date,
        l1_0.fine_amount,
        l1_0.loan_date,
        l1_0.member_id,
        l1_0.return_date,
        l1_0.status 
    from
        loans l1_0 
    where
        l1_0.book_id=?
]]></system-out>
  </testcase>
  <testcase name="testContentType_JSON" classname="com.davon.library.resource.BookResourceTest" time="0.006">
    <system-out><![CDATA[Hibernate: 
    delete 
    from
        book_authors
Hibernate: 
    delete 
    from
        books
Hibernate: 
    delete 
    from
        book_authors
Hibernate: 
    delete 
    from
        authors
Hibernate: 
    delete 
    from
        admins
Hibernate: 
    delete 
    from
        members
Hibernate: 
    delete 
    from
        users
Hibernate: 
    insert 
    into
        users
        (created_at,email,is_logged_in,last_login_date,name,password,role,updated_at,role_id,user_id) 
    values
        (?,?,?,?,?,?,?,?,?,default)
Hibernate: 
    insert 
    into
        users
        (created_at,email,is_logged_in,last_login_date,name,password,role,updated_at,role_id,user_id) 
    values
        (?,?,?,?,?,?,?,?,?,default)
Hibernate: 
    insert 
    into
        authors
        (bio,name,author_id) 
    values
        (?,?,default)
Hibernate: 
    insert 
    into
        books
        (genre,isbn,publication_year,status,title,book_id) 
    values
        (?,?,?,?,?,default)
Hibernate: 
    select
        b1_0.book_id,
        b1_0.genre,
        b1_0.isbn,
        b1_0.publication_year,
        b1_0.status,
        b1_0.title 
    from
        books b1_0
Hibernate: 
    select
        a1_0.book_id,
        a1_1.author_id,
        a1_1.bio,
        a1_1.name 
    from
        book_authors a1_0 
    join
        authors a1_1 
            on a1_1.author_id=a1_0.author_id 
    where
        a1_0.book_id=?
Hibernate: 
    select
        i1_0.inventory_id,
        i1_0.available_copies,
        i1_0.book_id,
        b1_0.book_id,
        b1_0.genre,
        b1_0.isbn,
        b1_0.publication_year,
        b1_0.status,
        b1_0.title,
        i1_0.damaged_copies,
        i1_0.library_id,
        i1_0.reserved_copies,
        i1_0.total_copies 
    from
        books b1_0 
    left join
        inventories i1_0 
            on b1_0.book_id=i1_0.book_id 
    where
        b1_0.book_id=?
Hibernate: 
    select
        l1_0.book_id,
        l1_0.loan_id,
        l1_0.due_date,
        l1_0.fine_amount,
        l1_0.loan_date,
        l1_0.member_id,
        l1_0.return_date,
        l1_0.status 
    from
        loans l1_0 
    where
        l1_0.book_id=?
]]></system-out>
  </testcase>
  <testcase name="testDataConsistency" classname="com.davon.library.resource.BookResourceTest" time="0.015">
    <failure message="1 expectation failed.&#10;Expected status code &lt;200&gt; but was &lt;500&gt;.&#10;" type="java.lang.AssertionError"><![CDATA[java.lang.AssertionError: 
1 expectation failed.
Expected status code <200> but was <500>.

	at java.base/jdk.internal.reflect.DirectConstructorHandleAccessor.newInstance(DirectConstructorHandleAccessor.java:62)
	at java.base/java.lang.reflect.Constructor.newInstanceWithCaller(Constructor.java:502)
	at java.base/java.lang.reflect.Constructor.newInstance(Constructor.java:486)
	at org.codehaus.groovy.reflection.CachedConstructor.invoke(CachedConstructor.java:73)
	at org.codehaus.groovy.runtime.callsite.ConstructorSite$ConstructorSiteNoUnwrapNoCoerce.callConstructor(ConstructorSite.java:108)
	at org.codehaus.groovy.runtime.callsite.AbstractCallSite.callConstructor(AbstractCallSite.java:277)
	at io.restassured.internal.ResponseSpecificationImpl$HamcrestAssertionClosure.validate(ResponseSpecificationImpl.groovy:512)
	at io.restassured.internal.ResponseSpecificationImpl$HamcrestAssertionClosure$validate$1.call(Unknown Source)
	at io.restassured.internal.ResponseSpecificationImpl.validateResponseIfRequired(ResponseSpecificationImpl.groovy:696)
	at io.restassured.internal.ResponseSpecificationImpl.this$2$validateResponseIfRequired(ResponseSpecificationImpl.groovy)
	at java.base/jdk.internal.reflect.DirectMethodHandleAccessor.invoke(DirectMethodHandleAccessor.java:103)
	at java.base/java.lang.reflect.Method.invoke(Method.java:580)
	at org.codehaus.groovy.runtime.callsite.PlainObjectMetaMethodSite.doInvoke(PlainObjectMetaMethodSite.java:43)
	at org.codehaus.groovy.runtime.callsite.PogoMetaMethodSite$PogoCachedMethodSiteNoUnwrapNoCoerce.invoke(PogoMetaMethodSite.java:198)
	at org.codehaus.groovy.runtime.callsite.PogoMetaMethodSite.callCurrent(PogoMetaMethodSite.java:62)
	at org.codehaus.groovy.runtime.callsite.AbstractCallSite.callCurrent(AbstractCallSite.java:185)
	at io.restassured.internal.ResponseSpecificationImpl.statusCode(ResponseSpecificationImpl.groovy:135)
	at io.restassured.specification.ResponseSpecification$statusCode$0.callCurrent(Unknown Source)
	at io.restassured.internal.ResponseSpecificationImpl.statusCode(ResponseSpecificationImpl.groovy:143)
	at io.restassured.internal.ValidatableResponseOptionsImpl.statusCode(ValidatableResponseOptionsImpl.java:89)
	at com.davon.library.resource.BookResourceTest.testDataConsistency(BookResourceTest.java:636)
	at com.davon.library.resource.BookResourceTest_Subclass.testDataConsistency$$superforward(Unknown Source)
	at com.davon.library.resource.BookResourceTest_Subclass$$function$$4.apply(Unknown Source)
	at io.quarkus.arc.impl.AroundInvokeInvocationContext.proceed(AroundInvokeInvocationContext.java:73)
	at io.quarkus.arc.impl.AroundInvokeInvocationContext.proceed(AroundInvokeInvocationContext.java:62)
	at io.quarkus.narayana.jta.runtime.interceptor.TransactionalInterceptorBase.invokeInOurTx(TransactionalInterceptorBase.java:136)
	at io.quarkus.narayana.jta.runtime.interceptor.TransactionalInterceptorBase.invokeInOurTx(TransactionalInterceptorBase.java:107)
	at io.quarkus.narayana.jta.runtime.interceptor.TransactionalInterceptorRequired.doIntercept(TransactionalInterceptorRequired.java:38)
	at io.quarkus.narayana.jta.runtime.interceptor.TransactionalInterceptorBase.intercept(TransactionalInterceptorBase.java:61)
	at io.quarkus.narayana.jta.runtime.interceptor.TransactionalInterceptorRequired.intercept(TransactionalInterceptorRequired.java:32)
	at io.quarkus.narayana.jta.runtime.interceptor.TransactionalInterceptorRequired_Bean.intercept(Unknown Source)
	at io.quarkus.arc.impl.InterceptorInvocation.invoke(InterceptorInvocation.java:42)
	at io.quarkus.arc.impl.AroundInvokeInvocationContext.perform(AroundInvokeInvocationContext.java:30)
	at io.quarkus.arc.impl.InvocationContexts.performAroundInvoke(InvocationContexts.java:27)
	at com.davon.library.resource.BookResourceTest_Subclass.testDataConsistency(Unknown Source)
	at java.base/java.lang.reflect.Method.invoke(Method.java:580)
	at io.quarkus.test.junit.QuarkusTestExtension.runExtensionMethod(QuarkusTestExtension.java:1013)
	at io.quarkus.test.junit.QuarkusTestExtension.interceptTestMethod(QuarkusTestExtension.java:827)
	at java.base/java.util.ArrayList.forEach(ArrayList.java:1596)
	at java.base/java.util.ArrayList.forEach(ArrayList.java:1596)
]]></failure>
    <system-out><![CDATA[Hibernate: 
    delete 
    from
        book_authors
Hibernate: 
    delete 
    from
        books
Hibernate: 
    delete 
    from
        book_authors
Hibernate: 
    delete 
    from
        authors
Hibernate: 
    delete 
    from
        admins
Hibernate: 
    delete 
    from
        members
Hibernate: 
    delete 
    from
        users
Hibernate: 
    insert 
    into
        users
        (created_at,email,is_logged_in,last_login_date,name,password,role,updated_at,role_id,user_id) 
    values
        (?,?,?,?,?,?,?,?,?,default)
Hibernate: 
    insert 
    into
        users
        (created_at,email,is_logged_in,last_login_date,name,password,role,updated_at,role_id,user_id) 
    values
        (?,?,?,?,?,?,?,?,?,default)
Hibernate: 
    insert 
    into
        authors
        (bio,name,author_id) 
    values
        (?,?,default)
Hibernate: 
    insert 
    into
        books
        (genre,isbn,publication_year,status,title,book_id) 
    values
        (?,?,?,?,?,default)
Hibernate: 
    select
        b1_0.book_id,
        b1_0.genre,
        b1_0.isbn,
        b1_0.publication_year,
        b1_0.status,
        b1_0.title 
    from
        books b1_0 
    where
        b1_0.book_id=?
Hibernate: 
    select
        a1_0.book_id,
        a1_1.author_id,
        a1_1.bio,
        a1_1.name 
    from
        book_authors a1_0 
    join
        authors a1_1 
            on a1_1.author_id=a1_0.author_id 
    where
        a1_0.book_id=?
Hibernate: 
    select
        i1_0.inventory_id,
        i1_0.available_copies,
        i1_0.book_id,
        b1_0.book_id,
        b1_0.genre,
        b1_0.isbn,
        b1_0.publication_year,
        b1_0.status,
        b1_0.title,
        i1_0.damaged_copies,
        i1_0.library_id,
        i1_0.reserved_copies,
        i1_0.total_copies 
    from
        books b1_0 
    left join
        inventories i1_0 
            on b1_0.book_id=i1_0.book_id 
    where
        b1_0.book_id=?
Hibernate: 
    select
        l1_0.book_id,
        l1_0.loan_id,
        l1_0.due_date,
        l1_0.fine_amount,
        l1_0.loan_date,
        l1_0.member_id,
        l1_0.return_date,
        l1_0.status 
    from
        loans l1_0 
    where
        l1_0.book_id=?
Hibernate: 
    select
        u1_0.user_id,
        case 
            when u1_1.user_id is not null then 1 
            when u1_2.user_id is not null then 2 
            when u1_0.user_id is not null then 0 
        end,
        u1_0.created_at,
        u1_0.email,
        u1_0.is_logged_in,
        u1_0.last_login_date,
        u1_0.name,
        u1_0.password,
        u1_0.role,
        u1_0.updated_at,
        u1_0.role_id,
        u1_2.admin_level,
        u1_2.department,
        u1_2.last_admin_action,
        u1_1.library_id,
        u1_1.membership_end,
        u1_1.membership_number,
        u1_1.membership_start,
        u1_1.total_fines,
        u1_1.user_id 
    from
        users u1_0 
    left join
        members u1_1 
            on u1_0.user_id=u1_1.user_id 
    left join
        admins u1_2 
            on u1_0.user_id=u1_2.user_id 
    where
        u1_0.user_id=?
Hibernate: 
    select
        b1_0.book_id,
        b1_0.genre,
        b1_0.isbn,
        b1_0.publication_year,
        b1_0.status,
        b1_0.title 
    from
        books b1_0 
    where
        b1_0.book_id=?
Hibernate: 
    update
        books 
    set
        genre=?,
        isbn=?,
        publication_year=?,
        status=?,
        title=? 
    where
        book_id=?
]]></system-out>
  </testcase>
  <testcase name="testUpdateBook_MalformedJSON" classname="com.davon.library.resource.BookResourceTest" time="0.005">
    <system-out><![CDATA[Hibernate: 
    delete 
    from
        book_authors
Hibernate: 
    delete 
    from
        books
Hibernate: 
    delete 
    from
        book_authors
Hibernate: 
    delete 
    from
        authors
Hibernate: 
    delete 
    from
        admins
Hibernate: 
    delete 
    from
        members
Hibernate: 
    delete 
    from
        users
Hibernate: 
    insert 
    into
        users
        (created_at,email,is_logged_in,last_login_date,name,password,role,updated_at,role_id,user_id) 
    values
        (?,?,?,?,?,?,?,?,?,default)
Hibernate: 
    insert 
    into
        users
        (created_at,email,is_logged_in,last_login_date,name,password,role,updated_at,role_id,user_id) 
    values
        (?,?,?,?,?,?,?,?,?,default)
Hibernate: 
    insert 
    into
        authors
        (bio,name,author_id) 
    values
        (?,?,default)
Hibernate: 
    insert 
    into
        books
        (genre,isbn,publication_year,status,title,book_id) 
    values
        (?,?,?,?,?,default)
]]></system-out>
  </testcase>
  <testcase name="testAddBook_NoAuth_Forbidden" classname="com.davon.library.resource.BookResourceTest" time="0.007">
    <system-out><![CDATA[Hibernate: 
    delete 
[...]
	at io.quarkus.test.junit.QuarkusTestExtension.interceptTestMethod(QuarkusTestExtension.java:827)
	at java.base/java.util.ArrayList.forEach(ArrayList.java:1596)
	at java.base/java.util.ArrayList.forEach(ArrayList.java:1596)
]]></failure>
    <system-out><![CDATA[Hibernate: 
    delete 
    from
        book_authors
Hibernate: 
    delete 
    from
        books
Hibernate: 
    delete 
    from
        book_authors
Hibernate: 
    delete 
    from
        authors
Hibernate: 
    delete 
    from
        admins
Hibernate: 
    delete 
    from
        members
Hibernate: 
    delete 
    from
        users
Hibernate: 
    insert 
    into
        users
        (created_at,email,is_logged_in,last_login_date,name,password,role,updated_at,role_id,user_id) 
    values
        (?,?,?,?,?,?,?,?,?,default)
Hibernate: 
    insert 
    into
        users
        (created_at,email,is_logged_in,last_login_date,name,password,role,updated_at,role_id,user_id) 
    values
        (?,?,?,?,?,?,?,?,?,default)
Hibernate: 
    insert 
    into
        authors
        (bio,name,author_id) 
    values
        (?,?,default)
Hibernate: 
    insert 
    into
        books
        (genre,isbn,publication_year,status,title,book_id) 
    values
        (?,?,?,?,?,default)
Hibernate: 
    select
        u1_0.user_id,
        case 
            when u1_1.user_id is not null then 1 
            when u1_2.user_id is not null then 2 
            when u1_0.user_id is not null then 0 
        end,
        u1_0.created_at,
        u1_0.email,
        u1_0.is_logged_in,
        u1_0.last_login_date,
        u1_0.name,
        u1_0.password,
        u1_0.role,
        u1_0.updated_at,
        u1_0.role_id,
        u1_2.admin_level,
        u1_2.department,
        u1_2.last_admin_action,
        u1_1.library_id,
        u1_1.membership_end,
        u1_1.membership_number,
        u1_1.membership_start,
        u1_1.total_fines,
        u1_1.user_id 
    from
        users u1_0 
    left join
        members u1_1 
            on u1_0.user_id=u1_1.user_id 
    left join
        admins u1_2 
            on u1_0.user_id=u1_2.user_id 
    where
        u1_0.user_id=?
Hibernate: 
    select
        b1_0.book_id,
        b1_0.genre,
        b1_0.isbn,
        b1_0.publication_year,
        b1_0.status,
        b1_0.title 
    from
        books b1_0 
    where
        b1_0.book_id=?
Hibernate: 
    select
        i1_0.inventory_id,
        i1_0.available_copies,
        i1_0.book_id,
        b1_0.book_id,
        b1_0.genre,
        b1_0.isbn,
        b1_0.publication_year,
        b1_0.status,
        b1_0.title,
        i1_0.damaged_copies,
        i1_0.library_id,
        i1_0.reserved_copies,
        i1_0.total_copies 
    from
        books b1_0 
    left join
        inventories i1_0 
            on b1_0.book_id=i1_0.book_id 
    where
        b1_0.book_id=?
Hibernate: 
    select
        l1_0.book_id,
        l1_0.loan_id,
        l1_0.due_date,
        l1_0.fine_amount,
        l1_0.loan_date,
        l1_0.member_id,
        l1_0.return_date,
        l1_0.status 
    from
        loans l1_0 
    where
        l1_0.book_id=?
Hibernate: 
    delete 
    from
        book_authors 
    where
        book_id=?
Hibernate: 
    delete 
    from
        books 
    where
        book_id=?
]]></system-out>
  </testcase>
  <testcase name="testSearchBooks_WithQuery_Success" classname="com.davon.library.resource.BookResourceTest" time="0.057">
    <failure message="1 expectation failed.&#10;Expected status code &lt;200&gt; but was &lt;500&gt;.&#10;" type="java.lang.AssertionError"><![CDATA[java.lang.AssertionError: 
1 expectation failed.
Expected status code <200> but was <500>.

	at java.base/jdk.internal.reflect.DirectConstructorHandleAccessor.newInstance(DirectConstructorHandleAccessor.java:62)
	at java.base/java.lang.reflect.Constructor.newInstanceWithCaller(Constructor.java:502)
	at java.base/java.lang.reflect.Constructor.newInstance(Constructor.java:486)
	at org.codehaus.groovy.reflection.CachedConstructor.invoke(CachedConstructor.java:73)
	at org.codehaus.groovy.runtime.callsite.ConstructorSite$ConstructorSiteNoUnwrapNoCoerce.callConstructor(ConstructorSite.java:108)
	at org.codehaus.groovy.runtime.callsite.AbstractCallSite.callConstructor(AbstractCallSite.java:277)
	at io.restassured.internal.ResponseSpecificationImpl$HamcrestAssertionClosure.validate(ResponseSpecificationImpl.groovy:512)
	at io.restassured.internal.ResponseSpecificationImpl$HamcrestAssertionClosure$validate$1.call(Unknown Source)
	at io.restassured.internal.ResponseSpecificationImpl.validateResponseIfRequired(ResponseSpecificationImpl.groovy:696)
	at io.restassured.internal.ResponseSpecificationImpl.this$2$validateResponseIfRequired(ResponseSpecificationImpl.groovy)
	at java.base/jdk.internal.reflect.DirectMethodHandleAccessor.invoke(DirectMethodHandleAccessor.java:103)
	at java.base/java.lang.reflect.Method.invoke(Method.java:580)
	at org.codehaus.groovy.runtime.callsite.PlainObjectMetaMethodSite.doInvoke(PlainObjectMetaMethodSite.java:43)
	at org.codehaus.groovy.runtime.callsite.PogoMetaMethodSite$PogoCachedMethodSiteNoUnwrapNoCoerce.invoke(PogoMetaMethodSite.java:198)
	at org.codehaus.groovy.runtime.callsite.PogoMetaMethodSite.callCurrent(PogoMetaMethodSite.java:62)
	at org.codehaus.groovy.runtime.callsite.AbstractCallSite.callCurrent(AbstractCallSite.java:185)
	at io.restassured.internal.ResponseSpecificationImpl.statusCode(ResponseSpecificationImpl.groovy:135)
	at io.restassured.specification.ResponseSpecification$statusCode$0.callCurrent(Unknown Source)
	at io.restassured.internal.ResponseSpecificationImpl.statusCode(ResponseSpecificationImpl.groovy:143)
	at io.restassured.internal.ValidatableResponseOptionsImpl.statusCode(ValidatableResponseOptionsImpl.java:89)
	at com.davon.library.resource.BookResourceTest.testSearchBooks_WithQuery_Success(BookResourceTest.java:182)
	at java.base/java.lang.reflect.Method.invoke(Method.java:580)
	at io.quarkus.test.junit.QuarkusTestExtension.runExtensionMethod(QuarkusTestExtension.java:1013)
	at io.quarkus.test.junit.QuarkusTestExtension.interceptTestMethod(QuarkusTestExtension.java:827)
	at java.base/java.util.ArrayList.forEach(ArrayList.java:1596)
	at java.base/java.util.ArrayList.forEach(ArrayList.java:1596)
]]></failure>
    <system-out><![CDATA[Hibernate: 
    delete 
    from
        book_authors
Hibernate: 
    delete 
    from
        books
Hibernate: 
    delete 
    from
        book_authors
Hibernate: 
    delete 
    from
        authors
Hibernate: 
    delete 
    from
        admins
Hibernate: 
    delete 
    from
        members
Hibernate: 
    delete 
    from
        users
Hibernate: 
    insert 
    into
        users
        (created_at,email,is_logged_in,last_login_date,name,password,role,updated_at,role_id,user_id) 
    values
        (?,?,?,?,?,?,?,?,?,default)
Hibernate: 
    insert 
    into
        users
        (created_at,email,is_logged_in,last_login_date,name,password,role,updated_at,role_id,user_id) 
    values
        (?,?,?,?,?,?,?,?,?,default)
Hibernate: 
    insert 
    into
        authors
        (bio,name,author_id) 
    values
        (?,?,default)
Hibernate: 
    insert 
    into
        books
        (genre,isbn,publication_year,status,title,book_id) 
    values
        (?,?,?,?,?,default)
]]></system-out>
    <system-err><![CDATA[Jul 24, 2025 3:36:36 PM io.quarkus.vertx.http.runtime.QuarkusErrorHandler handle
ERROR: HTTP Request to /api/books/search?q=Test failed, error id: 284fb4ca-07d6-460c-96d6-e646a82ee4f9-4
java.lang.IllegalArgumentException: org.hibernate.query.sqm.InterpretationException: Error interpreting query [FROM com.davon.library.model.Book WHERE LOWER(title) LIKE LOWER(?1) OR EXISTS (SELECT 1 FROM Author a JOIN a.books b WHERE b.id = id AND LOWER(a.name) LIKE LOWER(?1))]; this may indicate a semantic (user query) problem or a bug in the parser [FROM com.davon.library.model.Book WHERE LOWER(title) LIKE LOWER(?1) OR EXISTS (SELECT 1 FROM Author a JOIN a.books b WHERE b.id = id AND LOWER(a.name) LIKE LOWER(?1))]
	at org.hibernate.internal.ExceptionConverterImpl.convert(ExceptionConverterImpl.java:138)
	at org.hibernate.internal.ExceptionConverterImpl.convert(ExceptionConverterImpl.java:162)
	at org.hibernate.internal.ExceptionConverterImpl.convert(ExceptionConverterImpl.java:168)
	at org.hibernate.internal.AbstractSharedSessionContract.createQuery(AbstractSharedSessionContract.java:795)
	at org.hibernate.internal.AbstractSharedSessionContract.createQuery(AbstractSharedSessionContract.java:704)
	at org.hibernate.internal.AbstractSharedSessionContract.createQuery(AbstractSharedSessionContract.java:120)
	at io.quarkus.hibernate.orm.runtime.session.TransactionScopedSession.createQuery(TransactionScopedSession.java:367)
	at org.hibernate.engine.spi.SessionLazyDelegator.createQuery(SessionLazyDelegator.java:548)
	at org.hibernate.engine.spi.SessionLazyDelegator.createQuery(SessionLazyDelegator.java:66)
	at org.hibernate.Session_OpdLahisOZ9nWRPXMsEFQmQU03A_Synthetic_ClientProxy.createQuery(Unknown Source)
	at io.quarkus.hibernate.orm.panache.common.runtime.CommonPanacheQueryImpl.createBaseQuery(CommonPanacheQueryImpl.java:366)
	at io.quarkus.hibernate.orm.panache.common.runtime.CommonPanacheQueryImpl.createQuery(CommonPanacheQueryImpl.java:327)
	at io.quarkus.hibernate.orm.panache.common.runtime.CommonPanacheQueryImpl.list(CommonPanacheQueryImpl.java:278)
	at io.quarkus.hibernate.orm.panache.runtime.PanacheQueryImpl.list(PanacheQueryImpl.java:149)
	at com.davon.library.repository.BookRepository.searchBooks(BookRepository.java:61)
	at com.davon.library.repository.BookRepository_ClientProxy.searchBooks(Unknown Source)
	at com.davon.library.resource.BookResource.searchBooks(BookResource.java:99)
	at com.davon.library.resource.BookResource$quarkusrestinvoker$searchBooks_9b635d4902d678eaf417c678155e7eb34f7f9537.invoke(Unknown Source)
	at org.jboss.resteasy.reactive.server.handlers.InvocationHandler.handle(InvocationHandler.java:29)
	at io.quarkus.resteasy.reactive.server.runtime.QuarkusResteasyReactiveRequestContext.invokeHandler(QuarkusResteasyReactiveRequestContext.java:141)
	at org.jboss.resteasy.reactive.common.core.AbstractResteasyReactiveContext.run(AbstractResteasyReactiveContext.java:147)
	at io.quarkus.vertx.core.runtime.VertxCoreRecorder$14.runWith(VertxCoreRecorder.java:582)
	at org.jboss.threads.EnhancedQueueExecutor$Task.run(EnhancedQueueExecutor.java:2513)
	at org.jboss.threads.EnhancedQueueExecutor$ThreadBody.run(EnhancedQueueExecutor.java:1538)
	at org.jboss.threads.DelegatingRunnable.run(DelegatingRunnable.java:29)
	at org.jboss.threads.ThreadLocalResettingRunnable.run(ThreadLocalResettingRunnable.java:29)
	at io.netty.util.concurrent.FastThreadLocalRunnable.run(FastThreadLocalRunnable.java:30)
	at java.base/java.lang.Thread.run(Thread.java:1583)
Caused by: org.hibernate.query.sqm.InterpretationException: Error interpreting query [FROM com.davon.library.model.Book WHERE LOWER(title) LIKE LOWER(?1) OR EXISTS (SELECT 1 FROM Author a JOIN a.books b WHERE b.id = id AND LOWER(a.name) LIKE LOWER(?1))]; this may indicate a semantic (user query) problem or a bug in the parser [FROM com.davon.library.model.Book WHERE LOWER(title) LIKE LOWER(?1) OR EXISTS (SELECT 1 FROM Author a JOIN a.books b WHERE b.id = id AND LOWER(a.name) LIKE LOWER(?1))]
	at org.hibernate.query.hql.internal.StandardHqlTranslator.translate(StandardHqlTranslator.java:97)
	at org.hibernate.query.internal.QueryInterpretationCacheStandardImpl.createHqlInterpretation(QueryInterpretationCacheStandardImpl.java:165)
	at org.hibernate.query.internal.QueryInterpretationCacheStandardImpl.resolveHqlInterpretation(QueryInterpretationCacheStandardImpl.java:147)
	at org.hibernate.internal.AbstractSharedSessionContract.interpretHql(AbstractSharedSessionContract.java:741)
	at org.hibernate.internal.AbstractSharedSessionContract.createQuery(AbstractSharedSessionContract.java:786)
	... 24 more
Caused by: java.lang.IllegalStateException: Multiple from-elements expose unqualified attribute : id
	at org.hibernate.query.hql.internal.SqmPathRegistryImpl.findFromExposing(SqmPathRegistryImpl.java:193)
	at org.hibernate.query.hql.internal.BasicDotIdentifierConsumer$BaseLocalSequencePart.resolvePathPart(BasicDotIdentifierConsumer.java:146)
	at org.hibernate.query.hql.internal.BasicDotIdentifierConsumer.consumeIdentifier(BasicDotIdentifierConsumer.java:91)
	at org.hibernate.query.hql.internal.SemanticQueryBuilder.visitSimplePath(SemanticQueryBuilder.java:5197)
	at org.hibernate.query.hql.internal.SemanticQueryBuilder.visitIndexedPathAccessFragment(SemanticQueryBuilder.java:5155)
	at org.hibernate.query.hql.internal.SemanticQueryBuilder.visitGeneralPathFragment(SemanticQueryBuilder.java:5124)
	at org.hibernate.query.hql.internal.SemanticQueryBuilder.visitGeneralPathExpression(SemanticQueryBuilder.java:1749)
	at org.hibernate.grammars.hql.HqlParser$GeneralPathExpressionContext.accept(HqlParser.java:7590)
	at org.antlr.v4.runtime.tree.AbstractParseTreeVisitor.visitChildren(AbstractParseTreeVisitor.java:46)
	at org.hibernate.grammars.hql.HqlParserBaseVisitor.visitBarePrimaryExpression(HqlParserBaseVisitor.java:720)
	at org.hibernate.grammars.hql.HqlParser$BarePrimaryExpressionContext.accept(HqlParser.java:7064)
	at org.hibernate.query.hql.internal.SemanticQueryBuilder.visitComparisonPredicate(SemanticQueryBuilder.java:2454)
	at org.hibernate.query.hql.internal.SemanticQueryBuilder.visitComparisonPredicate(SemanticQueryBuilder.java:253)
	at org.hibernate.grammars.hql.HqlParser$ComparisonPredicateContext.accept(HqlParser.java:6111)
	at org.hibernate.query.hql.internal.SemanticQueryBuilder.visitAndPredicate(SemanticQueryBuilder.java:2313)
	at org.hibernate.query.hql.internal.SemanticQueryBuilder.visitAndPredicate(SemanticQueryBuilder.java:253)
	at org.hibernate.grammars.hql.HqlParser$AndPredicateContext.accept(HqlParser.java:6013)
	at org.hibernate.query.hql.internal.SemanticQueryBuilder.visitWhereClause(SemanticQueryBuilder.java:2297)
	at org.hibernate.query.hql.internal.SemanticQueryBuilder.visitWhereClause(SemanticQueryBuilder.java:253)
	at org.hibernate.grammars.hql.HqlParser$WhereClauseContext.accept(HqlParser.java:5910)
	at org.hibernate.query.hql.internal.SemanticQueryBuilder.visitQuery(SemanticQueryBuilder.java:1161)
	at org.hibernate.query.hql.internal.SemanticQueryBuilder.visitQuerySpecExpression(SemanticQueryBuilder.java:937)
	at org.hibernate.query.hql.internal.SemanticQueryBuilder.visitQuerySpecExpression(SemanticQueryBuilder.java:253)
	at org.hibernate.grammars.hql.HqlParser$QuerySpecExpressionContext.accept(HqlParser.java:1818)
	at org.hibernate.query.hql.internal.SemanticQueryBuilder.visitSimpleQueryGroup(SemanticQueryBuilder.java:931)
	at org.hibernate.query.hql.internal.SemanticQueryBuilder.visitSimpleQueryGroup(SemanticQueryBuilder.java:253)
	at org.hibernate.grammars.hql.HqlParser$SimpleQueryGroupContext.accept(HqlParser.java:1711)
	at org.hibernate.query.hql.internal.SemanticQueryBuilder.visitSubquery(SemanticQueryBuilder.java:5075)
	at org.hibernate.query.hql.internal.SemanticQueryBuilder.visitSubqueryExpression(SemanticQueryBuilder.java:5055)
	at org.hibernate.query.hql.internal.SemanticQueryBuilder.visitSubqueryExpression(SemanticQueryBuilder.java:253)
	at org.hibernate.grammars.hql.HqlParser$SubqueryExpressionContext.accept(HqlParser.java:7226)
	at org.hibernate.query.hql.internal.SemanticQueryBuilder.visitExistsPredicate(SemanticQueryBuilder.java:2731)
	at org.hibernate.query.hql.internal.SemanticQueryBuilder.visitExistsPredicate(SemanticQueryBuilder.java:253)
	at org.hibernate.grammars.hql.HqlParser$ExistsPredicateContext.accept(HqlParser.java:5990)
	at org.hibernate.query.hql.internal.SemanticQueryBuilder.visitOrPredicate(SemanticQueryBuilder.java:2323)
	at org.hibernate.query.hql.internal.SemanticQueryBuilder.visitOrPredicate(SemanticQueryBuilder.java:253)
	at org.hibernate.grammars.hql.HqlParser$OrPredicateContext.accept(HqlParser.java:6197)
	at org.hibernate.query.hql.internal.SemanticQueryBuilder.visitWhereClause(SemanticQueryBuilder.java:2297)
	at org.hibernate.query.hql.internal.SemanticQueryBuilder.visitWhereClause(SemanticQueryBuilder.java:253)
	at org.hibernate.grammars.hql.HqlParser$WhereClauseContext.accept(HqlParser.java:5910)
	at org.hibernate.query.hql.internal.SemanticQueryBuilder.visitQuery(SemanticQueryBuilder.java:1161)
	at org.hibernate.query.hql.internal.SemanticQueryBuilder.visitQuerySpecExpression(SemanticQueryBuilder.java:937)
	at org.hibernate.query.hql.internal.SemanticQueryBuilder.visitQuerySpecExpression(SemanticQueryBuilder.java:253)
	at org.hibernate.grammars.hql.HqlParser$QuerySpecExpressionContext.accept(HqlParser.java:1818)
	at org.hibernate.query.hql.internal.SemanticQueryBuilder.visitSimpleQueryGroup(SemanticQueryBuilder.java:931)
	at org.hibernate.query.hql.internal.SemanticQueryBuilder.visitSimpleQueryGroup(SemanticQueryBuilder.java:253)
	at org.hibernate.grammars.hql.HqlParser$SimpleQueryGroupContext.accept(HqlParser.java:1711)
	at org.hibernate.query.hql.internal.SemanticQueryBuilder.visitSelectStatement(SemanticQueryBuilder.java:418)
	at org.hibernate.query.hql.internal.SemanticQueryBuilder.visitStatement(SemanticQueryBuilder.java:377)
	at org.hibernate.query.hql.internal.SemanticQueryBuilder.buildSemanticModel(SemanticQueryBuilder.java:295)
	at org.hibernate.query.hql.internal.StandardHqlTranslator.translate(StandardHqlTranslator.java:81)
	... 28 more

]]></system-err>
  </testcase>
  <testcase name="testGetBookByIsbn_Success" classname="com.davon.library.resource.BookResourceTest" time="0.012">
    <system-out><![CDATA[Hibernate: 
    delete 
    from
        book_authors
Hibernate: 
    delete 
    from
        books
Hibernate: 
    delete 
    from
        book_authors
Hibernate: 
    delete 
    from
        authors
Hibernate: 
    delete 
    from
        admins
Hibernate: 
    delete 
    from
        members
Hibernate: 
    delete 
    from
        users
Hibernate: 
    insert 
    into
        users
        (created_at,email,is_logged_in,last_login_date,name,password,role,updated_at,role_id,user_id) 
    values
        (?,?,?,?,?,?,?,?,?,default)
Hibernate: 
    insert 
    into
        users
        (created_at,email,is_logged_in,last_login_date,name,password,role,updated_at,role_id,user_id) 
    values
        (?,?,?,?,?,?,?,?,?,default)
Hibernate: 
    insert 
    into
        authors
        (bio,name,author_id) 
    values
        (?,?,default)
Hibernate: 
    insert 
    into
        books
        (genre,isbn,publication_year,status,title,book_id) 
    values
        (?,?,?,?,?,default)
Hibernate: 
    select
        b1_0.book_id,
        b1_0.genre,
        b1_0.isbn,
        b1_0.publication_year,
        b1_0.status,
        b1_0.title 
    from
        books b1_0 
    where
        b1_0.isbn=? 
    fetch
        first ? rows only
Hibernate: 
    select
        a1_0.book_id,
        a1_1.author_id,
        a1_1.bio,
        a1_1.name 
    from
        book_authors a1_0 
    join
        authors a1_1 
            on a1_1.author_id=a1_0.author_id 
    where
        a1_0.book_id=?
Hibernate: 
    select
        i1_0.inventory_id,
        i1_0.available_copies,
        i1_0.book_id,
        b1_0.book_id,
        b1_0.genre,
        b1_0.isbn,
        b1_0.publication_year,
        b1_0.status,
        b1_0.title,
        i1_0.damaged_copies,
        i1_0.library_id,
        i1_0.reserved_copies,
        i1_0.total_copies 
    from
        books b1_0 
    left join
        inventories i1_0 
            on b1_0.book_id=i1_0.book_id 
    where
        b1_0.book_id=?
Hibernate: 
    select
        l1_0.book_id,
        l1_0.loan_id,
        l1_0.due_date,
        l1_0.fine_amount,
        l1_0.loan_date,
        l1_0.member_id,
        l1_0.return_date,
        l1_0.status 
    from
        loans l1_0 
    where
        l1_0.book_id=?
]]></system-out>
  </testcase>
</testsuite>