<?xml version="1.0" encoding="UTF-8"?>
<testsuite xmlns:xsi="http://www.w3.org/2001/XMLSchema-instance" xsi:noNamespaceSchemaLocation="https://maven.apache.org/surefire/maven-surefire-plugin/xsd/surefire-test-report-3.0.xsd" version="3.0" name="com.davon.library.service.BookServiceTest" time="2.407" tests="33" errors="0" skipped="0" failures="0">
  <properties>
[...]
</properties>
  <testcase name="testAddAuthorToBook_Success" classname="com.davon.library.service.BookServiceTest" time="0.117">
    <system-out><![CDATA[Hibernate: 
    drop table if exists admins cascade 
Hibernate: 
    drop table if exists authors cascade 
Hibernate: 
    drop table if exists book_authors cascade 
Hibernate: 
    drop table if exists books cascade 
Hibernate: 
    drop table if exists fines cascade 
Hibernate: 
    drop table if exists inventories cascade 
Hibernate: 
    drop table if exists libraries cascade 
Hibernate: 
    drop table if exists loans cascade 
Hibernate: 
    drop table if exists member_borrowed_books cascade 
Hibernate: 
    drop table if exists member_fine_history cascade 
Hibernate: 
    drop table if exists members cascade 
Hibernate: 
    drop table if exists payments cascade 
Hibernate: 
    drop table if exists profiles cascade 
Hibernate: 
    drop table if exists role_permissions cascade 
Hibernate: 
    drop table if exists roles cascade 
Hibernate: 
    drop table if exists transactions cascade 
Hibernate: 
    drop table if exists users cascade 
Hibernate: 
    create table admins (
        last_admin_action timestamp(6),
        user_id bigint not null,
        admin_level varchar(20),
        department varchar(100),
        primary key (user_id)
    )
Hibernate: 
    create table authors (
        author_id bigint generated by default as identity,
        name varchar(100) not null,
        bio varchar(1000),
        primary key (author_id)
    )
Hibernate: 
    create table book_authors (
        author_id bigint not null,
        book_id bigint not null
    )
Hibernate: 
    create table books (
        publication_year integer,
        book_id bigint generated by default as identity,
        isbn varchar(20) unique,
        status varchar(20) not null check (status in ('AVAILABLE','BORROWED','RESERVED','MAINTENANCE','LOST')),
        genre varchar(100),
        title varchar(200) not null,
        primary key (book_id)
    )
Hibernate: 
    create table fines (
        is_paid boolean,
        issued_date timestamp(6) not null,
        loan_id bigint,
        paid_date timestamp(6),
        transaction_id bigint not null,
        reason varchar(500),
        fine_type varchar(255) not null check (fine_type in ('OVERDUE','DAMAGE','LOST_BOOK','LATE_RETURN','OTHER')),
        primary key (transaction_id)
    )
Hibernate: 
    create table inventories (
        available_copies integer not null,
        damaged_copies integer,
        reserved_copies integer,
        total_copies integer not null,
        book_id bigint not null unique,
        inventory_id bigint generated by default as identity,
        library_id bigint not null,
        primary key (inventory_id)
    )
Hibernate: 
    create table libraries (
        library_id bigint generated by default as identity,
        phone varchar(20),
        email varchar(100),
        name varchar(200) not null,
        opening_hours varchar(200),
        address varchar(500),
        primary key (library_id)
    )
Hibernate: 
    create table loans (
        fine_amount float(53),
        book_id bigint not null,
        due_date timestamp(6) not null,
        loan_date timestamp(6) not null,
        loan_id bigint generated by default as identity,
        member_id bigint not null,
        return_date timestamp(6),
        status varchar(255) not null check (status in ('ACTIVE','RETURNED','OVERDUE','RENEWED','LOST')),
        primary key (loan_id)
    )
Hibernate: 
    create table member_borrowed_books (
        book_id bigint,
        member_id bigint not null
    )
Hibernate: 
    create table member_fine_history (
        member_id bigint not null,
        fine_description varchar(255)
    )
Hibernate: 
    create table members (
        membership_end date,
        membership_start date,
        total_fines float(53),
        library_id bigint,
        user_id bigint not null,
        membership_number varchar(50) unique,
        primary key (user_id)
    )
Hibernate: 
    create table payments (
        fine_id bigint,
        payment_date timestamp(6) not null,
        transaction_id bigint not null,
        payment_method varchar(30) not null check (payment_method in ('CASH','CREDIT_CARD','DEBIT_CARD','BANK_TRANSFER','PAYPAL','OTHER')),
        confirmation_number varchar(100),
        reference_number varchar(100),
        primary key (transaction_id)
    )
Hibernate: 
    create table profiles (
        birth_date date,
        last_updated timestamp(6),
        profile_id bigint generated by default as identity,
        user_id bigint not null unique,
        phone varchar(20),
        address varchar(500),
        primary key (profile_id)
    )
Hibernate: 
    create table role_permissions (
        role_id bigint not null,
        permission varchar(255)
    )
Hibernate: 
    create table roles (
        role_id bigint generated by default as identity,
        name varchar(50) not null unique,
        primary key (role_id)
    )
Hibernate: 
    create table transactions (
        amount float(53) not null,
        date timestamp(6) not null,
        transaction_id bigint generated by default as identity,
        user_id bigint,
        type varchar(50) not null,
        description varchar(500),
        status varchar(255) not null check (status in ('PENDING','COMPLETED','CANCELLED','FAILED')),
        primary key (transaction_id)
    )
Hibernate: 
    create table users (
        is_logged_in boolean,
        created_at timestamp(6) not null,
        last_login_date timestamp(6),
        role_id bigint,
        updated_at timestamp(6),
        user_id bigint generated by default as identity,
        role varchar(50) not null,
        name varchar(100) not null,
        email varchar(150) not null unique,
        password varchar(255) not null,
        primary key (user_id)
    )
Hibernate: 
    alter table if exists admins 
       add constraint FKgc8dtql9mkq268detxiox7fpm 
       foreign key (user_id) 
       references users
Hibernate: 
    alter table if exists book_authors 
       add constraint FKo86065vktj3hy1m7syr9cn7va 
       foreign key (author_id) 
       references authors
Hibernate: 
    alter table if exists book_authors 
       add constraint FKbhqtkv2cndf10uhtknaqbyo0a 
       foreign key (book_id) 
       references books
Hibernate: 
    alter table if exists fines 
       add constraint FKpxdidln7gte3bgknqqhknl99h 
       foreign key (loan_id) 
       references loans
Hibernate: 
    alter table if exists fines 
       add constraint FKi4rbui5c0sr8cy9bxh5x7auuv 
       foreign key (transaction_id) 
       references transactions
Hibernate: 
    alter table if exists inventories 
       add constraint FKmnw3s5wcdejkbettnxaangait 
       foreign key (book_id) 
       references books
Hibernate: 
    alter table if exists inventories 
       add constraint FKtl8lheb6w5ui3by8hts1ew2xu 
       foreign key (library_id) 
       references libraries
Hibernate: 
    alter table if exists loans 
       add constraint FKokwvlrv6o4i4h3le3bwhe6kie 
       foreign key (book_id) 
       references books
Hibernate: 
    alter table if exists loans 
       add constraint FKcx90n1minpb22v3jw4ojinqm 
       foreign key (member_id) 
       references members
Hibernate: 
    alter table if exists member_borrowed_books 
       add constraint FK1iclbbs4dtff1thn0r4bwerjh 
       foreign key (member_id) 
       references members
Hibernate: 
    alter table if exists member_fine_history 
       add constraint FKc80qiw9e4a976cn4t84cf0i42 
       foreign key (member_id) 
       references members
Hibernate: 
    alter table if exists members 
       add constraint FK40wbwpwpyvta6t17oivegff64 
       foreign key (library_id) 
       references libraries
Hibernate: 
    alter table if exists members 
       add constraint FKpj3n6wh5muoeakc485whgs3x5 
       foreign key (user_id) 
       references users
Hibernate: 
    alter table if exists payments 
       add constraint FKmq3fvfdvckvvxpw2mp3focryc 
       foreign key (fine_id) 
       references fines
Hibernate: 
    alter table if exists payments 
       add constraint FKj0snkqpv28yu1my95jbeqvmgf 
       foreign key (transaction_id) 
       references transactions
Hibernate: 
    alter table if exists profiles 
       add constraint FK410q61iev7klncmpqfuo85ivh 
       foreign key (user_id) 
       references users
Hibernate: 
    alter table if exists role_permissions 
       add constraint FKn5fotdgk8d1xvo8nav9uv3muc 
       foreign key (role_id) 
       references roles
Hibernate: 
    alter table if exists transactions 
       add constraint FKqwv7rmvc8va8rep7piikrojds 
       foreign key (user_id) 
       references users
Hibernate: 
    alter table if exists users 
       add constraint FKp56c1712k691lhsyewcssf40f 
       foreign key (role_id) 
       references roles
Author 'Test Author' added to book 'Test Book'
]]></system-out>
    <system-err><![CDATA[Jul 24, 2025 3:40:17 PM io.quarkus.runtime.logging.LoggingSetupRecorder$3 accept
WARN: Log level TRACE for category 'org.hibernate.type.descriptor.sql.BasicBinder' set below minimum logging level DEBUG, promoting it to DEBUG. Set the build time configuration property 'quarkus.log.category."org.hibernate.type.descriptor.sql.BasicBinder".min-level' to 'TRACE' to avoid this warning
Jul 24, 2025 3:40:17 PM org.jboss.logmanager.JBossLoggerFinder getLogger
ERROR: The LogManager accessed before the "java.util.logging.manager" system property was set to "org.jboss.logmanager.LogManager". Results may be unexpected.
Jul 24, 2025 3:40:17 PM io.quarkus.runtime.logging.LoggingSetupRecorder initializeBuildTimeLogging
WARN: Log level TRACE for category 'org.hibernate.type.descriptor.sql.BasicBinder' set below minimum logging level DEBUG, promoting it to DEBUG. Set the build time configuration property 'quarkus.log.category."org.hibernate.type.descriptor.sql.BasicBinder".min-level' to 'TRACE' to avoid this warning
Jul 24, 2025 3:40:18 PM io.quarkus.runtime.configuration.ConfigDiagnostic unknown
WARN: Unrecognized configuration key "quarkus.hibernate-orm.show-sql" was provided; it will be ignored; verify that the dependency extension for this configuration is set or that you did not make a typo
Jul 24, 2025 3:40:18 PM io.quarkus.runtime.configuration.ConfigDiagnostic unknown
WARN: Unrecognized configuration key "quarkus.h2.console.enabled" was provided; it will be ignored; verify that the dependency extension for this configuration is set or that you did not make a typo
Jul 24, 2025 3:40:18 PM org.hibernate.jpa.internal.util.LogHelper logPersistenceUnitInformation
INFO: HHH000204: Processing PersistenceUnitInfo [name: <default>]
Jul 24, 2025 3:40:18 PM org.hibernate.Version logVersion
INFO: HHH000412: Hibernate ORM core version 6.2.13.Final
Jul 24, 2025 3:40:18 PM org.hibernate.cfg.Environment <clinit>
INFO: HHH000406: Using bytecode reflection optimizer
Jul 24, 2025 3:40:18 PM org.hibernate.engine.jdbc.dialect.internal.DialectFactoryImpl constructDialect
WARN: HHH90000025: H2Dialect does not need to be specified explicitly using 'hibernate.dialect' (remove the property setting and it will be selected by default)
Jul 24, 2025 3:40:18 PM io.quarkus.runtime.logging.LoggingSetupRecorder$3 accept
WARN: Log level TRACE for category 'org.hibernate.type.descriptor.sql.BasicBinder' set below minimum logging level DEBUG, promoting it to DEBUG. Set the build time configuration property 'quarkus.log.category."org.hibernate.type.descriptor.sql.BasicBinder".min-level' to 'TRACE' to avoid this warning
Jul 24, 2025 3:40:19 PM io.quarkus.bootstrap.runner.Timing printStartupTime
INFO: Davon Library System  1.0-SNAPSHOT on JVM (powered by Quarkus 3.6.4) started in 1.654s. Listening on: http://localhost:8081
Jul 24, 2025 3:40:19 PM io.quarkus.bootstrap.runner.Timing printStartupTime
INFO: Profile test activated. 
Jul 24, 2025 3:40:19 PM io.quarkus.bootstrap.runner.Timing printStartupTime
INFO: Installed features: [agroal, cdi, hibernate-orm, hibernate-orm-panache, jdbc-h2, narayana-jta, resteasy-reactive, resteasy-reactive-jackson, smallrye-context-propagation, vertx]
WARNING: A Java agent has been loaded dynamically (/Users/canansavran/.m2/repository/net/bytebuddy/byte-buddy-agent/1.14.4/byte-buddy-agent-1.14.4.jar)
WARNING: If a serviceability tool is in use, please run with -XX:+EnableDynamicAgentLoading to hide this warning
WARNING: If a serviceability tool is not in use, please run with -Djdk.instrument.traceUsage for more information
WARNING: Dynamic loading of agents will be disallowed by default in a future release
]]></system-err>
  </testcase>
  <testcase name="testAddAuthorToBook_AlreadyAssociated_Fails" classname="com.davon.library.service.BookServiceTest" time="0.001">
    <system-out><![CDATA[Author is already associated with this book
]]></system-out>
  </testcase>
  <testcase name="testDeleteBook_WithReturnedLoans_Success" classname="com.davon.library.service.BookServiceTest" time="0.001">
    <system-out><![CDATA[Book deleted successfully: Test Book
]]></system-out>
  </testcase>
  <testcase name="testUpdateBook_NullId_Fails" classname="com.davon.library.service.BookServiceTest" time="0.001">
    <system-out><![CDATA[Book ID cannot be null
]]></system-out>
  </testcase>
  <testcase name="testAddAuthorToBook_AuthorNotFound_Fails" classname="com.davon.library.service.BookServiceTest" time="0.001">
    <system-out><![CDATA[Author not found with ID: 1
]]></system-out>
  </testcase>
  <testcase name="testUpdateBook_TrimTitle_Success" classname="com.davon.library.service.BookServiceTest" time="0.001">
    <system-out><![CDATA[Book updated successfully: Updated Title
]]></system-out>
  </testcase>
  <testcase name="testCreateBook_EmptyTitle_Fails" classname="com.davon.library.service.BookServiceTest" time="0.0">
    <system-out><![CDATA[Book title is required
]]></system-out>
  </testcase>
  <testcase name="testCreateBook_ZeroPublicationYear_Success" classname="com.davon.library.service.BookServiceTest" time="0.001">
    <system-out><![CDATA[Book created successfully: Test Book
]]></system-out>
  </testcase>
  <testcase name="testDeleteBook_BookNotFound_Fails" classname="com.davon.library.service.BookServiceTest" time="0.0">
    <system-out><![CDATA[Book not found with ID: 1
]]></system-out>
  </testcase>
  <testcase name="testRemoveAuthorFromBook_NullAuthorId_Fails" classname="com.davon.library.service.BookServiceTest" time="0.0">
    <system-out><![CDATA[Book ID and Author ID cannot be null
]]></system-out>
  </testcase>
  <testcase name="testDeleteBook_EmptyLoans_Success" classname="com.davon.library.service.BookServiceTest" time="0.001">
    <system-out><![CDATA[Book deleted successfully: Test Book
]]></system-out>
  </testcase>
  <testcase name="testDeleteBook_NullId_Fails" classname="com.davon.library.service.BookServiceTest" time="0.0">
    <system-out><![CDATA[Book ID cannot be null
]]></system-out>
  </testcase>
  <testcase name="testDeleteBook_NullLoans_Success" classname="com.davon.library.service.BookServiceTest" time="0.0">
    <system-out><![CDATA[Book deleted successfully: Test Book
]]></system-out>
  </testcase>
  <testcase name="testRemoveAuthorFromBook_Success" classname="com.davon.library.service.BookServiceTest" time="0.0">
    <system-out><![CDATA[Author 'Test Author' removed from book 'Test Book'
]]></system-out>
  </testcase>
  <testcase name="testCreateBook_Success" classname="com.davon.library.service.BookServiceTest" time="0.0">
    <system-out><![CDATA[Book created successfully: Test Book
]]></system-out>
  </testcase>
  <testcase name="testUpdateBook_PartialUpdate_Success" classname="com.davon.library.service.BookServiceTest" time="0.0">
    <system-out><![CDATA[Book updated successfully: Test Book
]]></system-out>
  </testcase>
  <testcase name="testUpdateBook_BookNotFound_Fails" classname="com.davon.library.service.BookServiceTest" time="0.001">
    <system-out><![CDATA[Book not found with ID: 1
]]></system-out>
  </testcase>
  <testcase name="testCreateBook_DuplicateIsbn_Fails" classname="com.davon.library.service.BookServiceTest" time="0.0">
    <system-out><![CDATA[Book with ISBN 978-0123456789 already exists
]]></system-out>
  </testcase>
  <testcase name="testAddAuthorToBook_NullAuthorId_Fails" classname="com.davon.library.service.BookServiceTest" time="0.0">
    <system-out><![CDATA[Book ID and Author ID cannot be null
]]></system-out>
  </testcase>
  <testcase name="testCreateBook_NullTitle_Fails" classname="com.davon.library.service.BookServiceTest" time="0.0">
    <system-out><![CDATA[Book title is required
]]></system-out>
  </testcase>
  <testcase name="testAddAuthorToBook_BookNotFound_Fails" classname="com.davon.library.service.BookServiceTest" time="0.0">
    <system-out><![CDATA[Book not found with ID: 1
]]></system-out>
  </testcase>
  <testcase name="testCreateBook_TrimTitle_Success" classname="com.davon.library.service.BookServiceTest" time="0.001">
    <system-out><![CDATA[Book created successfully: Test Book
]]></system-out>
  </testcase>
  <testcase name="testDeleteBook_WithActiveLoans_Fails" classname="com.davon.library.service.BookServiceTest" time="0.001">
    <system-out><![CDATA[Cannot delete book: Has active loans
]]></system-out>
  </testcase>
  <testcase name="testDeleteBook_Success" classname="com.davon.library.service.BookServiceTest" time="0.001">
    <system-out><![CDATA[Book deleted successfully: Test Book
]]></system-out>
  </testcase>
  <testcase name="testAddAuthorToBook_NullBookId_Fails" classname="com.davon.library.service.BookServiceTest" time="0.001">
    <system-out><![CDATA[Book ID and Author ID cannot be null
]]></system-out>
  </testcase>
  <testcase name="testUpdateBook_ConflictingIsbn_Fails" classname="com.davon.library.service.BookServiceTest" time="0.001">
    <system-out><![CDATA[ISBN already exists for another book
]]></system-out>
  </testcase>
  <testcase name="testRemoveAuthorFromBook_NotAssociated_Fails" classname="com.davon.library.service.BookServiceTest" time="0.0">
    <system-out><![CDATA[Author is not associated with this book
]]></system-out>
  </testcase>
  <testcase name="testUpdateBook_Success" classname="com.davon.library.service.BookServiceTest" time="0.0">
    <system-out><![CDATA[Book updated successfully: Updated Title
]]></system-out>
  </testcase>
  <testcase name="testUpdateBook_SameIsbn_Success" classname="com.davon.library.service.BookServiceTest" time="0.001">
    <system-out><![CDATA[Book updated successfully: Updated Title
]]></system-out>
  </testcase>
  <testcase name="testUpdateBook_NegativePublicationYear_Ignored" classname="com.davon.library.service.BookServiceTest" time="0.001">
    <system-out><![CDATA[Book updated successfully: Test Book
]]></system-out>
  </testcase>
  <testcase name="testRemoveAuthorFromBook_NullBookId_Fails" classname="com.davon.library.service.BookServiceTest" time="0.001">
    <system-out><![CDATA[Book ID and Author ID cannot be null
]]></system-out>
  </testcase>
  <testcase name="testCreateBook_NoIsbn_Success" classname="com.davon.library.service.BookServiceTest" time="0.001">
    <system-out><![CDATA[Book created successfully: Test Book
]]></system-out>
  </testcase>
  <testcase name="testAddMultipleAuthorsToBook_Success" classname="com.davon.library.service.BookServiceTest" time="0.001">
    <system-out><![CDATA[Author 'Test Author' added to book 'Test Book'
Author 'Second Author' added to book 'Test Book'
]]></system-out>
  </testcase>
</testsuite>