<?xml version="1.0" encoding="UTF-8"?>
<testsuite xmlns:xsi="http://www.w3.org/2001/XMLSchema-instance" xsi:noNamespaceSchemaLocation="https://maven.apache.org/surefire/maven-surefire-plugin/xsd/surefire-test-report-3.0.xsd" version="3.0" name="com.davon.library.service.AuthorServiceTest" time="0.08" tests="51" errors="0" skipped="0" failures="0">
  <properties>
[...]
</properties>
  <testcase name="testGetAuthorStatistics_AuthorNotFound" classname="com.davon.library.service.AuthorServiceTest" time="0.002">
    <system-out><![CDATA[Author not found
]]></system-out>
  </testcase>
  <testcase name="testRemoveBookFromAuthor_NullAuthorId_Fails" classname="com.davon.library.service.AuthorServiceTest" time="0.0">
    <system-out><![CDATA[Author ID and Book ID cannot be null
]]></system-out>
  </testcase>
  <testcase name="testDeleteAuthor_NullId_Fails" classname="com.davon.library.service.AuthorServiceTest" time="0.0">
    <system-out><![CDATA[Author ID cannot be null
]]></system-out>
  </testcase>
  <testcase name="testSearchAuthorsByName_TrimTerm_Success" classname="com.davon.library.service.AuthorServiceTest" time="0.007"/>
  <testcase name="testGetAuthorStatistics_NullBooks" classname="com.davon.library.service.AuthorServiceTest" time="0.001">
    <system-out><![CDATA[=== Author Statistics ===
Name: Test Author
Bio: Test author biography
Number of Books: 0
========================
]]></system-out>
  </testcase>
  <testcase name="testUpdateAuthor_SameName_NoChanges" classname="com.davon.library.service.AuthorServiceTest" time="0.001">
    <system-out><![CDATA[No changes made to author
]]></system-out>
  </testcase>
  <testcase name="testSearchAuthorsByName_EmptyTerm_EmptyList" classname="com.davon.library.service.AuthorServiceTest" time="0.0"/>
  <testcase name="testCreateAuthor_LongBio_Success" classname="com.davon.library.service.AuthorServiceTest" time="0.002">
    <system-out><![CDATA[Author created successfully: Author with Long Bio
]]></system-out>
  </testcase>
  <testcase name="testGetBooksByAuthor_NoBooks_EmptyList" classname="com.davon.library.service.AuthorServiceTest" time="0.0"/>
  <testcase name="testCreateAuthor_NullName_Fails" classname="com.davon.library.service.AuthorServiceTest" time="0.001">
    <system-out><![CDATA[Author name cannot be empty
]]></system-out>
  </testcase>
  <testcase name="testGetAllAuthors_EmptyList" classname="com.davon.library.service.AuthorServiceTest" time="0.0"/>
  <testcase name="testUpdateAuthor_TrimName_Success" classname="com.davon.library.service.AuthorServiceTest" time="0.0">
    <system-out><![CDATA[Author updated successfully: Updated Name
]]></system-out>
  </testcase>
  <testcase name="testUpdateAuthor_OnlyName_Success" classname="com.davon.library.service.AuthorServiceTest" time="0.0">
    <system-out><![CDATA[Author updated successfully: New Name
]]></system-out>
  </testcase>
  <testcase name="testUpdateAuthor_NullId_Fails" classname="com.davon.library.service.AuthorServiceTest" time="0.001">
    <system-out><![CDATA[Author ID cannot be null
]]></system-out>
  </testcase>
  <testcase name="testAddBookToAuthor_AuthorNotFound_Fails" classname="com.davon.library.service.AuthorServiceTest" time="0.0">
    <system-out><![CDATA[Author not found with ID: 1
]]></system-out>
  </testcase>
  <testcase name="testGetAuthorById_Success" classname="com.davon.library.service.AuthorServiceTest" time="0.001"/>
  <testcase name="testGetBooksByAuthor_AuthorNotFound_EmptyList" classname="com.davon.library.service.AuthorServiceTest" time="0.0"/>
  <testcase name="testUpdateAuthor_EmptyName_Ignored" classname="com.davon.library.service.AuthorServiceTest" time="0.0">
    <system-out><![CDATA[Author updated successfully: Test Author
]]></system-out>
  </testcase>
  <testcase name="testRemoveBookFromAuthor_NotAssociated_Fails" classname="com.davon.library.service.AuthorServiceTest" time="0.0">
    <system-out><![CDATA[Book is not associated with this author
]]></system-out>
  </testcase>
  <testcase name="testGetAuthorById_NullId" classname="com.davon.library.service.AuthorServiceTest" time="0.0"/>
  <testcase name="testGetBooksByAuthor_NullId_EmptyList" classname="com.davon.library.service.AuthorServiceTest" time="0.001"/>
  <testcase name="testRemoveBookFromAuthor_NullBookId_Fails" classname="com.davon.library.service.AuthorServiceTest" time="0.0">
    <system-out><![CDATA[Author ID and Book ID cannot be null
]]></system-out>
  </testcase>
  <testcase name="testCreateAuthor_TrimName_Success" classname="com.davon.library.service.AuthorServiceTest" time="0.001">
    <system-out><![CDATA[Author created successfully: Trimmed Author
]]></system-out>
  </testcase>
  <testcase name="testAddBookToAuthor_NullBookId_Fails" classname="com.davon.library.service.AuthorServiceTest" time="0.0">
    <system-out><![CDATA[Author ID and Book ID cannot be null
]]></system-out>
  </testcase>
  <testcase name="testCreateAuthor_NullBio_Success" classname="com.davon.library.service.AuthorServiceTest" time="0.001">
    <system-out><![CDATA[Author created successfully: Author Without Bio
]]></system-out>
  </testcase>
  <testcase name="testDeleteAuthor_EmptyBooks_Success" classname="com.davon.library.service.AuthorServiceTest" time="0.001">
    <system-out><![CDATA[Author deleted successfully: Test Author
]]></system-out>
  </testcase>
  <testcase name="testCreateAuthor_ExistingName_ReturnsExisting" classname="com.davon.library.service.AuthorServiceTest" time="0.0">
    <system-out><![CDATA[Author with name 'Existing Author' already exists
]]></system-out>
  </testcase>
  <testcase name="testUpdateAuthor_OnlyBio_Success" classname="com.davon.library.service.AuthorServiceTest" time="0.001">
    <system-out><![CDATA[Author updated successfully: Test Author
]]></system-out>
  </testcase>
  <testcase name="testSearchAuthorsByName_Success" classname="com.davon.library.service.AuthorServiceTest" time="0.0"/>
  <testcase name="testUpdateAuthor_NotFound_Fails" classname="com.davon.library.service.AuthorServiceTest" time="0.001">
    <system-out><![CDATA[Author not found with ID: 1
]]></system-out>
  </testcase>
  <testcase name="testDeleteAuthor_WithBooks_Fails" classname="com.davon.library.service.AuthorServiceTest" time="0.0">
    <system-out><![CDATA[Cannot delete author: Author has 1 books
]]></system-out>
  </testcase>
  <testcase name="testCreateAuthor_EmptyName_Fails" classname="com.davon.library.service.AuthorServiceTest" time="0.001">
    <system-out><![CDATA[Author name cannot be empty
]]></system-out>
  </testcase>
  <testcase name="testDeleteAuthor_NullBooks_Success" classname="com.davon.library.service.AuthorServiceTest" time="0.0">
    <system-out><![CDATA[Author deleted successfully: Test Author
]]></system-out>
  </testcase>
  <testcase name="testUpdateAuthor_NoChanges_ReturnsFalse" classname="com.davon.library.service.AuthorServiceTest" time="0.0">
    <system-out><![CDATA[No changes made to author
]]></system-out>
  </testcase>
  <testcase name="testAddMultipleBooksToAuthor_Success" classname="com.davon.library.service.AuthorServiceTest" time="0.0">
    <system-out><![CDATA[Book 'Test Book' added to author 'Test Author'
Book 'Second Book' added to author 'Test Author'
]]></system-out>
  </testcase>
  <testcase name="testAddBookToAuthor_Success" classname="com.davon.library.service.AuthorServiceTest" time="0.0">
    <system-out><![CDATA[Book 'Test Book' added to author 'Test Author'
]]></system-out>
  </testcase>
  <testcase name="testDeleteAuthor_NotFound_Fails" classname="com.davon.library.service.AuthorServiceTest" time="0.0">
    <system-out><![CDATA[Author not found with ID: 1
]]></system-out>
  </testcase>
  <testcase name="testGetBooksByAuthor_Success" classname="com.davon.library.service.AuthorServiceTest" time="0.0"/>
  <testcase name="testGetAuthorById_NotFound" classname="com.davon.library.service.AuthorServiceTest" time="0.001"/>
  <testcase name="testAddBookToAuthor_AlreadyAssociated_Fails" classname="com.davon.library.service.AuthorServiceTest" time="0.0">
    <system-out><![CDATA[Book is already associated with this author
]]></system-out>
  </testcase>
  <testcase name="testUpdateAuthor_Success" classname="com.davon.library.service.AuthorServiceTest" time="0.001">
    <system-out><![CDATA[Author updated successfully: Updated Name
]]></system-out>
  </testcase>
  <testcase name="testGetAuthorStatistics_NullBio" classname="com.davon.library.service.AuthorServiceTest" time="0.0">
    <system-out><![CDATA[=== Author Statistics ===
Name: Test Author
Bio: No bio available
Number of Books: 0
========================
]]></system-out>
  </testcase>
  <testcase name="testGetAuthorStatistics_Success" classname="com.davon.library.service.AuthorServiceTest" time="0.0">
    <system-out><![CDATA[=== Author Statistics ===
Name: Test Author
Bio: Test author biography
Number of Books: 1
Books:
  - Test Book (2023)
========================
]]></system-out>
  </testcase>
  <testcase name="testRemoveBookFromAuthor_Success" classname="com.davon.library.service.AuthorServiceTest" time="0.0">
    <system-out><![CDATA[Book 'Test Book' removed from author 'Test Author'
]]></system-out>
  </testcase>
  <testcase name="testGetAuthorStatistics_NullId" classname="com.davon.library.service.AuthorServiceTest" time="0.0">
    <system-out><![CDATA[Author ID cannot be null
]]></system-out>
  </testcase>
  <testcase name="testCreateAuthor_Success" classname="com.davon.library.service.AuthorServiceTest" time="0.001">
    <system-out><![CDATA[Author created successfully: New Author
]]></system-out>
  </testcase>
  <testcase name="testAddBookToAuthor_NullAuthorId_Fails" classname="com.davon.library.service.AuthorServiceTest" time="0.0">
    <system-out><![CDATA[Author ID and Book ID cannot be null
]]></system-out>
  </testcase>
  <testcase name="testAddBookToAuthor_BookNotFound_Fails" classname="com.davon.library.service.AuthorServiceTest" time="0.0">
    <system-out><![CDATA[Book not found with ID: 1
]]></system-out>
  </testcase>
  <testcase name="testSearchAuthorsByName_NullTerm_EmptyList" classname="com.davon.library.service.AuthorServiceTest" time="0.0"/>
  <testcase name="testDeleteAuthor_Success" classname="com.davon.library.service.AuthorServiceTest" time="0.0">
    <system-out><![CDATA[Author deleted successfully: Test Author
]]></system-out>
  </testcase>
  <testcase name="testGetAllAuthors_Success" classname="com.davon.library.service.AuthorServiceTest" time="0.0"/>
</testsuite>